
                            < M A T L A B (R) >
                  Copyright 1984-2014 The MathWorks, Inc.
                    R2014a (8.3.0.532) 64-bit (glnxa64)
                             February 11, 2014

 
To get started, type one of these: helpwin, helpdesk, or demo.
For product information, visit www.mathworks.com.
 
>>  function info = extract_cnn_features(varargin)
 |
{Error: Function definitions are not permitted in this context.
} 
>> >> >> >> >> >> >> >> >> >> >> >> >> >> >> >> >> >> >> >> >> >> >> >> >> >> >> >> >> >> >> >> >> 
net = 

  DagNN with properties:

                 layers: [1x30 struct]
                   vars: [1x31 struct]
                 params: [1x26 struct]
                   meta: [1x1 struct]
                   mode: 'normal'
                 holdOn: 0
    accumulateParamDers: 0
         conserveMemory: 1
        parameterServer: []
                 device: 'cpu'

>> >> >> >> >> >> >> >> >> >> >> >> >> >> >> >> >> >> >> >> >> extracting features from video ... 43/158
features of frame 100/2446
features of frame 200/2446
features of frame 300/2446
features of frame 400/2446
features of frame 500/2446
features of frame 600/2446
features of frame 700/2446
features of frame 800/2446
features of frame 900/2446
features of frame 1000/2446
features of frame 1100/2446
features of frame 1200/2446
features of frame 1300/2446
features of frame 1400/2446
features of frame 1500/2446
features of frame 1600/2446
features of frame 1700/2446
features of frame 1800/2446
features of frame 1900/2446
features of frame 2000/2446
features of frame 2100/2446
features of frame 2200/2446
features of frame 2300/2446
features of frame 2400/2446
extracting features from video ... 44/158
features of frame 100/5053
features of frame 200/5053
features of frame 300/5053
features of frame 400/5053
features of frame 500/5053
features of frame 600/5053
features of frame 700/5053
features of frame 800/5053
features of frame 900/5053
features of frame 1000/5053
features of frame 1100/5053
features of frame 1200/5053
features of frame 1300/5053
features of frame 1400/5053
features of frame 1500/5053
features of frame 1600/5053
features of frame 1700/5053
features of frame 1800/5053
features of frame 1900/5053
features of frame 2000/5053
features of frame 2100/5053
features of frame 2200/5053
features of frame 2300/5053
features of frame 2400/5053
features of frame 2500/5053
features of frame 2600/5053
features of frame 2700/5053
features of frame 2800/5053
features of frame 2900/5053
features of frame 3000/5053
features of frame 3100/5053
features of frame 3200/5053
features of frame 3300/5053
features of frame 3400/5053
features of frame 3500/5053
features of frame 3600/5053
features of frame 3700/5053
features of frame 3800/5053
features of frame 3900/5053
features of frame 4000/5053
features of frame 4100/5053
features of frame 4200/5053
features of frame 4300/5053
features of frame 4400/5053
features of frame 4500/5053
features of frame 4600/5053
features of frame 4700/5053
features of frame 4800/5053
features of frame 4900/5053
features of frame 5000/5053
extracting features from video ... 45/158
features of frame 100/1817
features of frame 200/1817
features of frame 300/1817
features of frame 400/1817
features of frame 500/1817
features of frame 600/1817
features of frame 700/1817
features of frame 800/1817
features of frame 900/1817
features of frame 1000/1817
features of frame 1100/1817
features of frame 1200/1817
features of frame 1300/1817
features of frame 1400/1817
features of frame 1500/1817
features of frame 1600/1817
features of frame 1700/1817
features of frame 1800/1817
extracting features from video ... 46/158
features of frame 100/2714
features of frame 200/2714
features of frame 300/2714
features of frame 400/2714
features of frame 500/2714
features of frame 600/2714
features of frame 700/2714
features of frame 800/2714
features of frame 900/2714
features of frame 1000/2714
features of frame 1100/2714
features of frame 1200/2714
features of frame 1300/2714
features of frame 1400/2714
features of frame 1500/2714
features of frame 1600/2714
features of frame 1700/2714
features of frame 1800/2714
features of frame 1900/2714
features of frame 2000/2714
features of frame 2100/2714
features of frame 2200/2714
features of frame 2300/2714
features of frame 2400/2714
features of frame 2500/2714
features of frame 2600/2714
features of frame 2700/2714
extracting features from video ... 47/158
features of frame 100/1798
features of frame 200/1798
features of frame 300/1798
features of frame 400/1798
features of frame 500/1798
features of frame 600/1798
features of frame 700/1798
features of frame 800/1798
features of frame 900/1798
features of frame 1000/1798
features of frame 1100/1798
features of frame 1200/1798
features of frame 1300/1798
features of frame 1400/1798
features of frame 1500/1798
features of frame 1600/1798
features of frame 1700/1798
extracting features from video ... 48/158
features of frame 100/5112
features of frame 200/5112
features of frame 300/5112
features of frame 400/5112
features of frame 500/5112
features of frame 600/5112
features of frame 700/5112
features of frame 800/5112
features of frame 900/5112
features of frame 1000/5112
features of frame 1100/5112
features of frame 1200/5112
features of frame 1300/5112
features of frame 1400/5112
features of frame 1500/5112
features of frame 1600/5112
features of frame 1700/5112
features of frame 1800/5112
features of frame 1900/5112
features of frame 2000/5112
features of frame 2100/5112
features of frame 2200/5112
features of frame 2300/5112
features of frame 2400/5112
features of frame 2500/5112
features of frame 2600/5112
features of frame 2700/5112
features of frame 2800/5112
features of frame 2900/5112
features of frame 3000/5112
features of frame 3100/5112
features of frame 3200/5112
features of frame 3300/5112
features of frame 3400/5112
features of frame 3500/5112
features of frame 3600/5112
features of frame 3700/5112
features of frame 3800/5112
features of frame 3900/5112
features of frame 4000/5112
features of frame 4100/5112
features of frame 4200/5112
features of frame 4300/5112
features of frame 4400/5112
features of frame 4500/5112
features of frame 4600/5112
features of frame 4700/5112
features of frame 4800/5112
features of frame 4900/5112
features of frame 5000/5112
features of frame 5100/5112
extracting features from video ... 49/158
features of frame 100/3326
features of frame 200/3326
features of frame 300/3326
features of frame 400/3326
features of frame 500/3326
features of frame 600/3326
features of frame 700/3326
features of frame 800/3326
features of frame 900/3326
features of frame 1000/3326
features of frame 1100/3326
features of frame 1200/3326
features of frame 1300/3326
features of frame 1400/3326
features of frame 1500/3326
features of frame 1600/3326
features of frame 1700/3326
features of frame 1800/3326
features of frame 1900/3326
features of frame 2000/3326
features of frame 2100/3326
features of frame 2200/3326
features of frame 2300/3326
features of frame 2400/3326
features of frame 2500/3326
features of frame 2600/3326
features of frame 2700/3326
features of frame 2800/3326
features of frame 2900/3326
features of frame 3000/3326
features of frame 3100/3326
features of frame 3200/3326
features of frame 3300/3326
extracting features from video ... 50/158
features of frame 100/265
features of frame 200/265
extracting features from video ... 51/158
features of frame 100/1323
features of frame 200/1323
features of frame 300/1323
features of frame 400/1323
features of frame 500/1323
features of frame 600/1323
features of frame 700/1323
features of frame 800/1323
features of frame 900/1323
features of frame 1000/1323
features of frame 1100/1323
features of frame 1200/1323
features of frame 1300/1323
extracting features from video ... 52/158
features of frame 100/5667
features of frame 200/5667
features of frame 300/5667
features of frame 400/5667
features of frame 500/5667
features of frame 600/5667
features of frame 700/5667
features of frame 800/5667
features of frame 900/5667
features of frame 1000/5667
features of frame 1100/5667
features of frame 1200/5667
features of frame 1300/5667
features of frame 1400/5667
features of frame 1500/5667
features of frame 1600/5667
features of frame 1700/5667
features of frame 1800/5667
features of frame 1900/5667
features of frame 2000/5667
features of frame 2100/5667
features of frame 2200/5667
features of frame 2300/5667
features of frame 2400/5667
features of frame 2500/5667
features of frame 2600/5667
features of frame 2700/5667
features of frame 2800/5667
features of frame 2900/5667
features of frame 3000/5667
features of frame 3100/5667
features of frame 3200/5667
features of frame 3300/5667
features of frame 3400/5667
features of frame 3500/5667
features of frame 3600/5667
features of frame 3700/5667
features of frame 3800/5667
features of frame 3900/5667
features of frame 4000/5667
features of frame 4100/5667
features of frame 4200/5667
features of frame 4300/5667
features of frame 4400/5667
features of frame 4500/5667
features of frame 4600/5667
features of frame 4700/5667
features of frame 4800/5667
features of frame 4900/5667
features of frame 5000/5667
features of frame 5100/5667
features of frame 5200/5667
features of frame 5300/5667
features of frame 5400/5667
features of frame 5500/5667
features of frame 5600/5667
extracting features from video ... 53/158
features of frame 100/5685
features of frame 200/5685
features of frame 300/5685
features of frame 400/5685
features of frame 500/5685
features of frame 600/5685
features of frame 700/5685
features of frame 800/5685
features of frame 900/5685
features of frame 1000/5685
features of frame 1100/5685
features of frame 1200/5685
features of frame 1300/5685
features of frame 1400/5685
features of frame 1500/5685
features of frame 1600/5685
features of frame 1700/5685
features of frame 1800/5685
features of frame 1900/5685
features of frame 2000/5685
features of frame 2100/5685
features of frame 2200/5685
features of frame 2300/5685
features of frame 2400/5685
features of frame 2500/5685
features of frame 2600/5685
features of frame 2700/5685
features of frame 2800/5685
features of frame 2900/5685
features of frame 3000/5685
features of frame 3100/5685
features of frame 3200/5685
features of frame 3300/5685
features of frame 3400/5685
features of frame 3500/5685
features of frame 3600/5685
features of frame 3700/5685
features of frame 3800/5685
features of frame 3900/5685
features of frame 4000/5685
features of frame 4100/5685
features of frame 4200/5685
features of frame 4300/5685
features of frame 4400/5685
features of frame 4500/5685
features of frame 4600/5685
features of frame 4700/5685
features of frame 4800/5685
features of frame 4900/5685
features of frame 5000/5685
features of frame 5100/5685
features of frame 5200/5685
features of frame 5300/5685
features of frame 5400/5685
features of frame 5500/5685
features of frame 5600/5685
extracting features from video ... 54/158
features of frame 100/8832
features of frame 200/8832
features of frame 300/8832
features of frame 400/8832
features of frame 500/8832
features of frame 600/8832
features of frame 700/8832
features of frame 800/8832
features of frame 900/8832
features of frame 1000/8832
features of frame 1100/8832
features of frame 1200/8832
features of frame 1300/8832
features of frame 1400/8832
features of frame 1500/8832
features of frame 1600/8832
features of frame 1700/8832
features of frame 1800/8832
features of frame 1900/8832
features of frame 2000/8832
features of frame 2100/8832
features of frame 2200/8832
features of frame 2300/8832
features of frame 2400/8832
features of frame 2500/8832
features of frame 2600/8832
features of frame 2700/8832
features of frame 2800/8832
features of frame 2900/8832
features of frame 3000/8832
features of frame 3100/8832
features of frame 3200/8832
features of frame 3300/8832
features of frame 3400/8832
features of frame 3500/8832
features of frame 3600/8832
features of frame 3700/8832
features of frame 3800/8832
features of frame 3900/8832
features of frame 4000/8832
features of frame 4100/8832
features of frame 4200/8832
features of frame 4300/8832
features of frame 4400/8832
features of frame 4500/8832
features of frame 4600/8832
features of frame 4700/8832
features of frame 4800/8832
features of frame 4900/8832
features of frame 5000/8832
features of frame 5100/8832
features of frame 5200/8832
features of frame 5300/8832
features of frame 5400/8832
features of frame 5500/8832
features of frame 5600/8832
features of frame 5700/8832
features of frame 5800/8832
features of frame 5900/8832
features of frame 6000/8832
features of frame 6100/8832
features of frame 6200/8832
features of frame 6300/8832
features of frame 6400/8832
features of frame 6500/8832
features of frame 6600/8832
features of frame 6700/8832
features of frame 6800/8832
features of frame 6900/8832
features of frame 7000/8832
features of frame 7100/8832
features of frame 7200/8832
features of frame 7300/8832
features of frame 7400/8832
features of frame 7500/8832
features of frame 7600/8832
features of frame 7700/8832
features of frame 7800/8832
features of frame 7900/8832
features of frame 8000/8832
features of frame 8100/8832
features of frame 8200/8832
features of frame 8300/8832
features of frame 8400/8832
features of frame 8500/8832
features of frame 8600/8832
features of frame 8700/8832
features of frame 8800/8832
extracting features from video ... 55/158
features of frame 100/16098
features of frame 200/16098
features of frame 300/16098
features of frame 400/16098
features of frame 500/16098
features of frame 600/16098
features of frame 700/16098
features of frame 800/16098
features of frame 900/16098
features of frame 1000/16098
features of frame 1100/16098
features of frame 1200/16098
features of frame 1300/16098
features of frame 1400/16098
features of frame 1500/16098
features of frame 1600/16098
features of frame 1700/16098
features of frame 1800/16098
features of frame 1900/16098
features of frame 2000/16098
features of frame 2100/16098
features of frame 2200/16098
features of frame 2300/16098
features of frame 2400/16098
features of frame 2500/16098
features of frame 2600/16098
features of frame 2700/16098
features of frame 2800/16098
features of frame 2900/16098
features of frame 3000/16098
features of frame 3100/16098
features of frame 3200/16098
features of frame 3300/16098
features of frame 3400/16098
features of frame 3500/16098
features of frame 3600/16098
features of frame 3700/16098
features of frame 3800/16098
features of frame 3900/16098
features of frame 4000/16098
features of frame 4100/16098
features of frame 4200/16098
features of frame 4300/16098
features of frame 4400/16098
features of frame 4500/16098
features of frame 4600/16098
features of frame 4700/16098
features of frame 4800/16098
features of frame 4900/16098
features of frame 5000/16098
features of frame 5100/16098
features of frame 5200/16098
features of frame 5300/16098
features of frame 5400/16098
features of frame 5500/16098
features of frame 5600/16098
features of frame 5700/16098
features of frame 5800/16098
features of frame 5900/16098
features of frame 6000/16098
features of frame 6100/16098
features of frame 6200/16098
features of frame 6300/16098
features of frame 6400/16098
features of frame 6500/16098
features of frame 6600/16098
features of frame 6700/16098
features of frame 6800/16098
features of frame 6900/16098
features of frame 7000/16098
features of frame 7100/16098
features of frame 7200/16098
features of frame 7300/16098
features of frame 7400/16098
features of frame 7500/16098
features of frame 7600/16098
features of frame 7700/16098
features of frame 7800/16098
features of frame 7900/16098
features of frame 8000/16098
features of frame 8100/16098
features of frame 8200/16098
features of frame 8300/16098
features of frame 8400/16098
features of frame 8500/16098
features of frame 8600/16098
features of frame 8700/16098
features of frame 8800/16098
features of frame 8900/16098
features of frame 9000/16098
features of frame 9100/16098
features of frame 9200/16098
features of frame 9300/16098
features of frame 9400/16098
features of frame 9500/16098
features of frame 9600/16098
features of frame 9700/16098
features of frame 9800/16098
features of frame 9900/16098
features of frame 10000/16098
features of frame 10100/16098
features of frame 10200/16098
features of frame 10300/16098
features of frame 10400/16098
features of frame 10500/16098
features of frame 10600/16098
features of frame 10700/16098
features of frame 10800/16098
features of frame 10900/16098
features of frame 11000/16098
features of frame 11100/16098
features of frame 11200/16098
features of frame 11300/16098
features of frame 11400/16098
features of frame 11500/16098
features of frame 11600/16098
features of frame 11700/16098
features of frame 11800/16098
features of frame 11900/16098
features of frame 12000/16098
features of frame 12100/16098
features of frame 12200/16098
features of frame 12300/16098
features of frame 12400/16098
features of frame 12500/16098
features of frame 12600/16098
features of frame 12700/16098
features of frame 12800/16098
features of frame 12900/16098
features of frame 13000/16098
features of frame 13100/16098
features of frame 13200/16098
features of frame 13300/16098
features of frame 13400/16098
features of frame 13500/16098
features of frame 13600/16098
features of frame 13700/16098
features of frame 13800/16098
features of frame 13900/16098
features of frame 14000/16098
features of frame 14100/16098
features of frame 14200/16098
features of frame 14300/16098
features of frame 14400/16098
features of frame 14500/16098
features of frame 14600/16098
features of frame 14700/16098
features of frame 14800/16098
features of frame 14900/16098
features of frame 15000/16098
features of frame 15100/16098
features of frame 15200/16098
features of frame 15300/16098
features of frame 15400/16098
features of frame 15500/16098
features of frame 15600/16098
features of frame 15700/16098
features of frame 15800/16098
features of frame 15900/16098
features of frame 16000/16098
extracting features from video ... 56/158
features of frame 100/5372
features of frame 200/5372
features of frame 300/5372
features of frame 400/5372
features of frame 500/5372
features of frame 600/5372
features of frame 700/5372
features of frame 800/5372
features of frame 900/5372
features of frame 1000/5372
features of frame 1100/5372
features of frame 1200/5372
features of frame 1300/5372
features of frame 1400/5372
features of frame 1500/5372
features of frame 1600/5372
features of frame 1700/5372
features of frame 1800/5372
features of frame 1900/5372
features of frame 2000/5372
features of frame 2100/5372
features of frame 2200/5372
features of frame 2300/5372
features of frame 2400/5372
features of frame 2500/5372
features of frame 2600/5372
features of frame 2700/5372
features of frame 2800/5372
features of frame 2900/5372
features of frame 3000/5372
features of frame 3100/5372
features of frame 3200/5372
features of frame 3300/5372
features of frame 3400/5372
features of frame 3500/5372
features of frame 3600/5372
features of frame 3700/5372
features of frame 3800/5372
features of frame 3900/5372
features of frame 4000/5372
features of frame 4100/5372
features of frame 4200/5372
features of frame 4300/5372
features of frame 4400/5372
features of frame 4500/5372
features of frame 4600/5372
features of frame 4700/5372
features of frame 4800/5372
features of frame 4900/5372
features of frame 5000/5372
features of frame 5100/5372
features of frame 5200/5372
features of frame 5300/5372
extracting features from video ... 57/158
features of frame 100/5506
features of frame 200/5506
features of frame 300/5506
features of frame 400/5506
features of frame 500/5506
features of frame 600/5506
features of frame 700/5506
features of frame 800/5506
features of frame 900/5506
features of frame 1000/5506
features of frame 1100/5506
features of frame 1200/5506
features of frame 1300/5506
features of frame 1400/5506
features of frame 1500/5506
features of frame 1600/5506
features of frame 1700/5506
features of frame 1800/5506
features of frame 1900/5506
features of frame 2000/5506
features of frame 2100/5506
features of frame 2200/5506
features of frame 2300/5506
features of frame 2400/5506
features of frame 2500/5506
features of frame 2600/5506
features of frame 2700/5506
features of frame 2800/5506
features of frame 2900/5506
features of frame 3000/5506
features of frame 3100/5506
features of frame 3200/5506
features of frame 3300/5506
features of frame 3400/5506
features of frame 3500/5506
features of frame 3600/5506
features of frame 3700/5506
features of frame 3800/5506
features of frame 3900/5506
features of frame 4000/5506
features of frame 4100/5506
features of frame 4200/5506
features of frame 4300/5506
features of frame 4400/5506
features of frame 4500/5506
features of frame 4600/5506
features of frame 4700/5506
features of frame 4800/5506
features of frame 4900/5506
features of frame 5000/5506
features of frame 5100/5506
features of frame 5200/5506
features of frame 5300/5506
features of frame 5400/5506
features of frame 5500/5506
extracting features from video ... 58/158
features of frame 100/4478
features of frame 200/4478
features of frame 300/4478
features of frame 400/4478
features of frame 500/4478
features of frame 600/4478
features of frame 700/4478
features of frame 800/4478
features of frame 900/4478
features of frame 1000/4478
features of frame 1100/4478
features of frame 1200/4478
features of frame 1300/4478
features of frame 1400/4478
features of frame 1500/4478
features of frame 1600/4478
features of frame 1700/4478
features of frame 1800/4478
features of frame 1900/4478
features of frame 2000/4478
features of frame 2100/4478
features of frame 2200/4478
features of frame 2300/4478
features of frame 2400/4478
features of frame 2500/4478
features of frame 2600/4478
features of frame 2700/4478
features of frame 2800/4478
features of frame 2900/4478
features of frame 3000/4478
features of frame 3100/4478
features of frame 3200/4478
features of frame 3300/4478
features of frame 3400/4478
features of frame 3500/4478
features of frame 3600/4478
features of frame 3700/4478
features of frame 3800/4478
features of frame 3900/4478
features of frame 4000/4478
features of frame 4100/4478
features of frame 4200/4478
features of frame 4300/4478
features of frame 4400/4478
extracting features from video ... 59/158
features of frame 100/17264
features of frame 200/17264
features of frame 300/17264
features of frame 400/17264
features of frame 500/17264
features of frame 600/17264
features of frame 700/17264
features of frame 800/17264
features of frame 900/17264
features of frame 1000/17264
features of frame 1100/17264
features of frame 1200/17264
features of frame 1300/17264
features of frame 1400/17264
features of frame 1500/17264
features of frame 1600/17264
features of frame 1700/17264
features of frame 1800/17264
features of frame 1900/17264
features of frame 2000/17264
features of frame 2100/17264
features of frame 2200/17264
features of frame 2300/17264
features of frame 2400/17264
features of frame 2500/17264
features of frame 2600/17264
features of frame 2700/17264
features of frame 2800/17264
features of frame 2900/17264
features of frame 3000/17264
features of frame 3100/17264
features of frame 3200/17264
features of frame 3300/17264
features of frame 3400/17264
features of frame 3500/17264
features of frame 3600/17264
features of frame 3700/17264
features of frame 3800/17264
features of frame 3900/17264
features of frame 4000/17264
features of frame 4100/17264
features of frame 4200/17264
features of frame 4300/17264
features of frame 4400/17264
features of frame 4500/17264
features of frame 4600/17264
features of frame 4700/17264
features of frame 4800/17264
features of frame 4900/17264
features of frame 5000/17264
features of frame 5100/17264
features of frame 5200/17264
features of frame 5300/17264
features of frame 5400/17264
features of frame 5500/17264
features of frame 5600/17264
features of frame 5700/17264
features of frame 5800/17264
features of frame 5900/17264
features of frame 6000/17264
features of frame 6100/17264
features of frame 6200/17264
features of frame 6300/17264
features of frame 6400/17264
features of frame 6500/17264
features of frame 6600/17264
features of frame 6700/17264
features of frame 6800/17264
features of frame 6900/17264
features of frame 7000/17264
features of frame 7100/17264
features of frame 7200/17264
features of frame 7300/17264
features of frame 7400/17264
features of frame 7500/17264
features of frame 7600/17264
features of frame 7700/17264
features of frame 7800/17264
features of frame 7900/17264
features of frame 8000/17264
features of frame 8100/17264
features of frame 8200/17264
features of frame 8300/17264
features of frame 8400/17264
features of frame 8500/17264
features of frame 8600/17264
features of frame 8700/17264
features of frame 8800/17264
features of frame 8900/17264
features of frame 9000/17264
features of frame 9100/17264
features of frame 9200/17264
features of frame 9300/17264
features of frame 9400/17264
features of frame 9500/17264
features of frame 9600/17264
features of frame 9700/17264
features of frame 9800/17264
features of frame 9900/17264
features of frame 10000/17264
features of frame 10100/17264
features of frame 10200/17264
features of frame 10300/17264
features of frame 10400/17264
features of frame 10500/17264
features of frame 10600/17264
features of frame 10700/17264
features of frame 10800/17264
features of frame 10900/17264
features of frame 11000/17264
features of frame 11100/17264
features of frame 11200/17264
features of frame 11300/17264
features of frame 11400/17264
features of frame 11500/17264
features of frame 11600/17264
features of frame 11700/17264
features of frame 11800/17264
features of frame 11900/17264
features of frame 12000/17264
features of frame 12100/17264
features of frame 12200/17264
features of frame 12300/17264
features of frame 12400/17264
features of frame 12500/17264
features of frame 12600/17264
features of frame 12700/17264
features of frame 12800/17264
features of frame 12900/17264
features of frame 13000/17264
features of frame 13100/17264
features of frame 13200/17264
features of frame 13300/17264
features of frame 13400/17264
features of frame 13500/17264
features of frame 13600/17264
features of frame 13700/17264
features of frame 13800/17264
features of frame 13900/17264
features of frame 14000/17264
features of frame 14100/17264
features of frame 14200/17264
features of frame 14300/17264
features of frame 14400/17264
features of frame 14500/17264
features of frame 14600/17264
features of frame 14700/17264
features of frame 14800/17264
features of frame 14900/17264
features of frame 15000/17264
features of frame 15100/17264
features of frame 15200/17264
features of frame 15300/17264
features of frame 15400/17264
features of frame 15500/17264
features of frame 15600/17264
features of frame 15700/17264
features of frame 15800/17264
features of frame 15900/17264
features of frame 16000/17264
features of frame 16100/17264
features of frame 16200/17264
features of frame 16300/17264
features of frame 16400/17264
features of frame 16500/17264
features of frame 16600/17264
features of frame 16700/17264
features of frame 16800/17264
features of frame 16900/17264
features of frame 17000/17264
features of frame 17100/17264
features of frame 17200/17264
extracting features from video ... 60/158
features of frame 100/4184
features of frame 200/4184
features of frame 300/4184
features of frame 400/4184
features of frame 500/4184
features of frame 600/4184
features of frame 700/4184
features of frame 800/4184
features of frame 900/4184
features of frame 1000/4184
features of frame 1100/4184
features of frame 1200/4184
features of frame 1300/4184
features of frame 1400/4184
features of frame 1500/4184
features of frame 1600/4184
features of frame 1700/4184
features of frame 1800/4184
features of frame 1900/4184
features of frame 2000/4184
features of frame 2100/4184
features of frame 2200/4184
features of frame 2300/4184
features of frame 2400/4184
features of frame 2500/4184
features of frame 2600/4184
features of frame 2700/4184
features of frame 2800/4184
features of frame 2900/4184
features of frame 3000/4184
features of frame 3100/4184
features of frame 3200/4184
features of frame 3300/4184
features of frame 3400/4184
features of frame 3500/4184
features of frame 3600/4184
features of frame 3700/4184
features of frame 3800/4184
features of frame 3900/4184
features of frame 4000/4184
features of frame 4100/4184
extracting features from video ... 61/158
features of frame 100/698
features of frame 200/698
features of frame 300/698
features of frame 400/698
features of frame 500/698
features of frame 600/698
extracting features from video ... 62/158
features of frame 100/976
features of frame 200/976
features of frame 300/976
features of frame 400/976
features of frame 500/976
features of frame 600/976
features of frame 700/976
features of frame 800/976
features of frame 900/976
extracting features from video ... 63/158
features of frame 100/1422
features of frame 200/1422
features of frame 300/1422
features of frame 400/1422
features of frame 500/1422
features of frame 600/1422
features of frame 700/1422
features of frame 800/1422
features of frame 900/1422
features of frame 1000/1422
features of frame 1100/1422
features of frame 1200/1422
features of frame 1300/1422
features of frame 1400/1422
extracting features from video ... 64/158
features of frame 100/8510
features of frame 200/8510
features of frame 300/8510
features of frame 400/8510
features of frame 500/8510
features of frame 600/8510
features of frame 700/8510
features of frame 800/8510
features of frame 900/8510
features of frame 1000/8510
features of frame 1100/8510
features of frame 1200/8510
features of frame 1300/8510
features of frame 1400/8510
features of frame 1500/8510
features of frame 1600/8510
features of frame 1700/8510
features of frame 1800/8510
features of frame 1900/8510
features of frame 2000/8510
features of frame 2100/8510
features of frame 2200/8510
features of frame 2300/8510
features of frame 2400/8510
features of frame 2500/8510
features of frame 2600/8510
features of frame 2700/8510
features of frame 2800/8510
features of frame 2900/8510
features of frame 3000/8510
features of frame 3100/8510
features of frame 3200/8510
features of frame 3300/8510
features of frame 3400/8510
features of frame 3500/8510
features of frame 3600/8510
features of frame 3700/8510
features of frame 3800/8510
features of frame 3900/8510
features of frame 4000/8510
features of frame 4100/8510
features of frame 4200/8510
features of frame 4300/8510
features of frame 4400/8510
features of frame 4500/8510
features of frame 4600/8510
features of frame 4700/8510
features of frame 4800/8510
features of frame 4900/8510
features of frame 5000/8510
features of frame 5100/8510
features of frame 5200/8510
features of frame 5300/8510
features of frame 5400/8510
features of frame 5500/8510
features of frame 5600/8510
features of frame 5700/8510
features of frame 5800/8510
features of frame 5900/8510
features of frame 6000/8510
features of frame 6100/8510
features of frame 6200/8510
features of frame 6300/8510
features of frame 6400/8510
features of frame 6500/8510
features of frame 6600/8510
features of frame 6700/8510
features of frame 6800/8510
features of frame 6900/8510
features of frame 7000/8510
features of frame 7100/8510
features of frame 7200/8510
features of frame 7300/8510
features of frame 7400/8510
features of frame 7500/8510
features of frame 7600/8510
features of frame 7700/8510
features of frame 7800/8510
features of frame 7900/8510
features of frame 8000/8510
features of frame 8100/8510
features of frame 8200/8510
features of frame 8300/8510
features of frame 8400/8510
features of frame 8500/8510
extracting features from video ... 65/158
features of frame 100/1545
features of frame 200/1545
features of frame 300/1545
features of frame 400/1545
features of frame 500/1545
features of frame 600/1545
features of frame 700/1545
features of frame 800/1545
features of frame 900/1545
features of frame 1000/1545
features of frame 1100/1545
features of frame 1200/1545
features of frame 1300/1545
features of frame 1400/1545
features of frame 1500/1545
extracting features from video ... 66/158
features of frame 100/5144
features of frame 200/5144
features of frame 300/5144
features of frame 400/5144
features of frame 500/5144
features of frame 600/5144
features of frame 700/5144
features of frame 800/5144
features of frame 900/5144
features of frame 1000/5144
features of frame 1100/5144
features of frame 1200/5144
features of frame 1300/5144
features of frame 1400/5144
features of frame 1500/5144
features of frame 1600/5144
features of frame 1700/5144
features of frame 1800/5144
features of frame 1900/5144
features of frame 2000/5144
features of frame 2100/5144
features of frame 2200/5144
features of frame 2300/5144
features of frame 2400/5144
features of frame 2500/5144
features of frame 2600/5144
features of frame 2700/5144
features of frame 2800/5144
features of frame 2900/5144
features of frame 3000/5144
features of frame 3100/5144
features of frame 3200/5144
features of frame 3300/5144
features of frame 3400/5144
features of frame 3500/5144
features of frame 3600/5144
features of frame 3700/5144
features of frame 3800/5144
features of frame 3900/5144
features of frame 4000/5144
features of frame 4100/5144
features of frame 4200/5144
features of frame 4300/5144
features of frame 4400/5144
features of frame 4500/5144
features of frame 4600/5144
features of frame 4700/5144
features of frame 4800/5144
features of frame 4900/5144
features of frame 5000/5144
features of frame 5100/5144
extracting features from video ... 67/158
features of frame 100/11450
features of frame 200/11450
features of frame 300/11450
features of frame 400/11450
features of frame 500/11450
features of frame 600/11450
features of frame 700/11450
features of frame 800/11450
features of frame 900/11450
features of frame 1000/11450
features of frame 1100/11450
features of frame 1200/11450
features of frame 1300/11450
features of frame 1400/11450
features of frame 1500/11450
features of frame 1600/11450
features of frame 1700/11450
features of frame 1800/11450
features of frame 1900/11450
features of frame 2000/11450
features of frame 2100/11450
features of frame 2200/11450
features of frame 2300/11450
features of frame 2400/11450
features of frame 2500/11450
features of frame 2600/11450
features of frame 2700/11450
features of frame 2800/11450
features of frame 2900/11450
features of frame 3000/11450
features of frame 3100/11450
features of frame 3200/11450
features of frame 3300/11450
features of frame 3400/11450
features of frame 3500/11450
features of frame 3600/11450
features of frame 3700/11450
features of frame 3800/11450
features of frame 3900/11450
features of frame 4000/11450
features of frame 4100/11450
features of frame 4200/11450
features of frame 4300/11450
features of frame 4400/11450
features of frame 4500/11450
features of frame 4600/11450
features of frame 4700/11450
features of frame 4800/11450
features of frame 4900/11450
features of frame 5000/11450
features of frame 5100/11450
features of frame 5200/11450
features of frame 5300/11450
features of frame 5400/11450
features of frame 5500/11450
features of frame 5600/11450
features of frame 5700/11450
features of frame 5800/11450
features of frame 5900/11450
features of frame 6000/11450
features of frame 6100/11450
features of frame 6200/11450
features of frame 6300/11450
features of frame 6400/11450
features of frame 6500/11450
features of frame 6600/11450
features of frame 6700/11450
features of frame 6800/11450
features of frame 6900/11450
features of frame 7000/11450
features of frame 7100/11450
features of frame 7200/11450
features of frame 7300/11450
features of frame 7400/11450
features of frame 7500/11450
features of frame 7600/11450
features of frame 7700/11450
features of frame 7800/11450
features of frame 7900/11450
features of frame 8000/11450
features of frame 8100/11450
features of frame 8200/11450
features of frame 8300/11450
features of frame 8400/11450
features of frame 8500/11450
features of frame 8600/11450
features of frame 8700/11450
features of frame 8800/11450
features of frame 8900/11450
features of frame 9000/11450
features of frame 9100/11450
features of frame 9200/11450
features of frame 9300/11450
features of frame 9400/11450
features of frame 9500/11450
features of frame 9600/11450
features of frame 9700/11450
features of frame 9800/11450
features of frame 9900/11450
features of frame 10000/11450
features of frame 10100/11450
features of frame 10200/11450
features of frame 10300/11450
features of frame 10400/11450
features of frame 10500/11450
features of frame 10600/11450
features of frame 10700/11450
features of frame 10800/11450
features of frame 10900/11450
features of frame 11000/11450
features of frame 11100/11450
features of frame 11200/11450
features of frame 11300/11450
features of frame 11400/11450
extracting features from video ... 68/158
features of frame 100/9188
features of frame 200/9188
features of frame 300/9188
features of frame 400/9188
features of frame 500/9188
features of frame 600/9188
features of frame 700/9188
features of frame 800/9188
features of frame 900/9188
features of frame 1000/9188
features of frame 1100/9188
features of frame 1200/9188
features of frame 1300/9188
features of frame 1400/9188
features of frame 1500/9188
features of frame 1600/9188
features of frame 1700/9188
features of frame 1800/9188
features of frame 1900/9188
features of frame 2000/9188
features of frame 2100/9188
features of frame 2200/9188
features of frame 2300/9188
features of frame 2400/9188
features of frame 2500/9188
features of frame 2600/9188
features of frame 2700/9188
features of frame 2800/9188
features of frame 2900/9188
features of frame 3000/9188
features of frame 3100/9188
features of frame 3200/9188
features of frame 3300/9188
features of frame 3400/9188
features of frame 3500/9188
features of frame 3600/9188
features of frame 3700/9188
features of frame 3800/9188
features of frame 3900/9188
features of frame 4000/9188
features of frame 4100/9188
features of frame 4200/9188
features of frame 4300/9188
features of frame 4400/9188
features of frame 4500/9188
features of frame 4600/9188
features of frame 4700/9188
features of frame 4800/9188
features of frame 4900/9188
features of frame 5000/9188
features of frame 5100/9188
features of frame 5200/9188
features of frame 5300/9188
features of frame 5400/9188
features of frame 5500/9188
features of frame 5600/9188
features of frame 5700/9188
features of frame 5800/9188
features of frame 5900/9188
features of frame 6000/9188
features of frame 6100/9188
features of frame 6200/9188
features of frame 6300/9188
features of frame 6400/9188
features of frame 6500/9188
features of frame 6600/9188
features of frame 6700/9188
features of frame 6800/9188
features of frame 6900/9188
features of frame 7000/9188
features of frame 7100/9188
features of frame 7200/9188
features of frame 7300/9188
features of frame 7400/9188
features of frame 7500/9188
features of frame 7600/9188
features of frame 7700/9188
features of frame 7800/9188
features of frame 7900/9188
features of frame 8000/9188
features of frame 8100/9188
features of frame 8200/9188
features of frame 8300/9188
features of frame 8400/9188
features of frame 8500/9188
features of frame 8600/9188
features of frame 8700/9188
features of frame 8800/9188
features of frame 8900/9188
features of frame 9000/9188
features of frame 9100/9188
extracting features from video ... 69/158
features of frame 100/656
features of frame 200/656
features of frame 300/656
features of frame 400/656
features of frame 500/656
features of frame 600/656
extracting features from video ... 70/158
features of frame 100/2028
features of frame 200/2028
features of frame 300/2028
features of frame 400/2028
features of frame 500/2028
features of frame 600/2028
features of frame 700/2028
features of frame 800/2028
features of frame 900/2028
features of frame 1000/2028
features of frame 1100/2028
features of frame 1200/2028
features of frame 1300/2028
features of frame 1400/2028
features of frame 1500/2028
features of frame 1600/2028
features of frame 1700/2028
features of frame 1800/2028
features of frame 1900/2028
features of frame 2000/2028
extracting features from video ... 71/158
features of frame 100/6833
features of frame 200/6833
features of frame 300/6833
features of frame 400/6833
features of frame 500/6833
features of frame 600/6833
features of frame 700/6833
features of frame 800/6833
features of frame 900/6833
features of frame 1000/6833
features of frame 1100/6833
features of frame 1200/6833
features of frame 1300/6833
features of frame 1400/6833
features of frame 1500/6833
features of frame 1600/6833
features of frame 1700/6833
features of frame 1800/6833
features of frame 1900/6833
features of frame 2000/6833
features of frame 2100/6833
features of frame 2200/6833
features of frame 2300/6833
features of frame 2400/6833
features of frame 2500/6833
features of frame 2600/6833
features of frame 2700/6833
features of frame 2800/6833
features of frame 2900/6833
features of frame 3000/6833
features of frame 3100/6833
features of frame 3200/6833
features of frame 3300/6833
features of frame 3400/6833
features of frame 3500/6833
features of frame 3600/6833
features of frame 3700/6833
features of frame 3800/6833
features of frame 3900/6833
features of frame 4000/6833
features of frame 4100/6833
features of frame 4200/6833
features of frame 4300/6833
features of frame 4400/6833
features of frame 4500/6833
features of frame 4600/6833
features of frame 4700/6833
features of frame 4800/6833
features of frame 4900/6833
features of frame 5000/6833
features of frame 5100/6833
features of frame 5200/6833
features of frame 5300/6833
features of frame 5400/6833
features of frame 5500/6833
features of frame 5600/6833
features of frame 5700/6833
features of frame 5800/6833
features of frame 5900/6833
features of frame 6000/6833
features of frame 6100/6833
features of frame 6200/6833
features of frame 6300/6833
features of frame 6400/6833
features of frame 6500/6833
features of frame 6600/6833
features of frame 6700/6833
features of frame 6800/6833
extracting features from video ... 72/158
features of frame 100/1152
features of frame 200/1152
features of frame 300/1152
features of frame 400/1152
features of frame 500/1152
features of frame 600/1152
features of frame 700/1152
features of frame 800/1152
features of frame 900/1152
features of frame 1000/1152
features of frame 1100/1152
extracting features from video ... 73/158
features of frame 100/1850
features of frame 200/1850
features of frame 300/1850
features of frame 400/1850
features of frame 500/1850
features of frame 600/1850
features of frame 700/1850
features of frame 800/1850
features of frame 900/1850
features of frame 1000/1850
features of frame 1100/1850
features of frame 1200/1850
features of frame 1300/1850
features of frame 1400/1850
features of frame 1500/1850
features of frame 1600/1850
features of frame 1700/1850
features of frame 1800/1850
extracting features from video ... 74/158
features of frame 100/2038
features of frame 200/2038
features of frame 300/2038
features of frame 400/2038
features of frame 500/2038
features of frame 600/2038
features of frame 700/2038
features of frame 800/2038
features of frame 900/2038
features of frame 1000/2038
features of frame 1100/2038
features of frame 1200/2038
features of frame 1300/2038
features of frame 1400/2038
features of frame 1500/2038
features of frame 1600/2038
features of frame 1700/2038
features of frame 1800/2038
features of frame 1900/2038
features of frame 2000/2038
extracting features from video ... 75/158
features of frame 100/3899
features of frame 200/3899
features of frame 300/3899
features of frame 400/3899
features of frame 500/3899
features of frame 600/3899
features of frame 700/3899
features of frame 800/3899
features of frame 900/3899
features of frame 1000/3899
features of frame 1100/3899
features of frame 1200/3899
features of frame 1300/3899
features of frame 1400/3899
features of frame 1500/3899
features of frame 1600/3899
features of frame 1700/3899
features of frame 1800/3899
features of frame 1900/3899
features of frame 2000/3899
features of frame 2100/3899
features of frame 2200/3899
features of frame 2300/3899
features of frame 2400/3899
features of frame 2500/3899
features of frame 2600/3899
features of frame 2700/3899
features of frame 2800/3899
features of frame 2900/3899
features of frame 3000/3899
features of frame 3100/3899
features of frame 3200/3899
features of frame 3300/3899
features of frame 3400/3899
features of frame 3500/3899
features of frame 3600/3899
features of frame 3700/3899
features of frame 3800/3899
extracting features from video ... 76/158
features of frame 100/6562
features of frame 200/6562
features of frame 300/6562
features of frame 400/6562
features of frame 500/6562
features of frame 600/6562
features of frame 700/6562
features of frame 800/6562
features of frame 900/6562
features of frame 1000/6562
features of frame 1100/6562
features of frame 1200/6562
features of frame 1300/6562
features of frame 1400/6562
features of frame 1500/6562
features of frame 1600/6562
features of frame 1700/6562
features of frame 1800/6562
features of frame 1900/6562
features of frame 2000/6562
features of frame 2100/6562
features of frame 2200/6562
features of frame 2300/6562
features of frame 2400/6562
features of frame 2500/6562
features of frame 2600/6562
features of frame 2700/6562
features of frame 2800/6562
features of frame 2900/6562
features of frame 3000/6562
features of frame 3100/6562
features of frame 3200/6562
features of frame 3300/6562
features of frame 3400/6562
features of frame 3500/6562
features of frame 3600/6562
features of frame 3700/6562
features of frame 3800/6562
features of frame 3900/6562
features of frame 4000/6562
features of frame 4100/6562
features of frame 4200/6562
features of frame 4300/6562
features of frame 4400/6562
features of frame 4500/6562
features of frame 4600/6562
features of frame 4700/6562
features of frame 4800/6562
features of frame 4900/6562
features of frame 5000/6562
features of frame 5100/6562
features of frame 5200/6562
features of frame 5300/6562
features of frame 5400/6562
features of frame 5500/6562
features of frame 5600/6562
features of frame 5700/6562
features of frame 5800/6562
features of frame 5900/6562
features of frame 6000/6562
features of frame 6100/6562
features of frame 6200/6562
features of frame 6300/6562
features of frame 6400/6562
features of frame 6500/6562
extracting features from video ... 77/158
features of frame 100/3872
features of frame 200/3872
features of frame 300/3872
features of frame 400/3872
features of frame 500/3872
features of frame 600/3872
features of frame 700/3872
features of frame 800/3872
features of frame 900/3872
features of frame 1000/3872
features of frame 1100/3872
features of frame 1200/3872
features of frame 1300/3872
features of frame 1400/3872
features of frame 1500/3872
features of frame 1600/3872
features of frame 1700/3872
features of frame 1800/3872
features of frame 1900/3872
features of frame 2000/3872
features of frame 2100/3872
features of frame 2200/3872
features of frame 2300/3872
features of frame 2400/3872
features of frame 2500/3872
features of frame 2600/3872
features of frame 2700/3872
features of frame 2800/3872
features of frame 2900/3872
features of frame 3000/3872
features of frame 3100/3872
features of frame 3200/3872
features of frame 3300/3872
features of frame 3400/3872
features of frame 3500/3872
features of frame 3600/3872
features of frame 3700/3872
features of frame 3800/3872
extracting features from video ... 78/158
features of frame 100/3356
features of frame 200/3356
features of frame 300/3356
features of frame 400/3356
features of frame 500/3356
features of frame 600/3356
features of frame 700/3356
features of frame 800/3356
features of frame 900/3356
features of frame 1000/3356
features of frame 1100/3356
features of frame 1200/3356
features of frame 1300/3356
features of frame 1400/3356
features of frame 1500/3356
features of frame 1600/3356
features of frame 1700/3356
features of frame 1800/3356
features of frame 1900/3356
features of frame 2000/3356
features of frame 2100/3356
features of frame 2200/3356
features of frame 2300/3356
features of frame 2400/3356
features of frame 2500/3356
features of frame 2600/3356
features of frame 2700/3356
features of frame 2800/3356
features of frame 2900/3356
features of frame 3000/3356
features of frame 3100/3356
features of frame 3200/3356
features of frame 3300/3356
extracting features from video ... 79/158
features of frame 100/3942
features of frame 200/3942
features of frame 300/3942
features of frame 400/3942
features of frame 500/3942
features of frame 600/3942
features of frame 700/3942
features of frame 800/3942
features of frame 900/3942
features of frame 1000/3942
features of frame 1100/3942
features of frame 1200/3942
features of frame 1300/3942
features of frame 1400/3942
features of frame 1500/3942
features of frame 1600/3942
features of frame 1700/3942
features of frame 1800/3942
features of frame 1900/3942
features of frame 2000/3942
features of frame 2100/3942
features of frame 2200/3942
features of frame 2300/3942
features of frame 2400/3942
features of frame 2500/3942
features of frame 2600/3942
features of frame 2700/3942
features of frame 2800/3942
features of frame 2900/3942
features of frame 3000/3942
features of frame 3100/3942
features of frame 3200/3942
features of frame 3300/3942
features of frame 3400/3942
features of frame 3500/3942
features of frame 3600/3942
features of frame 3700/3942
features of frame 3800/3942
features of frame 3900/3942
extracting features from video ... 80/158
features of frame 100/2001
features of frame 200/2001
features of frame 300/2001
features of frame 400/2001
features of frame 500/2001
features of frame 600/2001
features of frame 700/2001
features of frame 800/2001
features of frame 900/2001
features of frame 1000/2001
features of frame 1100/2001
features of frame 1200/2001
features of frame 1300/2001
features of frame 1400/2001
features of frame 1500/2001
features of frame 1600/2001
features of frame 1700/2001
features of frame 1800/2001
features of frame 1900/2001
features of frame 2000/2001
extracting features from video ... 81/158
features of frame 100/17475
features of frame 200/17475
features of frame 300/17475
features of frame 400/17475
features of frame 500/17475
features of frame 600/17475
features of frame 700/17475
features of frame 800/17475
features of frame 900/17475
features of frame 1000/17475
features of frame 1100/17475
features of frame 1200/17475
features of frame 1300/17475
features of frame 1400/17475
features of frame 1500/17475
features of frame 1600/17475
features of frame 1700/17475
features of frame 1800/17475
features of frame 1900/17475
features of frame 2000/17475
features of frame 2100/17475
features of frame 2200/17475
features of frame 2300/17475
features of frame 2400/17475
features of frame 2500/17475
features of frame 2600/17475
features of frame 2700/17475
features of frame 2800/17475
features of frame 2900/17475
features of frame 3000/17475
features of frame 3100/17475
features of frame 3200/17475
features of frame 3300/17475
features of frame 3400/17475
features of frame 3500/17475
features of frame 3600/17475
features of frame 3700/17475
features of frame 3800/17475
features of frame 3900/17475
features of frame 4000/17475
features of frame 4100/17475
features of frame 4200/17475
features of frame 4300/17475
features of frame 4400/17475
features of frame 4500/17475
features of frame 4600/17475
features of frame 4700/17475
features of frame 4800/17475
features of frame 4900/17475
features of frame 5000/17475
features of frame 5100/17475
features of frame 5200/17475
features of frame 5300/17475
features of frame 5400/17475
features of frame 5500/17475
features of frame 5600/17475
features of frame 5700/17475
features of frame 5800/17475
features of frame 5900/17475
features of frame 6000/17475
features of frame 6100/17475
features of frame 6200/17475
features of frame 6300/17475
features of frame 6400/17475
features of frame 6500/17475
features of frame 6600/17475
features of frame 6700/17475
features of frame 6800/17475
features of frame 6900/17475
features of frame 7000/17475
features of frame 7100/17475
features of frame 7200/17475
features of frame 7300/17475
features of frame 7400/17475
features of frame 7500/17475
features of frame 7600/17475
features of frame 7700/17475
features of frame 7800/17475
features of frame 7900/17475
features of frame 8000/17475
features of frame 8100/17475
features of frame 8200/17475
features of frame 8300/17475
features of frame 8400/17475
features of frame 8500/17475
features of frame 8600/17475
features of frame 8700/17475
features of frame 8800/17475
features of frame 8900/17475
features of frame 9000/17475
features of frame 9100/17475
features of frame 9200/17475
features of frame 9300/17475
features of frame 9400/17475
features of frame 9500/17475
features of frame 9600/17475
features of frame 9700/17475
features of frame 9800/17475
features of frame 9900/17475
features of frame 10000/17475
features of frame 10100/17475
features of frame 10200/17475
features of frame 10300/17475
features of frame 10400/17475
features of frame 10500/17475
features of frame 10600/17475
features of frame 10700/17475
features of frame 10800/17475
features of frame 10900/17475
features of frame 11000/17475
features of frame 11100/17475
features of frame 11200/17475
features of frame 11300/17475
features of frame 11400/17475
features of frame 11500/17475
features of frame 11600/17475
features of frame 11700/17475
features of frame 11800/17475
features of frame 11900/17475
features of frame 12000/17475
features of frame 12100/17475
features of frame 12200/17475
features of frame 12300/17475
features of frame 12400/17475
features of frame 12500/17475
features of frame 12600/17475
features of frame 12700/17475
features of frame 12800/17475
features of frame 12900/17475
features of frame 13000/17475
features of frame 13100/17475
features of frame 13200/17475
features of frame 13300/17475
features of frame 13400/17475
features of frame 13500/17475
features of frame 13600/17475
features of frame 13700/17475
features of frame 13800/17475
features of frame 13900/17475
features of frame 14000/17475
features of frame 14100/17475
features of frame 14200/17475
features of frame 14300/17475
features of frame 14400/17475
features of frame 14500/17475
features of frame 14600/17475
features of frame 14700/17475
features of frame 14800/17475
features of frame 14900/17475
features of frame 15000/17475
features of frame 15100/17475
features of frame 15200/17475
features of frame 15300/17475
features of frame 15400/17475
features of frame 15500/17475
features of frame 15600/17475
features of frame 15700/17475
features of frame 15800/17475
features of frame 15900/17475
features of frame 16000/17475
features of frame 16100/17475
features of frame 16200/17475
features of frame 16300/17475
features of frame 16400/17475
features of frame 16500/17475
features of frame 16600/17475
features of frame 16700/17475
features of frame 16800/17475
features of frame 16900/17475
features of frame 17000/17475
features of frame 17100/17475
features of frame 17200/17475
features of frame 17300/17475
features of frame 17400/17475
extracting features from video ... 82/158
features of frame 100/2383
features of frame 200/2383
features of frame 300/2383
features of frame 400/2383
features of frame 500/2383
features of frame 600/2383
features of frame 700/2383
features of frame 800/2383
features of frame 900/2383
features of frame 1000/2383
features of frame 1100/2383
features of frame 1200/2383
features of frame 1300/2383
features of frame 1400/2383
features of frame 1500/2383
features of frame 1600/2383
features of frame 1700/2383
features of frame 1800/2383
features of frame 1900/2383
features of frame 2000/2383
features of frame 2100/2383
features of frame 2200/2383
features of frame 2300/2383
extracting features from video ... 83/158
features of frame 100/3948
features of frame 200/3948
features of frame 300/3948
features of frame 400/3948
features of frame 500/3948
features of frame 600/3948
features of frame 700/3948
features of frame 800/3948
features of frame 900/3948
features of frame 1000/3948
features of frame 1100/3948
features of frame 1200/3948
features of frame 1300/3948
features of frame 1400/3948
features of frame 1500/3948
features of frame 1600/3948
features of frame 1700/3948
features of frame 1800/3948
features of frame 1900/3948
features of frame 2000/3948
features of frame 2100/3948
features of frame 2200/3948
features of frame 2300/3948
features of frame 2400/3948
features of frame 2500/3948
features of frame 2600/3948
features of frame 2700/3948
features of frame 2800/3948
features of frame 2900/3948
features of frame 3000/3948
features of frame 3100/3948
features of frame 3200/3948
features of frame 3300/3948
features of frame 3400/3948
features of frame 3500/3948
features of frame 3600/3948
features of frame 3700/3948
features of frame 3800/3948
features of frame 3900/3948
extracting features from video ... 84/158
features of frame 100/26926
features of frame 200/26926
features of frame 300/26926
features of frame 400/26926
features of frame 500/26926
features of frame 600/26926
features of frame 700/26926
features of frame 800/26926
features of frame 900/26926
features of frame 1000/26926
features of frame 1100/26926
features of frame 1200/26926
features of frame 1300/26926
features of frame 1400/26926
features of frame 1500/26926
features of frame 1600/26926
features of frame 1700/26926
features of frame 1800/26926
features of frame 1900/26926
features of frame 2000/26926
features of frame 2100/26926
features of frame 2200/26926
features of frame 2300/26926
features of frame 2400/26926
features of frame 2500/26926
features of frame 2600/26926
features of frame 2700/26926
features of frame 2800/26926
features of frame 2900/26926
features of frame 3000/26926
features of frame 3100/26926
features of frame 3200/26926
features of frame 3300/26926
features of frame 3400/26926
features of frame 3500/26926
features of frame 3600/26926
features of frame 3700/26926
features of frame 3800/26926
features of frame 3900/26926
features of frame 4000/26926
features of frame 4100/26926
features of frame 4200/26926
features of frame 4300/26926
features of frame 4400/26926
features of frame 4500/26926
features of frame 4600/26926
features of frame 4700/26926
features of frame 4800/26926
features of frame 4900/26926
features of frame 5000/26926
features of frame 5100/26926
features of frame 5200/26926
features of frame 5300/26926
features of frame 5400/26926
features of frame 5500/26926
features of frame 5600/26926
features of frame 5700/26926
features of frame 5800/26926
features of frame 5900/26926
features of frame 6000/26926
features of frame 6100/26926
features of frame 6200/26926
features of frame 6300/26926
features of frame 6400/26926
features of frame 6500/26926
features of frame 6600/26926
features of frame 6700/26926
features of frame 6800/26926
features of frame 6900/26926
features of frame 7000/26926
features of frame 7100/26926
features of frame 7200/26926
features of frame 7300/26926
features of frame 7400/26926
features of frame 7500/26926
features of frame 7600/26926
features of frame 7700/26926
features of frame 7800/26926
features of frame 7900/26926
features of frame 8000/26926
features of frame 8100/26926
features of frame 8200/26926
features of frame 8300/26926
features of frame 8400/26926
features of frame 8500/26926
features of frame 8600/26926
features of frame 8700/26926
features of frame 8800/26926
features of frame 8900/26926
features of frame 9000/26926
features of frame 9100/26926
features of frame 9200/26926
features of frame 9300/26926
features of frame 9400/26926
features of frame 9500/26926
features of frame 9600/26926
features of frame 9700/26926
features of frame 9800/26926
features of frame 9900/26926
features of frame 10000/26926
features of frame 10100/26926
features of frame 10200/26926
features of frame 10300/26926
features of frame 10400/26926
features of frame 10500/26926
features of frame 10600/26926
features of frame 10700/26926
features of frame 10800/26926
features of frame 10900/26926
features of frame 11000/26926
features of frame 11100/26926
features of frame 11200/26926
features of frame 11300/26926
features of frame 11400/26926
features of frame 11500/26926
features of frame 11600/26926
features of frame 11700/26926
features of frame 11800/26926
features of frame 11900/26926
features of frame 12000/26926
features of frame 12100/26926
features of frame 12200/26926
features of frame 12300/26926
features of frame 12400/26926
features of frame 12500/26926
features of frame 12600/26926
features of frame 12700/26926
features of frame 12800/26926
features of frame 12900/26926
features of frame 13000/26926
features of frame 13100/26926
features of frame 13200/26926
features of frame 13300/26926
features of frame 13400/26926
features of frame 13500/26926
features of frame 13600/26926
features of frame 13700/26926
features of frame 13800/26926
features of frame 13900/26926
features of frame 14000/26926
features of frame 14100/26926
features of frame 14200/26926
features of frame 14300/26926
features of frame 14400/26926
features of frame 14500/26926
features of frame 14600/26926
features of frame 14700/26926
features of frame 14800/26926
features of frame 14900/26926
features of frame 15000/26926
features of frame 15100/26926
features of frame 15200/26926
features of frame 15300/26926
features of frame 15400/26926
features of frame 15500/26926
features of frame 15600/26926
features of frame 15700/26926
features of frame 15800/26926
features of frame 15900/26926
features of frame 16000/26926
features of frame 16100/26926
features of frame 16200/26926
features of frame 16300/26926
features of frame 16400/26926
features of frame 16500/26926
features of frame 16600/26926
features of frame 16700/26926
features of frame 16800/26926
features of frame 16900/26926
features of frame 17000/26926
features of frame 17100/26926
features of frame 17200/26926
features of frame 17300/26926
features of frame 17400/26926
features of frame 17500/26926
features of frame 17600/26926
features of frame 17700/26926
features of frame 17800/26926
features of frame 17900/26926
features of frame 18000/26926
features of frame 18100/26926
features of frame 18200/26926
features of frame 18300/26926
features of frame 18400/26926
features of frame 18500/26926
features of frame 18600/26926
features of frame 18700/26926
features of frame 18800/26926
features of frame 18900/26926
features of frame 19000/26926
features of frame 19100/26926
features of frame 19200/26926
features of frame 19300/26926
features of frame 19400/26926
features of frame 19500/26926
features of frame 19600/26926
features of frame 19700/26926
features of frame 19800/26926
features of frame 19900/26926
features of frame 20000/26926
features of frame 20100/26926
features of frame 20200/26926
features of frame 20300/26926
features of frame 20400/26926
features of frame 20500/26926
features of frame 20600/26926
features of frame 20700/26926
features of frame 20800/26926
features of frame 20900/26926
features of frame 21000/26926
features of frame 21100/26926
features of frame 21200/26926
features of frame 21300/26926
features of frame 21400/26926
features of frame 21500/26926
features of frame 21600/26926
features of frame 21700/26926
features of frame 21800/26926
features of frame 21900/26926
features of frame 22000/26926
features of frame 22100/26926
features of frame 22200/26926
features of frame 22300/26926
features of frame 22400/26926
features of frame 22500/26926
features of frame 22600/26926
features of frame 22700/26926
features of frame 22800/26926
features of frame 22900/26926
features of frame 23000/26926
features of frame 23100/26926
features of frame 23200/26926
features of frame 23300/26926
features of frame 23400/26926
features of frame 23500/26926
features of frame 23600/26926
{Error using gpuArray/max
Out of memory on device. To view more detail about available memory on the GPU,
use 'gpuDevice()'. If the problem persists, reset the GPU by calling
'gpuDevice(8)'.

Error in vl_nnrelu (line 38)
    y = max(x, 0) ;

Error in dagnn.ReLU/forwardAdvanced (line 29)
      net.vars(out).value = vl_nnrelu(net.vars(in).value, [], ...

Error in dagnn.DagNN/eval (line 91)
  obj.layers(l).block.forwardAdvanced(obj.layers(l)) ;
} 
>> >> 