
                            < M A T L A B (R) >
                  Copyright 1984-2014 The MathWorks, Inc.
                    R2014a (8.3.0.532) 64-bit (glnxa64)
                             February 11, 2014

 
To get started, type one of these: helpwin, helpdesk, or demo.
For product information, visit www.mathworks.com.
 
>>  function info = extract_cnn_features(varargin)
 |
{Error: Function definitions are not permitted in this context.
} 
>> >> >> >> >> >> >> >> >> >> >> >> >> >> >> >> >> >> >> >> >> >> >> >> >> >> >> >> >> >> >> >> >> 
net = 

  DagNN with properties:

                 layers: [1x30 struct]
                   vars: [1x31 struct]
                 params: [1x26 struct]
                   meta: [1x1 struct]
                   mode: 'normal'
                 holdOn: 0
    accumulateParamDers: 0
         conserveMemory: 1
        parameterServer: []
                 device: 'cpu'

>> >> >> >> >> >> >> >> >> >> >> >> >> >> >> >> >> >> >> >> >> extracting features from video ... 100/101
features of frame 100/22634
features of frame 200/22634
features of frame 300/22634
features of frame 400/22634
features of frame 500/22634
features of frame 600/22634
features of frame 700/22634
features of frame 800/22634
features of frame 900/22634
features of frame 1000/22634
features of frame 1100/22634
features of frame 1200/22634
features of frame 1300/22634
features of frame 1400/22634
features of frame 1500/22634
features of frame 1600/22634
features of frame 1700/22634
features of frame 1800/22634
features of frame 1900/22634
features of frame 2000/22634
features of frame 2100/22634
features of frame 2200/22634
features of frame 2300/22634
features of frame 2400/22634
features of frame 2500/22634
features of frame 2600/22634
features of frame 2700/22634
features of frame 2800/22634
features of frame 2900/22634
features of frame 3000/22634
features of frame 3100/22634
features of frame 3200/22634
features of frame 3300/22634
features of frame 3400/22634
features of frame 3500/22634
features of frame 3600/22634
features of frame 3700/22634
features of frame 3800/22634
features of frame 3900/22634
features of frame 4000/22634
features of frame 4100/22634
features of frame 4200/22634
features of frame 4300/22634
features of frame 4400/22634
features of frame 4500/22634
features of frame 4600/22634
features of frame 4700/22634
features of frame 4800/22634
features of frame 4900/22634
features of frame 5000/22634
features of frame 5100/22634
features of frame 5200/22634
features of frame 5300/22634
features of frame 5400/22634
features of frame 5500/22634
features of frame 5600/22634
features of frame 5700/22634
features of frame 5800/22634
features of frame 5900/22634
features of frame 6000/22634
features of frame 6100/22634
features of frame 6200/22634
features of frame 6300/22634
features of frame 6400/22634
features of frame 6500/22634
features of frame 6600/22634
features of frame 6700/22634
features of frame 6800/22634
features of frame 6900/22634
features of frame 7000/22634
features of frame 7100/22634
features of frame 7200/22634
features of frame 7300/22634
features of frame 7400/22634
features of frame 7500/22634
features of frame 7600/22634
features of frame 7700/22634
features of frame 7800/22634
features of frame 7900/22634
features of frame 8000/22634
features of frame 8100/22634
features of frame 8200/22634
features of frame 8300/22634
features of frame 8400/22634
features of frame 8500/22634
features of frame 8600/22634
features of frame 8700/22634
features of frame 8800/22634
features of frame 8900/22634
features of frame 9000/22634
features of frame 9100/22634
features of frame 9200/22634
features of frame 9300/22634
features of frame 9400/22634
features of frame 9500/22634
features of frame 9600/22634
features of frame 9700/22634
features of frame 9800/22634
features of frame 9900/22634
features of frame 10000/22634
features of frame 10100/22634
features of frame 10200/22634
features of frame 10300/22634
features of frame 10400/22634
features of frame 10500/22634
features of frame 10600/22634
features of frame 10700/22634
features of frame 10800/22634
features of frame 10900/22634
features of frame 11000/22634
features of frame 11100/22634
features of frame 11200/22634
features of frame 11300/22634
features of frame 11400/22634
features of frame 11500/22634
features of frame 11600/22634
features of frame 11700/22634
features of frame 11800/22634
features of frame 11900/22634
features of frame 12000/22634
features of frame 12100/22634
features of frame 12200/22634
features of frame 12300/22634
features of frame 12400/22634
features of frame 12500/22634
features of frame 12600/22634
features of frame 12700/22634
features of frame 12800/22634
features of frame 12900/22634
features of frame 13000/22634
features of frame 13100/22634
features of frame 13200/22634
features of frame 13300/22634
features of frame 13400/22634
features of frame 13500/22634
features of frame 13600/22634
features of frame 13700/22634
features of frame 13800/22634
features of frame 13900/22634
features of frame 14000/22634
features of frame 14100/22634
features of frame 14200/22634
features of frame 14300/22634
features of frame 14400/22634
features of frame 14500/22634
features of frame 14600/22634
features of frame 14700/22634
features of frame 14800/22634
features of frame 14900/22634
features of frame 15000/22634
features of frame 15100/22634
features of frame 15200/22634
features of frame 15300/22634
features of frame 15400/22634
features of frame 15500/22634
features of frame 15600/22634
features of frame 15700/22634
features of frame 15800/22634
features of frame 15900/22634
features of frame 16000/22634
features of frame 16100/22634
features of frame 16200/22634
features of frame 16300/22634
features of frame 16400/22634
features of frame 16500/22634
features of frame 16600/22634
features of frame 16700/22634
features of frame 16800/22634
features of frame 16900/22634
features of frame 17000/22634
features of frame 17100/22634
features of frame 17200/22634
features of frame 17300/22634
features of frame 17400/22634
features of frame 17500/22634
features of frame 17600/22634
features of frame 17700/22634
features of frame 17800/22634
features of frame 17900/22634
features of frame 18000/22634
features of frame 18100/22634
features of frame 18200/22634
features of frame 18300/22634
features of frame 18400/22634
features of frame 18500/22634
features of frame 18600/22634
features of frame 18700/22634
features of frame 18800/22634
features of frame 18900/22634
features of frame 19000/22634
features of frame 19100/22634
features of frame 19200/22634
features of frame 19300/22634
features of frame 19400/22634
features of frame 19500/22634
features of frame 19600/22634
features of frame 19700/22634
features of frame 19800/22634
features of frame 19900/22634
features of frame 20000/22634
features of frame 20100/22634
features of frame 20200/22634
features of frame 20300/22634
features of frame 20400/22634
features of frame 20500/22634
features of frame 20600/22634
features of frame 20700/22634
features of frame 20800/22634
features of frame 20900/22634
features of frame 21000/22634
features of frame 21100/22634
features of frame 21200/22634
features of frame 21300/22634
features of frame 21400/22634
features of frame 21500/22634
features of frame 21600/22634
features of frame 21700/22634
features of frame 21800/22634
features of frame 21900/22634
features of frame 22000/22634
features of frame 22100/22634
features of frame 22200/22634
features of frame 22300/22634
features of frame 22400/22634
features of frame 22500/22634
features of frame 22600/22634
extracting features from video ... 101/101
features of frame 100/19439
features of frame 200/19439
features of frame 300/19439
features of frame 400/19439
features of frame 500/19439
features of frame 600/19439
features of frame 700/19439
features of frame 800/19439
features of frame 900/19439
features of frame 1000/19439
features of frame 1100/19439
features of frame 1200/19439
features of frame 1300/19439
features of frame 1400/19439
features of frame 1500/19439
features of frame 1600/19439
features of frame 1700/19439
features of frame 1800/19439
features of frame 1900/19439
features of frame 2000/19439
features of frame 2100/19439
features of frame 2200/19439
features of frame 2300/19439
features of frame 2400/19439
features of frame 2500/19439
features of frame 2600/19439
features of frame 2700/19439
features of frame 2800/19439
features of frame 2900/19439
features of frame 3000/19439
features of frame 3100/19439
features of frame 3200/19439
features of frame 3300/19439
features of frame 3400/19439
features of frame 3500/19439
features of frame 3600/19439
features of frame 3700/19439
features of frame 3800/19439
features of frame 3900/19439
features of frame 4000/19439
features of frame 4100/19439
features of frame 4200/19439
features of frame 4300/19439
features of frame 4400/19439
features of frame 4500/19439
features of frame 4600/19439
features of frame 4700/19439
features of frame 4800/19439
features of frame 4900/19439
features of frame 5000/19439
features of frame 5100/19439
features of frame 5200/19439
features of frame 5300/19439
features of frame 5400/19439
features of frame 5500/19439
features of frame 5600/19439
features of frame 5700/19439
features of frame 5800/19439
features of frame 5900/19439
features of frame 6000/19439
features of frame 6100/19439
features of frame 6200/19439
features of frame 6300/19439
features of frame 6400/19439
features of frame 6500/19439
features of frame 6600/19439
features of frame 6700/19439
features of frame 6800/19439
features of frame 6900/19439
features of frame 7000/19439
features of frame 7100/19439
features of frame 7200/19439
features of frame 7300/19439
features of frame 7400/19439
features of frame 7500/19439
features of frame 7600/19439
features of frame 7700/19439
features of frame 7800/19439
features of frame 7900/19439
features of frame 8000/19439
features of frame 8100/19439
features of frame 8200/19439
features of frame 8300/19439
features of frame 8400/19439
features of frame 8500/19439
features of frame 8600/19439
features of frame 8700/19439
features of frame 8800/19439
features of frame 8900/19439
features of frame 9000/19439
features of frame 9100/19439
features of frame 9200/19439
features of frame 9300/19439
features of frame 9400/19439
features of frame 9500/19439
features of frame 9600/19439
features of frame 9700/19439
features of frame 9800/19439
features of frame 9900/19439
features of frame 10000/19439
features of frame 10100/19439
features of frame 10200/19439
features of frame 10300/19439
features of frame 10400/19439
features of frame 10500/19439
features of frame 10600/19439
features of frame 10700/19439
features of frame 10800/19439
features of frame 10900/19439
features of frame 11000/19439
features of frame 11100/19439
features of frame 11200/19439
features of frame 11300/19439
features of frame 11400/19439
features of frame 11500/19439
features of frame 11600/19439
features of frame 11700/19439
features of frame 11800/19439
features of frame 11900/19439
features of frame 12000/19439
features of frame 12100/19439
features of frame 12200/19439
features of frame 12300/19439
features of frame 12400/19439
features of frame 12500/19439
features of frame 12600/19439
features of frame 12700/19439
features of frame 12800/19439
features of frame 12900/19439
features of frame 13000/19439
features of frame 13100/19439
features of frame 13200/19439
features of frame 13300/19439
features of frame 13400/19439
features of frame 13500/19439
features of frame 13600/19439
features of frame 13700/19439
features of frame 13800/19439
features of frame 13900/19439
features of frame 14000/19439
features of frame 14100/19439
features of frame 14200/19439
features of frame 14300/19439
features of frame 14400/19439
features of frame 14500/19439
features of frame 14600/19439
features of frame 14700/19439
features of frame 14800/19439
features of frame 14900/19439
features of frame 15000/19439
features of frame 15100/19439
features of frame 15200/19439
features of frame 15300/19439
features of frame 15400/19439
features of frame 15500/19439
features of frame 15600/19439
features of frame 15700/19439
features of frame 15800/19439
features of frame 15900/19439
features of frame 16000/19439
features of frame 16100/19439
features of frame 16200/19439
features of frame 16300/19439
features of frame 16400/19439
features of frame 16500/19439
features of frame 16600/19439
features of frame 16700/19439
features of frame 16800/19439
features of frame 16900/19439
features of frame 17000/19439
features of frame 17100/19439
features of frame 17200/19439
features of frame 17300/19439
features of frame 17400/19439
features of frame 17500/19439
features of frame 17600/19439
features of frame 17700/19439
features of frame 17800/19439
features of frame 17900/19439
features of frame 18000/19439
features of frame 18100/19439
features of frame 18200/19439
features of frame 18300/19439
features of frame 18400/19439
features of frame 18500/19439
features of frame 18600/19439
features of frame 18700/19439
features of frame 18800/19439
features of frame 18900/19439
features of frame 19000/19439
features of frame 19100/19439
features of frame 19200/19439
features of frame 19300/19439
features of frame 19400/19439
extracting features from video ... 102/101
features of frame 100/11510
features of frame 200/11510
features of frame 300/11510
features of frame 400/11510
features of frame 500/11510
features of frame 600/11510
features of frame 700/11510
features of frame 800/11510
features of frame 900/11510
features of frame 1000/11510
features of frame 1100/11510
features of frame 1200/11510
features of frame 1300/11510
features of frame 1400/11510
features of frame 1500/11510
features of frame 1600/11510
features of frame 1700/11510
features of frame 1800/11510
features of frame 1900/11510
features of frame 2000/11510
features of frame 2100/11510
features of frame 2200/11510
features of frame 2300/11510
features of frame 2400/11510
features of frame 2500/11510
features of frame 2600/11510
features of frame 2700/11510
features of frame 2800/11510
features of frame 2900/11510
features of frame 3000/11510
features of frame 3100/11510
features of frame 3200/11510
features of frame 3300/11510
features of frame 3400/11510
features of frame 3500/11510
features of frame 3600/11510
features of frame 3700/11510
features of frame 3800/11510
features of frame 3900/11510
features of frame 4000/11510
features of frame 4100/11510
features of frame 4200/11510
features of frame 4300/11510
features of frame 4400/11510
features of frame 4500/11510
features of frame 4600/11510
features of frame 4700/11510
features of frame 4800/11510
features of frame 4900/11510
features of frame 5000/11510
features of frame 5100/11510
features of frame 5200/11510
features of frame 5300/11510
features of frame 5400/11510
features of frame 5500/11510
features of frame 5600/11510
features of frame 5700/11510
features of frame 5800/11510
features of frame 5900/11510
features of frame 6000/11510
features of frame 6100/11510
features of frame 6200/11510
features of frame 6300/11510
features of frame 6400/11510
features of frame 6500/11510
features of frame 6600/11510
features of frame 6700/11510
features of frame 6800/11510
features of frame 6900/11510
features of frame 7000/11510
features of frame 7100/11510
features of frame 7200/11510
features of frame 7300/11510
features of frame 7400/11510
features of frame 7500/11510
features of frame 7600/11510
features of frame 7700/11510
features of frame 7800/11510
features of frame 7900/11510
features of frame 8000/11510
features of frame 8100/11510
features of frame 8200/11510
features of frame 8300/11510
features of frame 8400/11510
features of frame 8500/11510
features of frame 8600/11510
features of frame 8700/11510
features of frame 8800/11510
features of frame 8900/11510
features of frame 9000/11510
features of frame 9100/11510
features of frame 9200/11510
features of frame 9300/11510
features of frame 9400/11510
features of frame 9500/11510
features of frame 9600/11510
features of frame 9700/11510
features of frame 9800/11510
features of frame 9900/11510
features of frame 10000/11510
features of frame 10100/11510
features of frame 10200/11510
features of frame 10300/11510
features of frame 10400/11510
features of frame 10500/11510
features of frame 10600/11510
features of frame 10700/11510
features of frame 10800/11510
features of frame 10900/11510
features of frame 11000/11510
features of frame 11100/11510
features of frame 11200/11510
features of frame 11300/11510
features of frame 11400/11510
features of frame 11500/11510
extracting features from video ... 103/101
features of frame 100/17949
features of frame 200/17949
features of frame 300/17949
features of frame 400/17949
features of frame 500/17949
features of frame 600/17949
features of frame 700/17949
features of frame 800/17949
features of frame 900/17949
features of frame 1000/17949
features of frame 1100/17949
features of frame 1200/17949
features of frame 1300/17949
features of frame 1400/17949
features of frame 1500/17949
features of frame 1600/17949
features of frame 1700/17949
features of frame 1800/17949
features of frame 1900/17949
features of frame 2000/17949
features of frame 2100/17949
features of frame 2200/17949
features of frame 2300/17949
features of frame 2400/17949
features of frame 2500/17949
features of frame 2600/17949
features of frame 2700/17949
features of frame 2800/17949
features of frame 2900/17949
features of frame 3000/17949
features of frame 3100/17949
features of frame 3200/17949
features of frame 3300/17949
features of frame 3400/17949
features of frame 3500/17949
features of frame 3600/17949
features of frame 3700/17949
features of frame 3800/17949
features of frame 3900/17949
features of frame 4000/17949
features of frame 4100/17949
features of frame 4200/17949
features of frame 4300/17949
features of frame 4400/17949
features of frame 4500/17949
features of frame 4600/17949
features of frame 4700/17949
features of frame 4800/17949
features of frame 4900/17949
features of frame 5000/17949
features of frame 5100/17949
features of frame 5200/17949
features of frame 5300/17949
features of frame 5400/17949
features of frame 5500/17949
features of frame 5600/17949
features of frame 5700/17949
features of frame 5800/17949
features of frame 5900/17949
features of frame 6000/17949
features of frame 6100/17949
features of frame 6200/17949
features of frame 6300/17949
features of frame 6400/17949
features of frame 6500/17949
features of frame 6600/17949
features of frame 6700/17949
features of frame 6800/17949
features of frame 6900/17949
features of frame 7000/17949
features of frame 7100/17949
features of frame 7200/17949
features of frame 7300/17949
features of frame 7400/17949
features of frame 7500/17949
features of frame 7600/17949
features of frame 7700/17949
features of frame 7800/17949
features of frame 7900/17949
features of frame 8000/17949
features of frame 8100/17949
features of frame 8200/17949
features of frame 8300/17949
features of frame 8400/17949
features of frame 8500/17949
features of frame 8600/17949
features of frame 8700/17949
features of frame 8800/17949
features of frame 8900/17949
features of frame 9000/17949
features of frame 9100/17949
features of frame 9200/17949
features of frame 9300/17949
features of frame 9400/17949
features of frame 9500/17949
features of frame 9600/17949
features of frame 9700/17949
features of frame 9800/17949
features of frame 9900/17949
features of frame 10000/17949
features of frame 10100/17949
features of frame 10200/17949
features of frame 10300/17949
features of frame 10400/17949
features of frame 10500/17949
features of frame 10600/17949
features of frame 10700/17949
features of frame 10800/17949
features of frame 10900/17949
features of frame 11000/17949
features of frame 11100/17949
features of frame 11200/17949
features of frame 11300/17949
features of frame 11400/17949
features of frame 11500/17949
features of frame 11600/17949
features of frame 11700/17949
features of frame 11800/17949
features of frame 11900/17949
features of frame 12000/17949
features of frame 12100/17949
features of frame 12200/17949
features of frame 12300/17949
features of frame 12400/17949
features of frame 12500/17949
features of frame 12600/17949
features of frame 12700/17949
features of frame 12800/17949
features of frame 12900/17949
features of frame 13000/17949
features of frame 13100/17949
features of frame 13200/17949
features of frame 13300/17949
features of frame 13400/17949
features of frame 13500/17949
features of frame 13600/17949
features of frame 13700/17949
features of frame 13800/17949
features of frame 13900/17949
features of frame 14000/17949
features of frame 14100/17949
features of frame 14200/17949
features of frame 14300/17949
features of frame 14400/17949
features of frame 14500/17949
features of frame 14600/17949
features of frame 14700/17949
features of frame 14800/17949
features of frame 14900/17949
features of frame 15000/17949
features of frame 15100/17949
features of frame 15200/17949
features of frame 15300/17949
features of frame 15400/17949
features of frame 15500/17949
features of frame 15600/17949
features of frame 15700/17949
features of frame 15800/17949
features of frame 15900/17949
features of frame 16000/17949
features of frame 16100/17949
features of frame 16200/17949
features of frame 16300/17949
features of frame 16400/17949
features of frame 16500/17949
features of frame 16600/17949
features of frame 16700/17949
features of frame 16800/17949
features of frame 16900/17949
features of frame 17000/17949
features of frame 17100/17949
features of frame 17200/17949
features of frame 17300/17949
features of frame 17400/17949
features of frame 17500/17949
features of frame 17600/17949
features of frame 17700/17949
features of frame 17800/17949
features of frame 17900/17949
extracting features from video ... 104/101
features of frame 100/9084
features of frame 200/9084
features of frame 300/9084
features of frame 400/9084
features of frame 500/9084
features of frame 600/9084
features of frame 700/9084
features of frame 800/9084
features of frame 900/9084
features of frame 1000/9084
features of frame 1100/9084
features of frame 1200/9084
features of frame 1300/9084
features of frame 1400/9084
features of frame 1500/9084
features of frame 1600/9084
features of frame 1700/9084
features of frame 1800/9084
features of frame 1900/9084
features of frame 2000/9084
features of frame 2100/9084
features of frame 2200/9084
features of frame 2300/9084
features of frame 2400/9084
features of frame 2500/9084
features of frame 2600/9084
features of frame 2700/9084
features of frame 2800/9084
features of frame 2900/9084
features of frame 3000/9084
features of frame 3100/9084
features of frame 3200/9084
features of frame 3300/9084
features of frame 3400/9084
features of frame 3500/9084
features of frame 3600/9084
features of frame 3700/9084
features of frame 3800/9084
features of frame 3900/9084
features of frame 4000/9084
features of frame 4100/9084
features of frame 4200/9084
features of frame 4300/9084
features of frame 4400/9084
features of frame 4500/9084
features of frame 4600/9084
features of frame 4700/9084
features of frame 4800/9084
features of frame 4900/9084
features of frame 5000/9084
features of frame 5100/9084
features of frame 5200/9084
features of frame 5300/9084
features of frame 5400/9084
features of frame 5500/9084
features of frame 5600/9084
features of frame 5700/9084
features of frame 5800/9084
features of frame 5900/9084
features of frame 6000/9084
features of frame 6100/9084
features of frame 6200/9084
features of frame 6300/9084
features of frame 6400/9084
features of frame 6500/9084
features of frame 6600/9084
features of frame 6700/9084
features of frame 6800/9084
features of frame 6900/9084
features of frame 7000/9084
features of frame 7100/9084
features of frame 7200/9084
features of frame 7300/9084
features of frame 7400/9084
features of frame 7500/9084
features of frame 7600/9084
features of frame 7700/9084
features of frame 7800/9084
features of frame 7900/9084
features of frame 8000/9084
features of frame 8100/9084
features of frame 8200/9084
features of frame 8300/9084
features of frame 8400/9084
features of frame 8500/9084
features of frame 8600/9084
features of frame 8700/9084
features of frame 8800/9084
features of frame 8900/9084
features of frame 9000/9084
extracting features from video ... 105/101
features of frame 100/8460
features of frame 200/8460
features of frame 300/8460
features of frame 400/8460
features of frame 500/8460
features of frame 600/8460
features of frame 700/8460
features of frame 800/8460
features of frame 900/8460
features of frame 1000/8460
features of frame 1100/8460
features of frame 1200/8460
features of frame 1300/8460
features of frame 1400/8460
features of frame 1500/8460
features of frame 1600/8460
features of frame 1700/8460
features of frame 1800/8460
features of frame 1900/8460
features of frame 2000/8460
features of frame 2100/8460
features of frame 2200/8460
features of frame 2300/8460
features of frame 2400/8460
features of frame 2500/8460
features of frame 2600/8460
features of frame 2700/8460
features of frame 2800/8460
features of frame 2900/8460
features of frame 3000/8460
features of frame 3100/8460
features of frame 3200/8460
features of frame 3300/8460
features of frame 3400/8460
features of frame 3500/8460
features of frame 3600/8460
features of frame 3700/8460
features of frame 3800/8460
features of frame 3900/8460
features of frame 4000/8460
features of frame 4100/8460
features of frame 4200/8460
features of frame 4300/8460
features of frame 4400/8460
features of frame 4500/8460
features of frame 4600/8460
features of frame 4700/8460
features of frame 4800/8460
features of frame 4900/8460
features of frame 5000/8460
features of frame 5100/8460
features of frame 5200/8460
features of frame 5300/8460
features of frame 5400/8460
features of frame 5500/8460
features of frame 5600/8460
features of frame 5700/8460
features of frame 5800/8460
features of frame 5900/8460
features of frame 6000/8460
features of frame 6100/8460
features of frame 6200/8460
features of frame 6300/8460
features of frame 6400/8460
features of frame 6500/8460
features of frame 6600/8460
features of frame 6700/8460
features of frame 6800/8460
features of frame 6900/8460
features of frame 7000/8460
features of frame 7100/8460
features of frame 7200/8460
features of frame 7300/8460
features of frame 7400/8460
features of frame 7500/8460
features of frame 7600/8460
features of frame 7700/8460
features of frame 7800/8460
features of frame 7900/8460
features of frame 8000/8460
features of frame 8100/8460
features of frame 8200/8460
features of frame 8300/8460
features of frame 8400/8460
extracting features from video ... 106/101
features of frame 100/16236
features of frame 200/16236
features of frame 300/16236
features of frame 400/16236
features of frame 500/16236
features of frame 600/16236
features of frame 700/16236
features of frame 800/16236
features of frame 900/16236
features of frame 1000/16236
features of frame 1100/16236
features of frame 1200/16236
features of frame 1300/16236
features of frame 1400/16236
features of frame 1500/16236
features of frame 1600/16236
features of frame 1700/16236
features of frame 1800/16236
features of frame 1900/16236
features of frame 2000/16236
features of frame 2100/16236
features of frame 2200/16236
features of frame 2300/16236
features of frame 2400/16236
features of frame 2500/16236
features of frame 2600/16236
features of frame 2700/16236
features of frame 2800/16236
features of frame 2900/16236
features of frame 3000/16236
features of frame 3100/16236
features of frame 3200/16236
features of frame 3300/16236
features of frame 3400/16236
features of frame 3500/16236
features of frame 3600/16236
features of frame 3700/16236
features of frame 3800/16236
features of frame 3900/16236
features of frame 4000/16236
features of frame 4100/16236
features of frame 4200/16236
features of frame 4300/16236
features of frame 4400/16236
features of frame 4500/16236
features of frame 4600/16236
features of frame 4700/16236
features of frame 4800/16236
features of frame 4900/16236
features of frame 5000/16236
features of frame 5100/16236
features of frame 5200/16236
features of frame 5300/16236
features of frame 5400/16236
features of frame 5500/16236
features of frame 5600/16236
features of frame 5700/16236
features of frame 5800/16236
features of frame 5900/16236
features of frame 6000/16236
features of frame 6100/16236
features of frame 6200/16236
features of frame 6300/16236
features of frame 6400/16236
features of frame 6500/16236
features of frame 6600/16236
features of frame 6700/16236
features of frame 6800/16236
features of frame 6900/16236
features of frame 7000/16236
features of frame 7100/16236
features of frame 7200/16236
features of frame 7300/16236
features of frame 7400/16236
features of frame 7500/16236
features of frame 7600/16236
features of frame 7700/16236
features of frame 7800/16236
features of frame 7900/16236
features of frame 8000/16236
features of frame 8100/16236
features of frame 8200/16236
features of frame 8300/16236
features of frame 8400/16236
features of frame 8500/16236
features of frame 8600/16236
features of frame 8700/16236
features of frame 8800/16236
features of frame 8900/16236
features of frame 9000/16236
features of frame 9100/16236
features of frame 9200/16236
features of frame 9300/16236
features of frame 9400/16236
features of frame 9500/16236
features of frame 9600/16236
features of frame 9700/16236
features of frame 9800/16236
features of frame 9900/16236
features of frame 10000/16236
features of frame 10100/16236
features of frame 10200/16236
features of frame 10300/16236
features of frame 10400/16236
features of frame 10500/16236
features of frame 10600/16236
features of frame 10700/16236
features of frame 10800/16236
features of frame 10900/16236
features of frame 11000/16236
features of frame 11100/16236
features of frame 11200/16236
features of frame 11300/16236
features of frame 11400/16236
features of frame 11500/16236
features of frame 11600/16236
features of frame 11700/16236
features of frame 11800/16236
features of frame 11900/16236
features of frame 12000/16236
features of frame 12100/16236
features of frame 12200/16236
features of frame 12300/16236
features of frame 12400/16236
features of frame 12500/16236
features of frame 12600/16236
features of frame 12700/16236
features of frame 12800/16236
features of frame 12900/16236
features of frame 13000/16236
features of frame 13100/16236
features of frame 13200/16236
features of frame 13300/16236
features of frame 13400/16236
features of frame 13500/16236
features of frame 13600/16236
features of frame 13700/16236
features of frame 13800/16236
features of frame 13900/16236
features of frame 14000/16236
features of frame 14100/16236
features of frame 14200/16236
features of frame 14300/16236
features of frame 14400/16236
features of frame 14500/16236
features of frame 14600/16236
features of frame 14700/16236
features of frame 14800/16236
features of frame 14900/16236
features of frame 15000/16236
features of frame 15100/16236
features of frame 15200/16236
features of frame 15300/16236
features of frame 15400/16236
features of frame 15500/16236
features of frame 15600/16236
features of frame 15700/16236
features of frame 15800/16236
features of frame 15900/16236
features of frame 16000/16236
features of frame 16100/16236
features of frame 16200/16236
extracting features from video ... 107/101
features of frame 100/10702
features of frame 200/10702
features of frame 300/10702
features of frame 400/10702
features of frame 500/10702
features of frame 600/10702
features of frame 700/10702
features of frame 800/10702
features of frame 900/10702
features of frame 1000/10702
features of frame 1100/10702
features of frame 1200/10702
features of frame 1300/10702
features of frame 1400/10702
features of frame 1500/10702
features of frame 1600/10702
features of frame 1700/10702
features of frame 1800/10702
features of frame 1900/10702
features of frame 2000/10702
features of frame 2100/10702
features of frame 2200/10702
features of frame 2300/10702
features of frame 2400/10702
features of frame 2500/10702
features of frame 2600/10702
features of frame 2700/10702
features of frame 2800/10702
features of frame 2900/10702
features of frame 3000/10702
features of frame 3100/10702
features of frame 3200/10702
features of frame 3300/10702
features of frame 3400/10702
features of frame 3500/10702
features of frame 3600/10702
features of frame 3700/10702
features of frame 3800/10702
features of frame 3900/10702
features of frame 4000/10702
features of frame 4100/10702
features of frame 4200/10702
features of frame 4300/10702
features of frame 4400/10702
features of frame 4500/10702
features of frame 4600/10702
features of frame 4700/10702
features of frame 4800/10702
features of frame 4900/10702
features of frame 5000/10702
features of frame 5100/10702
features of frame 5200/10702
features of frame 5300/10702
features of frame 5400/10702
features of frame 5500/10702
features of frame 5600/10702
features of frame 5700/10702
features of frame 5800/10702
features of frame 5900/10702
features of frame 6000/10702
features of frame 6100/10702
features of frame 6200/10702
features of frame 6300/10702
features of frame 6400/10702
features of frame 6500/10702
features of frame 6600/10702
features of frame 6700/10702
features of frame 6800/10702
features of frame 6900/10702
features of frame 7000/10702
features of frame 7100/10702
features of frame 7200/10702
features of frame 7300/10702
features of frame 7400/10702
features of frame 7500/10702
features of frame 7600/10702
features of frame 7700/10702
features of frame 7800/10702
features of frame 7900/10702
features of frame 8000/10702
features of frame 8100/10702
features of frame 8200/10702
features of frame 8300/10702
features of frame 8400/10702
features of frame 8500/10702
features of frame 8600/10702
features of frame 8700/10702
features of frame 8800/10702
features of frame 8900/10702
features of frame 9000/10702
features of frame 9100/10702
features of frame 9200/10702
features of frame 9300/10702
features of frame 9400/10702
features of frame 9500/10702
features of frame 9600/10702
features of frame 9700/10702
features of frame 9800/10702
features of frame 9900/10702
features of frame 10000/10702
features of frame 10100/10702
features of frame 10200/10702
features of frame 10300/10702
features of frame 10400/10702
features of frame 10500/10702
features of frame 10600/10702
features of frame 10700/10702
extracting features from video ... 108/101
features of frame 100/7394
features of frame 200/7394
features of frame 300/7394
features of frame 400/7394
features of frame 500/7394
features of frame 600/7394
features of frame 700/7394
features of frame 800/7394
features of frame 900/7394
features of frame 1000/7394
features of frame 1100/7394
features of frame 1200/7394
features of frame 1300/7394
features of frame 1400/7394
features of frame 1500/7394
features of frame 1600/7394
features of frame 1700/7394
features of frame 1800/7394
features of frame 1900/7394
features of frame 2000/7394
features of frame 2100/7394
features of frame 2200/7394
features of frame 2300/7394
features of frame 2400/7394
features of frame 2500/7394
features of frame 2600/7394
features of frame 2700/7394
features of frame 2800/7394
features of frame 2900/7394
features of frame 3000/7394
features of frame 3100/7394
features of frame 3200/7394
features of frame 3300/7394
features of frame 3400/7394
features of frame 3500/7394
features of frame 3600/7394
features of frame 3700/7394
features of frame 3800/7394
features of frame 3900/7394
features of frame 4000/7394
features of frame 4100/7394
features of frame 4200/7394
features of frame 4300/7394
features of frame 4400/7394
features of frame 4500/7394
features of frame 4600/7394
features of frame 4700/7394
features of frame 4800/7394
features of frame 4900/7394
features of frame 5000/7394
features of frame 5100/7394
features of frame 5200/7394
features of frame 5300/7394
features of frame 5400/7394
features of frame 5500/7394
features of frame 5600/7394
features of frame 5700/7394
features of frame 5800/7394
features of frame 5900/7394
features of frame 6000/7394
features of frame 6100/7394
features of frame 6200/7394
features of frame 6300/7394
features of frame 6400/7394
features of frame 6500/7394
features of frame 6600/7394
features of frame 6700/7394
features of frame 6800/7394
features of frame 6900/7394
features of frame 7000/7394
features of frame 7100/7394
features of frame 7200/7394
features of frame 7300/7394
extracting features from video ... 109/101
features of frame 100/22625
features of frame 200/22625
features of frame 300/22625
features of frame 400/22625
features of frame 500/22625
features of frame 600/22625
features of frame 700/22625
features of frame 800/22625
features of frame 900/22625
features of frame 1000/22625
features of frame 1100/22625
features of frame 1200/22625
features of frame 1300/22625
features of frame 1400/22625
features of frame 1500/22625
features of frame 1600/22625
features of frame 1700/22625
features of frame 1800/22625
features of frame 1900/22625
features of frame 2000/22625
features of frame 2100/22625
features of frame 2200/22625
features of frame 2300/22625
features of frame 2400/22625
features of frame 2500/22625
features of frame 2600/22625
features of frame 2700/22625
features of frame 2800/22625
features of frame 2900/22625
features of frame 3000/22625
features of frame 3100/22625
features of frame 3200/22625
features of frame 3300/22625
features of frame 3400/22625
features of frame 3500/22625
features of frame 3600/22625
features of frame 3700/22625
features of frame 3800/22625
features of frame 3900/22625
features of frame 4000/22625
features of frame 4100/22625
features of frame 4200/22625
features of frame 4300/22625
features of frame 4400/22625
features of frame 4500/22625
features of frame 4600/22625
features of frame 4700/22625
features of frame 4800/22625
features of frame 4900/22625
features of frame 5000/22625
features of frame 5100/22625
features of frame 5200/22625
features of frame 5300/22625
features of frame 5400/22625
features of frame 5500/22625
features of frame 5600/22625
features of frame 5700/22625
features of frame 5800/22625
features of frame 5900/22625
features of frame 6000/22625
features of frame 6100/22625
features of frame 6200/22625
features of frame 6300/22625
features of frame 6400/22625
features of frame 6500/22625
features of frame 6600/22625
features of frame 6700/22625
features of frame 6800/22625
features of frame 6900/22625
features of frame 7000/22625
features of frame 7100/22625
features of frame 7200/22625
features of frame 7300/22625
features of frame 7400/22625
features of frame 7500/22625
features of frame 7600/22625
features of frame 7700/22625
features of frame 7800/22625
features of frame 7900/22625
features of frame 8000/22625
features of frame 8100/22625
features of frame 8200/22625
features of frame 8300/22625
features of frame 8400/22625
features of frame 8500/22625
features of frame 8600/22625
features of frame 8700/22625
features of frame 8800/22625
features of frame 8900/22625
features of frame 9000/22625
features of frame 9100/22625
features of frame 9200/22625
features of frame 9300/22625
features of frame 9400/22625
features of frame 9500/22625
features of frame 9600/22625
features of frame 9700/22625
features of frame 9800/22625
features of frame 9900/22625
features of frame 10000/22625
features of frame 10100/22625
features of frame 10200/22625
features of frame 10300/22625
features of frame 10400/22625
features of frame 10500/22625
features of frame 10600/22625
features of frame 10700/22625
features of frame 10800/22625
features of frame 10900/22625
features of frame 11000/22625
features of frame 11100/22625
features of frame 11200/22625
features of frame 11300/22625
features of frame 11400/22625
features of frame 11500/22625
features of frame 11600/22625
features of frame 11700/22625
features of frame 11800/22625
features of frame 11900/22625
features of frame 12000/22625
features of frame 12100/22625
features of frame 12200/22625
features of frame 12300/22625
features of frame 12400/22625
features of frame 12500/22625
features of frame 12600/22625
features of frame 12700/22625
features of frame 12800/22625
features of frame 12900/22625
features of frame 13000/22625
features of frame 13100/22625
features of frame 13200/22625
features of frame 13300/22625
features of frame 13400/22625
features of frame 13500/22625
features of frame 13600/22625
features of frame 13700/22625
features of frame 13800/22625
features of frame 13900/22625
features of frame 14000/22625
features of frame 14100/22625
features of frame 14200/22625
features of frame 14300/22625
features of frame 14400/22625
features of frame 14500/22625
features of frame 14600/22625
features of frame 14700/22625
features of frame 14800/22625
features of frame 14900/22625
features of frame 15000/22625
features of frame 15100/22625
features of frame 15200/22625
features of frame 15300/22625
features of frame 15400/22625
features of frame 15500/22625
features of frame 15600/22625
features of frame 15700/22625
features of frame 15800/22625
features of frame 15900/22625
features of frame 16000/22625
features of frame 16100/22625
features of frame 16200/22625
features of frame 16300/22625
features of frame 16400/22625
features of frame 16500/22625
features of frame 16600/22625
features of frame 16700/22625
features of frame 16800/22625
features of frame 16900/22625
features of frame 17000/22625
features of frame 17100/22625
features of frame 17200/22625
features of frame 17300/22625
features of frame 17400/22625
features of frame 17500/22625
features of frame 17600/22625
features of frame 17700/22625
features of frame 17800/22625
features of frame 17900/22625
features of frame 18000/22625
features of frame 18100/22625
features of frame 18200/22625
features of frame 18300/22625
features of frame 18400/22625
features of frame 18500/22625
features of frame 18600/22625
features of frame 18700/22625
features of frame 18800/22625
features of frame 18900/22625
features of frame 19000/22625
features of frame 19100/22625
features of frame 19200/22625
features of frame 19300/22625
features of frame 19400/22625
features of frame 19500/22625
features of frame 19600/22625
features of frame 19700/22625
features of frame 19800/22625
features of frame 19900/22625
features of frame 20000/22625
features of frame 20100/22625
features of frame 20200/22625
features of frame 20300/22625
features of frame 20400/22625
features of frame 20500/22625
features of frame 20600/22625
features of frame 20700/22625
features of frame 20800/22625
features of frame 20900/22625
features of frame 21000/22625
features of frame 21100/22625
features of frame 21200/22625
features of frame 21300/22625
features of frame 21400/22625
features of frame 21500/22625
features of frame 21600/22625
features of frame 21700/22625
features of frame 21800/22625
features of frame 21900/22625
features of frame 22000/22625
features of frame 22100/22625
features of frame 22200/22625
features of frame 22300/22625
features of frame 22400/22625
features of frame 22500/22625
features of frame 22600/22625
extracting features from video ... 110/101
features of frame 100/22028
features of frame 200/22028
features of frame 300/22028
features of frame 400/22028
features of frame 500/22028
features of frame 600/22028
features of frame 700/22028
features of frame 800/22028
features of frame 900/22028
features of frame 1000/22028
features of frame 1100/22028
features of frame 1200/22028
features of frame 1300/22028
features of frame 1400/22028
features of frame 1500/22028
features of frame 1600/22028
features of frame 1700/22028
features of frame 1800/22028
features of frame 1900/22028
features of frame 2000/22028
features of frame 2100/22028
features of frame 2200/22028
features of frame 2300/22028
features of frame 2400/22028
features of frame 2500/22028
features of frame 2600/22028
features of frame 2700/22028
features of frame 2800/22028
features of frame 2900/22028
features of frame 3000/22028
features of frame 3100/22028
features of frame 3200/22028
features of frame 3300/22028
features of frame 3400/22028
features of frame 3500/22028
features of frame 3600/22028
features of frame 3700/22028
features of frame 3800/22028
features of frame 3900/22028
features of frame 4000/22028
features of frame 4100/22028
features of frame 4200/22028
features of frame 4300/22028
features of frame 4400/22028
features of frame 4500/22028
features of frame 4600/22028
features of frame 4700/22028
features of frame 4800/22028
features of frame 4900/22028
features of frame 5000/22028
features of frame 5100/22028
features of frame 5200/22028
features of frame 5300/22028
features of frame 5400/22028
features of frame 5500/22028
features of frame 5600/22028
features of frame 5700/22028
features of frame 5800/22028
features of frame 5900/22028
features of frame 6000/22028
features of frame 6100/22028
features of frame 6200/22028
features of frame 6300/22028
features of frame 6400/22028
features of frame 6500/22028
features of frame 6600/22028
features of frame 6700/22028
features of frame 6800/22028
features of frame 6900/22028
features of frame 7000/22028
features of frame 7100/22028
features of frame 7200/22028
features of frame 7300/22028
features of frame 7400/22028
features of frame 7500/22028
features of frame 7600/22028
features of frame 7700/22028
features of frame 7800/22028
features of frame 7900/22028
features of frame 8000/22028
features of frame 8100/22028
features of frame 8200/22028
features of frame 8300/22028
features of frame 8400/22028
features of frame 8500/22028
features of frame 8600/22028
features of frame 8700/22028
features of frame 8800/22028
features of frame 8900/22028
features of frame 9000/22028
features of frame 9100/22028
features of frame 9200/22028
features of frame 9300/22028
features of frame 9400/22028
features of frame 9500/22028
features of frame 9600/22028
features of frame 9700/22028
features of frame 9800/22028
features of frame 9900/22028
features of frame 10000/22028
features of frame 10100/22028
features of frame 10200/22028
features of frame 10300/22028
features of frame 10400/22028
features of frame 10500/22028
features of frame 10600/22028
features of frame 10700/22028
features of frame 10800/22028
features of frame 10900/22028
features of frame 11000/22028
features of frame 11100/22028
features of frame 11200/22028
features of frame 11300/22028
features of frame 11400/22028
features of frame 11500/22028
features of frame 11600/22028
features of frame 11700/22028
features of frame 11800/22028
features of frame 11900/22028
features of frame 12000/22028
features of frame 12100/22028
features of frame 12200/22028
features of frame 12300/22028
features of frame 12400/22028
features of frame 12500/22028
features of frame 12600/22028
features of frame 12700/22028
features of frame 12800/22028
features of frame 12900/22028
features of frame 13000/22028
features of frame 13100/22028
features of frame 13200/22028
features of frame 13300/22028
features of frame 13400/22028
features of frame 13500/22028
features of frame 13600/22028
features of frame 13700/22028
features of frame 13800/22028
features of frame 13900/22028
features of frame 14000/22028
features of frame 14100/22028
features of frame 14200/22028
features of frame 14300/22028
features of frame 14400/22028
features of frame 14500/22028
features of frame 14600/22028
features of frame 14700/22028
features of frame 14800/22028
features of frame 14900/22028
features of frame 15000/22028
features of frame 15100/22028
features of frame 15200/22028
features of frame 15300/22028
features of frame 15400/22028
features of frame 15500/22028
features of frame 15600/22028
features of frame 15700/22028
features of frame 15800/22028
features of frame 15900/22028
features of frame 16000/22028
features of frame 16100/22028
features of frame 16200/22028
features of frame 16300/22028
features of frame 16400/22028
features of frame 16500/22028
features of frame 16600/22028
features of frame 16700/22028
features of frame 16800/22028
features of frame 16900/22028
features of frame 17000/22028
features of frame 17100/22028
features of frame 17200/22028
features of frame 17300/22028
features of frame 17400/22028
features of frame 17500/22028
features of frame 17600/22028
features of frame 17700/22028
features of frame 17800/22028
features of frame 17900/22028
features of frame 18000/22028
features of frame 18100/22028
features of frame 18200/22028
features of frame 18300/22028
features of frame 18400/22028
features of frame 18500/22028
features of frame 18600/22028
features of frame 18700/22028
features of frame 18800/22028
features of frame 18900/22028
features of frame 19000/22028
features of frame 19100/22028
features of frame 19200/22028
features of frame 19300/22028
features of frame 19400/22028
features of frame 19500/22028
features of frame 19600/22028
features of frame 19700/22028
features of frame 19800/22028
features of frame 19900/22028
features of frame 20000/22028
features of frame 20100/22028
features of frame 20200/22028
features of frame 20300/22028
features of frame 20400/22028
features of frame 20500/22028
features of frame 20600/22028
features of frame 20700/22028
features of frame 20800/22028
features of frame 20900/22028
features of frame 21000/22028
features of frame 21100/22028
features of frame 21200/22028
features of frame 21300/22028
features of frame 21400/22028
features of frame 21500/22028
features of frame 21600/22028
features of frame 21700/22028
features of frame 21800/22028
features of frame 21900/22028
features of frame 22000/22028
extracting features from video ... 111/101
features of frame 100/13081
features of frame 200/13081
features of frame 300/13081
features of frame 400/13081
features of frame 500/13081
features of frame 600/13081
features of frame 700/13081
features of frame 800/13081
features of frame 900/13081
features of frame 1000/13081
features of frame 1100/13081
features of frame 1200/13081
features of frame 1300/13081
features of frame 1400/13081
features of frame 1500/13081
features of frame 1600/13081
features of frame 1700/13081
features of frame 1800/13081
features of frame 1900/13081
features of frame 2000/13081
features of frame 2100/13081
features of frame 2200/13081
features of frame 2300/13081
features of frame 2400/13081
features of frame 2500/13081
features of frame 2600/13081
features of frame 2700/13081
features of frame 2800/13081
features of frame 2900/13081
features of frame 3000/13081
features of frame 3100/13081
features of frame 3200/13081
features of frame 3300/13081
features of frame 3400/13081
features of frame 3500/13081
features of frame 3600/13081
features of frame 3700/13081
features of frame 3800/13081
features of frame 3900/13081
features of frame 4000/13081
features of frame 4100/13081
features of frame 4200/13081
features of frame 4300/13081
features of frame 4400/13081
features of frame 4500/13081
features of frame 4600/13081
features of frame 4700/13081
features of frame 4800/13081
features of frame 4900/13081
features of frame 5000/13081
features of frame 5100/13081
features of frame 5200/13081
features of frame 5300/13081
features of frame 5400/13081
features of frame 5500/13081
features of frame 5600/13081
features of frame 5700/13081
features of frame 5800/13081
features of frame 5900/13081
features of frame 6000/13081
features of frame 6100/13081
features of frame 6200/13081
features of frame 6300/13081
features of frame 6400/13081
features of frame 6500/13081
features of frame 6600/13081
features of frame 6700/13081
features of frame 6800/13081
features of frame 6900/13081
features of frame 7000/13081
features of frame 7100/13081
features of frame 7200/13081
features of frame 7300/13081
features of frame 7400/13081
features of frame 7500/13081
features of frame 7600/13081
features of frame 7700/13081
features of frame 7800/13081
features of frame 7900/13081
features of frame 8000/13081
features of frame 8100/13081
features of frame 8200/13081
features of frame 8300/13081
features of frame 8400/13081
features of frame 8500/13081
features of frame 8600/13081
features of frame 8700/13081
features of frame 8800/13081
features of frame 8900/13081
features of frame 9000/13081
features of frame 9100/13081
features of frame 9200/13081
features of frame 9300/13081
features of frame 9400/13081
features of frame 9500/13081
features of frame 9600/13081
features of frame 9700/13081
features of frame 9800/13081
features of frame 9900/13081
features of frame 10000/13081
features of frame 10100/13081
features of frame 10200/13081
features of frame 10300/13081
features of frame 10400/13081
features of frame 10500/13081
features of frame 10600/13081
features of frame 10700/13081
features of frame 10800/13081
features of frame 10900/13081
features of frame 11000/13081
features of frame 11100/13081
features of frame 11200/13081
features of frame 11300/13081
features of frame 11400/13081
features of frame 11500/13081
features of frame 11600/13081
features of frame 11700/13081
features of frame 11800/13081
features of frame 11900/13081
features of frame 12000/13081
features of frame 12100/13081
features of frame 12200/13081
features of frame 12300/13081
features of frame 12400/13081
features of frame 12500/13081
features of frame 12600/13081
features of frame 12700/13081
features of frame 12800/13081
features of frame 12900/13081
features of frame 13000/13081
extracting features from video ... 112/101
features of frame 100/2654
features of frame 200/2654
features of frame 300/2654
features of frame 400/2654
features of frame 500/2654
features of frame 600/2654
features of frame 700/2654
features of frame 800/2654
features of frame 900/2654
features of frame 1000/2654
features of frame 1100/2654
features of frame 1200/2654
features of frame 1300/2654
features of frame 1400/2654
features of frame 1500/2654
features of frame 1600/2654
features of frame 1700/2654
features of frame 1800/2654
features of frame 1900/2654
features of frame 2000/2654
features of frame 2100/2654
features of frame 2200/2654
features of frame 2300/2654
features of frame 2400/2654
features of frame 2500/2654
features of frame 2600/2654
extracting features from video ... 113/101
features of frame 100/3603
features of frame 200/3603
features of frame 300/3603
features of frame 400/3603
features of frame 500/3603
features of frame 600/3603
features of frame 700/3603
features of frame 800/3603
features of frame 900/3603
features of frame 1000/3603
features of frame 1100/3603
features of frame 1200/3603
features of frame 1300/3603
features of frame 1400/3603
features of frame 1500/3603
features of frame 1600/3603
features of frame 1700/3603
features of frame 1800/3603
features of frame 1900/3603
features of frame 2000/3603
features of frame 2100/3603
features of frame 2200/3603
features of frame 2300/3603
features of frame 2400/3603
features of frame 2500/3603
features of frame 2600/3603
features of frame 2700/3603
features of frame 2800/3603
features of frame 2900/3603
features of frame 3000/3603
features of frame 3100/3603
features of frame 3200/3603
features of frame 3300/3603
features of frame 3400/3603
features of frame 3500/3603
features of frame 3600/3603
extracting features from video ... 114/101
features of frame 100/23718
features of frame 200/23718
features of frame 300/23718
features of frame 400/23718
features of frame 500/23718
features of frame 600/23718
features of frame 700/23718
features of frame 800/23718
features of frame 900/23718
features of frame 1000/23718
features of frame 1100/23718
features of frame 1200/23718
features of frame 1300/23718
features of frame 1400/23718
features of frame 1500/23718
features of frame 1600/23718
features of frame 1700/23718
features of frame 1800/23718
features of frame 1900/23718
features of frame 2000/23718
features of frame 2100/23718
features of frame 2200/23718
features of frame 2300/23718
features of frame 2400/23718
features of frame 2500/23718
features of frame 2600/23718
features of frame 2700/23718
features of frame 2800/23718
features of frame 2900/23718
features of frame 3000/23718
features of frame 3100/23718
features of frame 3200/23718
features of frame 3300/23718
features of frame 3400/23718
features of frame 3500/23718
features of frame 3600/23718
features of frame 3700/23718
features of frame 3800/23718
features of frame 3900/23718
features of frame 4000/23718
features of frame 4100/23718
features of frame 4200/23718
features of frame 4300/23718
features of frame 4400/23718
features of frame 4500/23718
features of frame 4600/23718
features of frame 4700/23718
features of frame 4800/23718
features of frame 4900/23718
features of frame 5000/23718
features of frame 5100/23718
features of frame 5200/23718
features of frame 5300/23718
features of frame 5400/23718
features of frame 5500/23718
features of frame 5600/23718
features of frame 5700/23718
features of frame 5800/23718
features of frame 5900/23718
features of frame 6000/23718
features of frame 6100/23718
features of frame 6200/23718
features of frame 6300/23718
features of frame 6400/23718
features of frame 6500/23718
features of frame 6600/23718
features of frame 6700/23718
features of frame 6800/23718
features of frame 6900/23718
features of frame 7000/23718
features of frame 7100/23718
features of frame 7200/23718
features of frame 7300/23718
features of frame 7400/23718
features of frame 7500/23718
features of frame 7600/23718
features of frame 7700/23718
features of frame 7800/23718
features of frame 7900/23718
features of frame 8000/23718
features of frame 8100/23718
features of frame 8200/23718
features of frame 8300/23718
features of frame 8400/23718
features of frame 8500/23718
features of frame 8600/23718
features of frame 8700/23718
features of frame 8800/23718
features of frame 8900/23718
features of frame 9000/23718
features of frame 9100/23718
features of frame 9200/23718
features of frame 9300/23718
features of frame 9400/23718
features of frame 9500/23718
features of frame 9600/23718
features of frame 9700/23718
features of frame 9800/23718
features of frame 9900/23718
features of frame 10000/23718
features of frame 10100/23718
features of frame 10200/23718
features of frame 10300/23718
features of frame 10400/23718
features of frame 10500/23718
features of frame 10600/23718
features of frame 10700/23718
features of frame 10800/23718
features of frame 10900/23718
features of frame 11000/23718
features of frame 11100/23718
features of frame 11200/23718
features of frame 11300/23718
features of frame 11400/23718
features of frame 11500/23718
features of frame 11600/23718
features of frame 11700/23718
features of frame 11800/23718
features of frame 11900/23718
features of frame 12000/23718
features of frame 12100/23718
features of frame 12200/23718
features of frame 12300/23718
features of frame 12400/23718
features of frame 12500/23718
features of frame 12600/23718
features of frame 12700/23718
features of frame 12800/23718
features of frame 12900/23718
features of frame 13000/23718
features of frame 13100/23718
features of frame 13200/23718
features of frame 13300/23718
features of frame 13400/23718
features of frame 13500/23718
features of frame 13600/23718
features of frame 13700/23718
features of frame 13800/23718
features of frame 13900/23718
features of frame 14000/23718
features of frame 14100/23718
features of frame 14200/23718
features of frame 14300/23718
features of frame 14400/23718
features of frame 14500/23718
features of frame 14600/23718
features of frame 14700/23718
features of frame 14800/23718
features of frame 14900/23718
features of frame 15000/23718
features of frame 15100/23718
features of frame 15200/23718
features of frame 15300/23718
features of frame 15400/23718
features of frame 15500/23718
features of frame 15600/23718
features of frame 15700/23718
features of frame 15800/23718
features of frame 15900/23718
features of frame 16000/23718
features of frame 16100/23718
features of frame 16200/23718
features of frame 16300/23718
features of frame 16400/23718
features of frame 16500/23718
features of frame 16600/23718
features of frame 16700/23718
features of frame 16800/23718
features of frame 16900/23718
features of frame 17000/23718
features of frame 17100/23718
features of frame 17200/23718
features of frame 17300/23718
features of frame 17400/23718
features of frame 17500/23718
features of frame 17600/23718
features of frame 17700/23718
features of frame 17800/23718
features of frame 17900/23718
features of frame 18000/23718
features of frame 18100/23718
features of frame 18200/23718
features of frame 18300/23718
features of frame 18400/23718
features of frame 18500/23718
features of frame 18600/23718
features of frame 18700/23718
features of frame 18800/23718
features of frame 18900/23718
features of frame 19000/23718
features of frame 19100/23718
features of frame 19200/23718
features of frame 19300/23718
features of frame 19400/23718
features of frame 19500/23718
features of frame 19600/23718
features of frame 19700/23718
features of frame 19800/23718
features of frame 19900/23718
features of frame 20000/23718
features of frame 20100/23718
features of frame 20200/23718
features of frame 20300/23718
features of frame 20400/23718
features of frame 20500/23718
features of frame 20600/23718
features of frame 20700/23718
features of frame 20800/23718
features of frame 20900/23718
features of frame 21000/23718
features of frame 21100/23718
features of frame 21200/23718
features of frame 21300/23718
features of frame 21400/23718
features of frame 21500/23718
features of frame 21600/23718
features of frame 21700/23718
features of frame 21800/23718
features of frame 21900/23718
features of frame 22000/23718
features of frame 22100/23718
features of frame 22200/23718
features of frame 22300/23718
features of frame 22400/23718
features of frame 22500/23718
features of frame 22600/23718
features of frame 22700/23718
features of frame 22800/23718
features of frame 22900/23718
features of frame 23000/23718
features of frame 23100/23718
features of frame 23200/23718
features of frame 23300/23718
features of frame 23400/23718
features of frame 23500/23718
features of frame 23600/23718
{Error using gpuArray/max
Out of memory on device. To view more detail about available memory on the GPU,
use 'gpuDevice()'. If the problem persists, reset the GPU by calling
'gpuDevice(8)'.

Error in vl_nnrelu (line 38)
    y = max(x, 0) ;

Error in dagnn.ReLU/forwardAdvanced (line 29)
      net.vars(out).value = vl_nnrelu(net.vars(in).value, [], ...

Error in dagnn.DagNN/eval (line 91)
  obj.layers(l).block.forwardAdvanced(obj.layers(l)) ;
} 
>> >> 