
                            < M A T L A B (R) >
                  Copyright 1984-2014 The MathWorks, Inc.
                    R2014a (8.3.0.532) 64-bit (glnxa64)
                             February 11, 2014

 
To get started, type one of these: helpwin, helpdesk, or demo.
For product information, visit www.mathworks.com.
 
>>  function info = extract_cnn_features(varargin)
 |
{Error: Function definitions are not permitted in this context.
} 
>> >> >> >> >> >> >> >> >> >> >> >> >> >> >> >> >> >> >> >> >> >> >> >> >> >> >> >> >> >> >> >> >> 
net = 

  DagNN with properties:

                 layers: [1x30 struct]
                   vars: [1x31 struct]
                 params: [1x26 struct]
                   meta: [1x1 struct]
                   mode: 'normal'
                 holdOn: 0
    accumulateParamDers: 0
         conserveMemory: 1
        parameterServer: []
                 device: 'cpu'

>> >> >> >> >> >> >> >> >> >> >> >> >> >> >> >> >> >> >> >> >> extracting features from video ... 127/74
features of frame 100/9970
features of frame 200/9970
features of frame 300/9970
features of frame 400/9970
features of frame 500/9970
features of frame 600/9970
features of frame 700/9970
features of frame 800/9970
features of frame 900/9970
features of frame 1000/9970
features of frame 1100/9970
features of frame 1200/9970
features of frame 1300/9970
features of frame 1400/9970
features of frame 1500/9970
features of frame 1600/9970
features of frame 1700/9970
features of frame 1800/9970
features of frame 1900/9970
features of frame 2000/9970
features of frame 2100/9970
features of frame 2200/9970
features of frame 2300/9970
features of frame 2400/9970
features of frame 2500/9970
features of frame 2600/9970
features of frame 2700/9970
features of frame 2800/9970
features of frame 2900/9970
features of frame 3000/9970
features of frame 3100/9970
features of frame 3200/9970
features of frame 3300/9970
features of frame 3400/9970
features of frame 3500/9970
features of frame 3600/9970
features of frame 3700/9970
features of frame 3800/9970
features of frame 3900/9970
features of frame 4000/9970
features of frame 4100/9970
features of frame 4200/9970
features of frame 4300/9970
features of frame 4400/9970
features of frame 4500/9970
features of frame 4600/9970
features of frame 4700/9970
features of frame 4800/9970
features of frame 4900/9970
features of frame 5000/9970
features of frame 5100/9970
features of frame 5200/9970
features of frame 5300/9970
features of frame 5400/9970
features of frame 5500/9970
features of frame 5600/9970
features of frame 5700/9970
features of frame 5800/9970
features of frame 5900/9970
features of frame 6000/9970
features of frame 6100/9970
features of frame 6200/9970
features of frame 6300/9970
features of frame 6400/9970
features of frame 6500/9970
features of frame 6600/9970
features of frame 6700/9970
features of frame 6800/9970
features of frame 6900/9970
features of frame 7000/9970
features of frame 7100/9970
features of frame 7200/9970
features of frame 7300/9970
features of frame 7400/9970
features of frame 7500/9970
features of frame 7600/9970
features of frame 7700/9970
features of frame 7800/9970
features of frame 7900/9970
features of frame 8000/9970
features of frame 8100/9970
features of frame 8200/9970
features of frame 8300/9970
features of frame 8400/9970
features of frame 8500/9970
features of frame 8600/9970
features of frame 8700/9970
features of frame 8800/9970
features of frame 8900/9970
features of frame 9000/9970
features of frame 9100/9970
features of frame 9200/9970
features of frame 9300/9970
features of frame 9400/9970
features of frame 9500/9970
features of frame 9600/9970
features of frame 9700/9970
features of frame 9800/9970
features of frame 9900/9970
extracting features from video ... 128/74
features of frame 100/11126
features of frame 200/11126
features of frame 300/11126
features of frame 400/11126
features of frame 500/11126
features of frame 600/11126
features of frame 700/11126
features of frame 800/11126
features of frame 900/11126
features of frame 1000/11126
features of frame 1100/11126
features of frame 1200/11126
features of frame 1300/11126
features of frame 1400/11126
features of frame 1500/11126
features of frame 1600/11126
features of frame 1700/11126
features of frame 1800/11126
features of frame 1900/11126
features of frame 2000/11126
features of frame 2100/11126
features of frame 2200/11126
features of frame 2300/11126
features of frame 2400/11126
features of frame 2500/11126
features of frame 2600/11126
features of frame 2700/11126
features of frame 2800/11126
features of frame 2900/11126
features of frame 3000/11126
features of frame 3100/11126
features of frame 3200/11126
features of frame 3300/11126
features of frame 3400/11126
features of frame 3500/11126
features of frame 3600/11126
features of frame 3700/11126
features of frame 3800/11126
features of frame 3900/11126
features of frame 4000/11126
features of frame 4100/11126
features of frame 4200/11126
features of frame 4300/11126
features of frame 4400/11126
features of frame 4500/11126
features of frame 4600/11126
features of frame 4700/11126
features of frame 4800/11126
features of frame 4900/11126
features of frame 5000/11126
features of frame 5100/11126
features of frame 5200/11126
features of frame 5300/11126
features of frame 5400/11126
features of frame 5500/11126
features of frame 5600/11126
features of frame 5700/11126
features of frame 5800/11126
features of frame 5900/11126
features of frame 6000/11126
features of frame 6100/11126
features of frame 6200/11126
features of frame 6300/11126
features of frame 6400/11126
features of frame 6500/11126
features of frame 6600/11126
features of frame 6700/11126
features of frame 6800/11126
features of frame 6900/11126
features of frame 7000/11126
features of frame 7100/11126
features of frame 7200/11126
features of frame 7300/11126
features of frame 7400/11126
features of frame 7500/11126
features of frame 7600/11126
features of frame 7700/11126
features of frame 7800/11126
features of frame 7900/11126
features of frame 8000/11126
features of frame 8100/11126
features of frame 8200/11126
features of frame 8300/11126
features of frame 8400/11126
features of frame 8500/11126
features of frame 8600/11126
features of frame 8700/11126
features of frame 8800/11126
features of frame 8900/11126
features of frame 9000/11126
features of frame 9100/11126
features of frame 9200/11126
features of frame 9300/11126
features of frame 9400/11126
features of frame 9500/11126
features of frame 9600/11126
features of frame 9700/11126
features of frame 9800/11126
features of frame 9900/11126
features of frame 10000/11126
features of frame 10100/11126
features of frame 10200/11126
features of frame 10300/11126
features of frame 10400/11126
features of frame 10500/11126
features of frame 10600/11126
features of frame 10700/11126
features of frame 10800/11126
features of frame 10900/11126
features of frame 11000/11126
features of frame 11100/11126
extracting features from video ... 129/74
features of frame 100/6962
features of frame 200/6962
features of frame 300/6962
features of frame 400/6962
features of frame 500/6962
features of frame 600/6962
features of frame 700/6962
features of frame 800/6962
features of frame 900/6962
features of frame 1000/6962
features of frame 1100/6962
features of frame 1200/6962
features of frame 1300/6962
features of frame 1400/6962
features of frame 1500/6962
features of frame 1600/6962
features of frame 1700/6962
features of frame 1800/6962
features of frame 1900/6962
features of frame 2000/6962
features of frame 2100/6962
features of frame 2200/6962
features of frame 2300/6962
features of frame 2400/6962
features of frame 2500/6962
features of frame 2600/6962
features of frame 2700/6962
features of frame 2800/6962
features of frame 2900/6962
features of frame 3000/6962
features of frame 3100/6962
features of frame 3200/6962
features of frame 3300/6962
features of frame 3400/6962
features of frame 3500/6962
features of frame 3600/6962
features of frame 3700/6962
features of frame 3800/6962
features of frame 3900/6962
features of frame 4000/6962
features of frame 4100/6962
features of frame 4200/6962
features of frame 4300/6962
features of frame 4400/6962
features of frame 4500/6962
features of frame 4600/6962
features of frame 4700/6962
features of frame 4800/6962
features of frame 4900/6962
features of frame 5000/6962
features of frame 5100/6962
features of frame 5200/6962
features of frame 5300/6962
features of frame 5400/6962
features of frame 5500/6962
features of frame 5600/6962
features of frame 5700/6962
features of frame 5800/6962
features of frame 5900/6962
features of frame 6000/6962
features of frame 6100/6962
features of frame 6200/6962
features of frame 6300/6962
features of frame 6400/6962
features of frame 6500/6962
features of frame 6600/6962
features of frame 6700/6962
features of frame 6800/6962
features of frame 6900/6962
extracting features from video ... 130/74
features of frame 100/4094
features of frame 200/4094
features of frame 300/4094
features of frame 400/4094
features of frame 500/4094
features of frame 600/4094
features of frame 700/4094
features of frame 800/4094
features of frame 900/4094
features of frame 1000/4094
features of frame 1100/4094
features of frame 1200/4094
features of frame 1300/4094
features of frame 1400/4094
features of frame 1500/4094
features of frame 1600/4094
features of frame 1700/4094
features of frame 1800/4094
features of frame 1900/4094
features of frame 2000/4094
features of frame 2100/4094
features of frame 2200/4094
features of frame 2300/4094
features of frame 2400/4094
features of frame 2500/4094
features of frame 2600/4094
features of frame 2700/4094
features of frame 2800/4094
features of frame 2900/4094
features of frame 3000/4094
features of frame 3100/4094
features of frame 3200/4094
features of frame 3300/4094
features of frame 3400/4094
features of frame 3500/4094
features of frame 3600/4094
features of frame 3700/4094
features of frame 3800/4094
features of frame 3900/4094
features of frame 4000/4094
extracting features from video ... 131/74
features of frame 100/1950
features of frame 200/1950
features of frame 300/1950
features of frame 400/1950
features of frame 500/1950
features of frame 600/1950
features of frame 700/1950
features of frame 800/1950
features of frame 900/1950
features of frame 1000/1950
features of frame 1100/1950
features of frame 1200/1950
features of frame 1300/1950
features of frame 1400/1950
features of frame 1500/1950
features of frame 1600/1950
features of frame 1700/1950
features of frame 1800/1950
features of frame 1900/1950
extracting features from video ... 132/74
features of frame 100/5074
features of frame 200/5074
features of frame 300/5074
features of frame 400/5074
features of frame 500/5074
features of frame 600/5074
features of frame 700/5074
features of frame 800/5074
features of frame 900/5074
features of frame 1000/5074
features of frame 1100/5074
features of frame 1200/5074
features of frame 1300/5074
features of frame 1400/5074
features of frame 1500/5074
features of frame 1600/5074
features of frame 1700/5074
features of frame 1800/5074
features of frame 1900/5074
features of frame 2000/5074
features of frame 2100/5074
features of frame 2200/5074
features of frame 2300/5074
features of frame 2400/5074
features of frame 2500/5074
features of frame 2600/5074
features of frame 2700/5074
features of frame 2800/5074
features of frame 2900/5074
features of frame 3000/5074
features of frame 3100/5074
features of frame 3200/5074
features of frame 3300/5074
features of frame 3400/5074
features of frame 3500/5074
features of frame 3600/5074
features of frame 3700/5074
features of frame 3800/5074
features of frame 3900/5074
features of frame 4000/5074
features of frame 4100/5074
features of frame 4200/5074
features of frame 4300/5074
features of frame 4400/5074
features of frame 4500/5074
features of frame 4600/5074
features of frame 4700/5074
features of frame 4800/5074
features of frame 4900/5074
features of frame 5000/5074
extracting features from video ... 133/74
features of frame 100/1138
features of frame 200/1138
features of frame 300/1138
features of frame 400/1138
features of frame 500/1138
features of frame 600/1138
features of frame 700/1138
features of frame 800/1138
features of frame 900/1138
features of frame 1000/1138
features of frame 1100/1138
extracting features from video ... 134/74
features of frame 100/2053
features of frame 200/2053
features of frame 300/2053
features of frame 400/2053
features of frame 500/2053
features of frame 600/2053
features of frame 700/2053
features of frame 800/2053
features of frame 900/2053
features of frame 1000/2053
features of frame 1100/2053
features of frame 1200/2053
features of frame 1300/2053
features of frame 1400/2053
features of frame 1500/2053
features of frame 1600/2053
features of frame 1700/2053
features of frame 1800/2053
features of frame 1900/2053
features of frame 2000/2053
extracting features from video ... 135/74
features of frame 100/3876
features of frame 200/3876
features of frame 300/3876
features of frame 400/3876
features of frame 500/3876
features of frame 600/3876
features of frame 700/3876
features of frame 800/3876
features of frame 900/3876
features of frame 1000/3876
features of frame 1100/3876
features of frame 1200/3876
features of frame 1300/3876
features of frame 1400/3876
features of frame 1500/3876
features of frame 1600/3876
features of frame 1700/3876
features of frame 1800/3876
features of frame 1900/3876
features of frame 2000/3876
features of frame 2100/3876
features of frame 2200/3876
features of frame 2300/3876
features of frame 2400/3876
features of frame 2500/3876
features of frame 2600/3876
features of frame 2700/3876
features of frame 2800/3876
features of frame 2900/3876
features of frame 3000/3876
features of frame 3100/3876
features of frame 3200/3876
features of frame 3300/3876
features of frame 3400/3876
features of frame 3500/3876
features of frame 3600/3876
features of frame 3700/3876
features of frame 3800/3876
extracting features from video ... 136/74
features of frame 100/922
features of frame 200/922
features of frame 300/922
features of frame 400/922
features of frame 500/922
features of frame 600/922
features of frame 700/922
features of frame 800/922
features of frame 900/922
extracting features from video ... 137/74
features of frame 100/979
features of frame 200/979
features of frame 300/979
features of frame 400/979
features of frame 500/979
features of frame 600/979
features of frame 700/979
features of frame 800/979
features of frame 900/979
extracting features from video ... 138/74
features of frame 100/3960
features of frame 200/3960
features of frame 300/3960
features of frame 400/3960
features of frame 500/3960
features of frame 600/3960
features of frame 700/3960
features of frame 800/3960
features of frame 900/3960
features of frame 1000/3960
features of frame 1100/3960
features of frame 1200/3960
features of frame 1300/3960
features of frame 1400/3960
features of frame 1500/3960
features of frame 1600/3960
features of frame 1700/3960
features of frame 1800/3960
features of frame 1900/3960
features of frame 2000/3960
features of frame 2100/3960
features of frame 2200/3960
features of frame 2300/3960
features of frame 2400/3960
features of frame 2500/3960
features of frame 2600/3960
features of frame 2700/3960
features of frame 2800/3960
features of frame 2900/3960
features of frame 3000/3960
features of frame 3100/3960
features of frame 3200/3960
features of frame 3300/3960
features of frame 3400/3960
features of frame 3500/3960
features of frame 3600/3960
features of frame 3700/3960
features of frame 3800/3960
features of frame 3900/3960
extracting features from video ... 139/74
features of frame 100/610
features of frame 200/610
features of frame 300/610
features of frame 400/610
features of frame 500/610
features of frame 600/610
extracting features from video ... 140/74
features of frame 100/8407
features of frame 200/8407
features of frame 300/8407
features of frame 400/8407
features of frame 500/8407
features of frame 600/8407
features of frame 700/8407
features of frame 800/8407
features of frame 900/8407
features of frame 1000/8407
features of frame 1100/8407
features of frame 1200/8407
features of frame 1300/8407
features of frame 1400/8407
features of frame 1500/8407
features of frame 1600/8407
features of frame 1700/8407
features of frame 1800/8407
features of frame 1900/8407
features of frame 2000/8407
features of frame 2100/8407
features of frame 2200/8407
features of frame 2300/8407
features of frame 2400/8407
features of frame 2500/8407
features of frame 2600/8407
features of frame 2700/8407
features of frame 2800/8407
features of frame 2900/8407
features of frame 3000/8407
features of frame 3100/8407
features of frame 3200/8407
features of frame 3300/8407
features of frame 3400/8407
features of frame 3500/8407
features of frame 3600/8407
features of frame 3700/8407
features of frame 3800/8407
features of frame 3900/8407
features of frame 4000/8407
features of frame 4100/8407
features of frame 4200/8407
features of frame 4300/8407
features of frame 4400/8407
features of frame 4500/8407
features of frame 4600/8407
features of frame 4700/8407
features of frame 4800/8407
features of frame 4900/8407
features of frame 5000/8407
features of frame 5100/8407
features of frame 5200/8407
features of frame 5300/8407
features of frame 5400/8407
features of frame 5500/8407
features of frame 5600/8407
features of frame 5700/8407
features of frame 5800/8407
features of frame 5900/8407
features of frame 6000/8407
features of frame 6100/8407
features of frame 6200/8407
features of frame 6300/8407
features of frame 6400/8407
features of frame 6500/8407
features of frame 6600/8407
features of frame 6700/8407
features of frame 6800/8407
features of frame 6900/8407
features of frame 7000/8407
features of frame 7100/8407
features of frame 7200/8407
features of frame 7300/8407
features of frame 7400/8407
features of frame 7500/8407
features of frame 7600/8407
features of frame 7700/8407
features of frame 7800/8407
features of frame 7900/8407
features of frame 8000/8407
features of frame 8100/8407
features of frame 8200/8407
features of frame 8300/8407
features of frame 8400/8407
extracting features from video ... 141/74
features of frame 100/3821
features of frame 200/3821
features of frame 300/3821
features of frame 400/3821
features of frame 500/3821
features of frame 600/3821
features of frame 700/3821
features of frame 800/3821
features of frame 900/3821
features of frame 1000/3821
features of frame 1100/3821
features of frame 1200/3821
features of frame 1300/3821
features of frame 1400/3821
features of frame 1500/3821
features of frame 1600/3821
features of frame 1700/3821
features of frame 1800/3821
features of frame 1900/3821
features of frame 2000/3821
features of frame 2100/3821
features of frame 2200/3821
features of frame 2300/3821
features of frame 2400/3821
features of frame 2500/3821
features of frame 2600/3821
features of frame 2700/3821
features of frame 2800/3821
features of frame 2900/3821
features of frame 3000/3821
features of frame 3100/3821
features of frame 3200/3821
features of frame 3300/3821
features of frame 3400/3821
features of frame 3500/3821
features of frame 3600/3821
features of frame 3700/3821
features of frame 3800/3821
extracting features from video ... 142/74
features of frame 100/3613
features of frame 200/3613
features of frame 300/3613
features of frame 400/3613
features of frame 500/3613
features of frame 600/3613
features of frame 700/3613
features of frame 800/3613
features of frame 900/3613
features of frame 1000/3613
features of frame 1100/3613
features of frame 1200/3613
features of frame 1300/3613
features of frame 1400/3613
features of frame 1500/3613
features of frame 1600/3613
features of frame 1700/3613
features of frame 1800/3613
features of frame 1900/3613
features of frame 2000/3613
features of frame 2100/3613
features of frame 2200/3613
features of frame 2300/3613
features of frame 2400/3613
features of frame 2500/3613
features of frame 2600/3613
features of frame 2700/3613
features of frame 2800/3613
features of frame 2900/3613
features of frame 3000/3613
features of frame 3100/3613
features of frame 3200/3613
features of frame 3300/3613
features of frame 3400/3613
features of frame 3500/3613
features of frame 3600/3613
extracting features from video ... 143/74
features of frame 100/5910
features of frame 200/5910
features of frame 300/5910
features of frame 400/5910
features of frame 500/5910
features of frame 600/5910
features of frame 700/5910
features of frame 800/5910
features of frame 900/5910
features of frame 1000/5910
features of frame 1100/5910
features of frame 1200/5910
features of frame 1300/5910
features of frame 1400/5910
features of frame 1500/5910
features of frame 1600/5910
features of frame 1700/5910
features of frame 1800/5910
features of frame 1900/5910
features of frame 2000/5910
features of frame 2100/5910
features of frame 2200/5910
features of frame 2300/5910
features of frame 2400/5910
features of frame 2500/5910
features of frame 2600/5910
features of frame 2700/5910
features of frame 2800/5910
features of frame 2900/5910
features of frame 3000/5910
features of frame 3100/5910
features of frame 3200/5910
features of frame 3300/5910
features of frame 3400/5910
features of frame 3500/5910
features of frame 3600/5910
features of frame 3700/5910
features of frame 3800/5910
features of frame 3900/5910
features of frame 4000/5910
features of frame 4100/5910
features of frame 4200/5910
features of frame 4300/5910
features of frame 4400/5910
features of frame 4500/5910
features of frame 4600/5910
features of frame 4700/5910
features of frame 4800/5910
features of frame 4900/5910
features of frame 5000/5910
features of frame 5100/5910
features of frame 5200/5910
features of frame 5300/5910
features of frame 5400/5910
features of frame 5500/5910
features of frame 5600/5910
features of frame 5700/5910
features of frame 5800/5910
features of frame 5900/5910
extracting features from video ... 144/74
features of frame 100/2663
features of frame 200/2663
features of frame 300/2663
features of frame 400/2663
features of frame 500/2663
features of frame 600/2663
features of frame 700/2663
features of frame 800/2663
features of frame 900/2663
features of frame 1000/2663
features of frame 1100/2663
features of frame 1200/2663
features of frame 1300/2663
features of frame 1400/2663
features of frame 1500/2663
features of frame 1600/2663
features of frame 1700/2663
features of frame 1800/2663
features of frame 1900/2663
features of frame 2000/2663
features of frame 2100/2663
features of frame 2200/2663
features of frame 2300/2663
features of frame 2400/2663
features of frame 2500/2663
features of frame 2600/2663
extracting features from video ... 145/74
features of frame 100/4209
features of frame 200/4209
features of frame 300/4209
features of frame 400/4209
features of frame 500/4209
features of frame 600/4209
features of frame 700/4209
features of frame 800/4209
features of frame 900/4209
features of frame 1000/4209
features of frame 1100/4209
features of frame 1200/4209
features of frame 1300/4209
features of frame 1400/4209
features of frame 1500/4209
features of frame 1600/4209
features of frame 1700/4209
features of frame 1800/4209
features of frame 1900/4209
features of frame 2000/4209
features of frame 2100/4209
features of frame 2200/4209
features of frame 2300/4209
features of frame 2400/4209
features of frame 2500/4209
features of frame 2600/4209
features of frame 2700/4209
features of frame 2800/4209
features of frame 2900/4209
features of frame 3000/4209
features of frame 3100/4209
features of frame 3200/4209
features of frame 3300/4209
features of frame 3400/4209
features of frame 3500/4209
features of frame 3600/4209
features of frame 3700/4209
features of frame 3800/4209
features of frame 3900/4209
features of frame 4000/4209
features of frame 4100/4209
features of frame 4200/4209
extracting features from video ... 146/74
features of frame 100/3217
features of frame 200/3217
features of frame 300/3217
features of frame 400/3217
features of frame 500/3217
features of frame 600/3217
features of frame 700/3217
features of frame 800/3217
features of frame 900/3217
features of frame 1000/3217
features of frame 1100/3217
features of frame 1200/3217
features of frame 1300/3217
features of frame 1400/3217
features of frame 1500/3217
features of frame 1600/3217
features of frame 1700/3217
features of frame 1800/3217
features of frame 1900/3217
features of frame 2000/3217
features of frame 2100/3217
features of frame 2200/3217
features of frame 2300/3217
features of frame 2400/3217
features of frame 2500/3217
features of frame 2600/3217
features of frame 2700/3217
features of frame 2800/3217
features of frame 2900/3217
features of frame 3000/3217
features of frame 3100/3217
features of frame 3200/3217
extracting features from video ... 147/74
features of frame 100/1184
features of frame 200/1184
features of frame 300/1184
features of frame 400/1184
features of frame 500/1184
features of frame 600/1184
features of frame 700/1184
features of frame 800/1184
features of frame 900/1184
features of frame 1000/1184
features of frame 1100/1184
extracting features from video ... 148/74
features of frame 100/2023
features of frame 200/2023
features of frame 300/2023
features of frame 400/2023
features of frame 500/2023
features of frame 600/2023
features of frame 700/2023
features of frame 800/2023
features of frame 900/2023
features of frame 1000/2023
features of frame 1100/2023
features of frame 1200/2023
features of frame 1300/2023
features of frame 1400/2023
features of frame 1500/2023
features of frame 1600/2023
features of frame 1700/2023
features of frame 1800/2023
features of frame 1900/2023
features of frame 2000/2023
extracting features from video ... 149/74
features of frame 100/5488
features of frame 200/5488
features of frame 300/5488
features of frame 400/5488
features of frame 500/5488
features of frame 600/5488
features of frame 700/5488
features of frame 800/5488
features of frame 900/5488
features of frame 1000/5488
features of frame 1100/5488
features of frame 1200/5488
features of frame 1300/5488
features of frame 1400/5488
features of frame 1500/5488
features of frame 1600/5488
features of frame 1700/5488
features of frame 1800/5488
features of frame 1900/5488
features of frame 2000/5488
features of frame 2100/5488
features of frame 2200/5488
features of frame 2300/5488
features of frame 2400/5488
features of frame 2500/5488
features of frame 2600/5488
features of frame 2700/5488
features of frame 2800/5488
features of frame 2900/5488
features of frame 3000/5488
features of frame 3100/5488
features of frame 3200/5488
features of frame 3300/5488
features of frame 3400/5488
features of frame 3500/5488
features of frame 3600/5488
features of frame 3700/5488
features of frame 3800/5488
features of frame 3900/5488
features of frame 4000/5488
features of frame 4100/5488
features of frame 4200/5488
features of frame 4300/5488
features of frame 4400/5488
features of frame 4500/5488
features of frame 4600/5488
features of frame 4700/5488
features of frame 4800/5488
features of frame 4900/5488
features of frame 5000/5488
features of frame 5100/5488
features of frame 5200/5488
features of frame 5300/5488
features of frame 5400/5488
extracting features from video ... 150/74
features of frame 100/3034
features of frame 200/3034
features of frame 300/3034
features of frame 400/3034
features of frame 500/3034
features of frame 600/3034
features of frame 700/3034
features of frame 800/3034
features of frame 900/3034
features of frame 1000/3034
features of frame 1100/3034
features of frame 1200/3034
features of frame 1300/3034
features of frame 1400/3034
features of frame 1500/3034
features of frame 1600/3034
features of frame 1700/3034
features of frame 1800/3034
features of frame 1900/3034
features of frame 2000/3034
features of frame 2100/3034
features of frame 2200/3034
features of frame 2300/3034
features of frame 2400/3034
features of frame 2500/3034
features of frame 2600/3034
features of frame 2700/3034
features of frame 2800/3034
features of frame 2900/3034
features of frame 3000/3034
extracting features from video ... 151/74
features of frame 100/930
features of frame 200/930
features of frame 300/930
features of frame 400/930
features of frame 500/930
features of frame 600/930
features of frame 700/930
features of frame 800/930
features of frame 900/930
extracting features from video ... 152/74
features of frame 100/7067
features of frame 200/7067
features of frame 300/7067
features of frame 400/7067
features of frame 500/7067
features of frame 600/7067
features of frame 700/7067
features of frame 800/7067
features of frame 900/7067
features of frame 1000/7067
features of frame 1100/7067
features of frame 1200/7067
features of frame 1300/7067
features of frame 1400/7067
features of frame 1500/7067
features of frame 1600/7067
features of frame 1700/7067
features of frame 1800/7067
features of frame 1900/7067
features of frame 2000/7067
features of frame 2100/7067
features of frame 2200/7067
features of frame 2300/7067
features of frame 2400/7067
features of frame 2500/7067
features of frame 2600/7067
features of frame 2700/7067
features of frame 2800/7067
features of frame 2900/7067
features of frame 3000/7067
features of frame 3100/7067
features of frame 3200/7067
features of frame 3300/7067
features of frame 3400/7067
features of frame 3500/7067
features of frame 3600/7067
features of frame 3700/7067
features of frame 3800/7067
features of frame 3900/7067
features of frame 4000/7067
features of frame 4100/7067
features of frame 4200/7067
features of frame 4300/7067
features of frame 4400/7067
features of frame 4500/7067
features of frame 4600/7067
features of frame 4700/7067
features of frame 4800/7067
features of frame 4900/7067
features of frame 5000/7067
features of frame 5100/7067
features of frame 5200/7067
features of frame 5300/7067
features of frame 5400/7067
features of frame 5500/7067
features of frame 5600/7067
features of frame 5700/7067
features of frame 5800/7067
features of frame 5900/7067
features of frame 6000/7067
features of frame 6100/7067
features of frame 6200/7067
features of frame 6300/7067
features of frame 6400/7067
features of frame 6500/7067
features of frame 6600/7067
features of frame 6700/7067
features of frame 6800/7067
features of frame 6900/7067
features of frame 7000/7067
extracting features from video ... 153/74
features of frame 100/2131
features of frame 200/2131
features of frame 300/2131
features of frame 400/2131
features of frame 500/2131
features of frame 600/2131
features of frame 700/2131
features of frame 800/2131
features of frame 900/2131
features of frame 1000/2131
features of frame 1100/2131
features of frame 1200/2131
features of frame 1300/2131
features of frame 1400/2131
features of frame 1500/2131
features of frame 1600/2131
features of frame 1700/2131
features of frame 1800/2131
features of frame 1900/2131
features of frame 2000/2131
features of frame 2100/2131
extracting features from video ... 154/74
features of frame 100/505
features of frame 200/505
features of frame 300/505
features of frame 400/505
features of frame 500/505
extracting features from video ... 155/74
features of frame 100/4618
features of frame 200/4618
features of frame 300/4618
features of frame 400/4618
features of frame 500/4618
features of frame 600/4618
features of frame 700/4618
features of frame 800/4618
features of frame 900/4618
features of frame 1000/4618
features of frame 1100/4618
features of frame 1200/4618
features of frame 1300/4618
features of frame 1400/4618
features of frame 1500/4618
features of frame 1600/4618
features of frame 1700/4618
features of frame 1800/4618
features of frame 1900/4618
features of frame 2000/4618
features of frame 2100/4618
features of frame 2200/4618
features of frame 2300/4618
features of frame 2400/4618
features of frame 2500/4618
features of frame 2600/4618
features of frame 2700/4618
features of frame 2800/4618
features of frame 2900/4618
features of frame 3000/4618
features of frame 3100/4618
features of frame 3200/4618
features of frame 3300/4618
features of frame 3400/4618
features of frame 3500/4618
features of frame 3600/4618
features of frame 3700/4618
features of frame 3800/4618
features of frame 3900/4618
features of frame 4000/4618
features of frame 4100/4618
features of frame 4200/4618
features of frame 4300/4618
features of frame 4400/4618
features of frame 4500/4618
features of frame 4600/4618
extracting features from video ... 156/74
features of frame 100/2491
features of frame 200/2491
features of frame 300/2491
features of frame 400/2491
features of frame 500/2491
features of frame 600/2491
features of frame 700/2491
features of frame 800/2491
features of frame 900/2491
features of frame 1000/2491
features of frame 1100/2491
features of frame 1200/2491
features of frame 1300/2491
features of frame 1400/2491
features of frame 1500/2491
features of frame 1600/2491
features of frame 1700/2491
features of frame 1800/2491
features of frame 1900/2491
features of frame 2000/2491
features of frame 2100/2491
features of frame 2200/2491
features of frame 2300/2491
features of frame 2400/2491
extracting features from video ... 157/74
features of frame 100/1473
features of frame 200/1473
features of frame 300/1473
features of frame 400/1473
features of frame 500/1473
features of frame 600/1473
features of frame 700/1473
features of frame 800/1473
features of frame 900/1473
features of frame 1000/1473
features of frame 1100/1473
features of frame 1200/1473
features of frame 1300/1473
features of frame 1400/1473
extracting features from video ... 158/74
features of frame 100/3335
features of frame 200/3335
features of frame 300/3335
features of frame 400/3335
features of frame 500/3335
features of frame 600/3335
features of frame 700/3335
features of frame 800/3335
features of frame 900/3335
features of frame 1000/3335
features of frame 1100/3335
features of frame 1200/3335
features of frame 1300/3335
features of frame 1400/3335
features of frame 1500/3335
features of frame 1600/3335
features of frame 1700/3335
features of frame 1800/3335
features of frame 1900/3335
features of frame 2000/3335
features of frame 2100/3335
features of frame 2200/3335
features of frame 2300/3335
features of frame 2400/3335
features of frame 2500/3335
features of frame 2600/3335
features of frame 2700/3335
features of frame 2800/3335
features of frame 2900/3335
features of frame 3000/3335
features of frame 3100/3335
features of frame 3200/3335
features of frame 3300/3335
extracting features from video ... 159/74
features of frame 100/1888
features of frame 200/1888
features of frame 300/1888
features of frame 400/1888
features of frame 500/1888
features of frame 600/1888
features of frame 700/1888
features of frame 800/1888
features of frame 900/1888
features of frame 1000/1888
features of frame 1100/1888
features of frame 1200/1888
features of frame 1300/1888
features of frame 1400/1888
features of frame 1500/1888
features of frame 1600/1888
features of frame 1700/1888
features of frame 1800/1888
extracting features from video ... 160/74
features of frame 100/936
features of frame 200/936
features of frame 300/936
features of frame 400/936
features of frame 500/936
features of frame 600/936
features of frame 700/936
features of frame 800/936
features of frame 900/936
extracting features from video ... 161/74
features of frame 100/3640
features of frame 200/3640
features of frame 300/3640
features of frame 400/3640
features of frame 500/3640
features of frame 600/3640
features of frame 700/3640
features of frame 800/3640
features of frame 900/3640
features of frame 1000/3640
features of frame 1100/3640
features of frame 1200/3640
features of frame 1300/3640
features of frame 1400/3640
features of frame 1500/3640
features of frame 1600/3640
features of frame 1700/3640
features of frame 1800/3640
features of frame 1900/3640
features of frame 2000/3640
features of frame 2100/3640
features of frame 2200/3640
features of frame 2300/3640
features of frame 2400/3640
features of frame 2500/3640
features of frame 2600/3640
features of frame 2700/3640
features of frame 2800/3640
features of frame 2900/3640
features of frame 3000/3640
features of frame 3100/3640
features of frame 3200/3640
features of frame 3300/3640
features of frame 3400/3640
features of frame 3500/3640
features of frame 3600/3640
extracting features from video ... 162/74
features of frame 100/17778
features of frame 200/17778
features of frame 300/17778
features of frame 400/17778
features of frame 500/17778
features of frame 600/17778
features of frame 700/17778
features of frame 800/17778
features of frame 900/17778
features of frame 1000/17778
features of frame 1100/17778
features of frame 1200/17778
features of frame 1300/17778
features of frame 1400/17778
features of frame 1500/17778
features of frame 1600/17778
features of frame 1700/17778
features of frame 1800/17778
features of frame 1900/17778
features of frame 2000/17778
features of frame 2100/17778
features of frame 2200/17778
features of frame 2300/17778
features of frame 2400/17778
features of frame 2500/17778
features of frame 2600/17778
features of frame 2700/17778
features of frame 2800/17778
features of frame 2900/17778
features of frame 3000/17778
features of frame 3100/17778
features of frame 3200/17778
features of frame 3300/17778
features of frame 3400/17778
features of frame 3500/17778
features of frame 3600/17778
features of frame 3700/17778
features of frame 3800/17778
features of frame 3900/17778
features of frame 4000/17778
features of frame 4100/17778
features of frame 4200/17778
features of frame 4300/17778
features of frame 4400/17778
features of frame 4500/17778
features of frame 4600/17778
features of frame 4700/17778
features of frame 4800/17778
features of frame 4900/17778
features of frame 5000/17778
features of frame 5100/17778
features of frame 5200/17778
features of frame 5300/17778
features of frame 5400/17778
features of frame 5500/17778
features of frame 5600/17778
features of frame 5700/17778
features of frame 5800/17778
features of frame 5900/17778
features of frame 6000/17778
features of frame 6100/17778
features of frame 6200/17778
features of frame 6300/17778
features of frame 6400/17778
features of frame 6500/17778
features of frame 6600/17778
features of frame 6700/17778
features of frame 6800/17778
features of frame 6900/17778
features of frame 7000/17778
features of frame 7100/17778
features of frame 7200/17778
features of frame 7300/17778
features of frame 7400/17778
features of frame 7500/17778
features of frame 7600/17778
features of frame 7700/17778
features of frame 7800/17778
features of frame 7900/17778
features of frame 8000/17778
features of frame 8100/17778
features of frame 8200/17778
features of frame 8300/17778
features of frame 8400/17778
features of frame 8500/17778
features of frame 8600/17778
features of frame 8700/17778
features of frame 8800/17778
features of frame 8900/17778
features of frame 9000/17778
features of frame 9100/17778
features of frame 9200/17778
features of frame 9300/17778
features of frame 9400/17778
features of frame 9500/17778
features of frame 9600/17778
features of frame 9700/17778
features of frame 9800/17778
features of frame 9900/17778
features of frame 10000/17778
features of frame 10100/17778
features of frame 10200/17778
features of frame 10300/17778
features of frame 10400/17778
features of frame 10500/17778
features of frame 10600/17778
features of frame 10700/17778
features of frame 10800/17778
features of frame 10900/17778
features of frame 11000/17778
features of frame 11100/17778
features of frame 11200/17778
features of frame 11300/17778
features of frame 11400/17778
features of frame 11500/17778
features of frame 11600/17778
features of frame 11700/17778
features of frame 11800/17778
features of frame 11900/17778
features of frame 12000/17778
features of frame 12100/17778
features of frame 12200/17778
features of frame 12300/17778
features of frame 12400/17778
features of frame 12500/17778
features of frame 12600/17778
features of frame 12700/17778
features of frame 12800/17778
features of frame 12900/17778
features of frame 13000/17778
features of frame 13100/17778
features of frame 13200/17778
features of frame 13300/17778
features of frame 13400/17778
features of frame 13500/17778
features of frame 13600/17778
features of frame 13700/17778
features of frame 13800/17778
features of frame 13900/17778
features of frame 14000/17778
features of frame 14100/17778
features of frame 14200/17778
features of frame 14300/17778
features of frame 14400/17778
features of frame 14500/17778
features of frame 14600/17778
features of frame 14700/17778
features of frame 14800/17778
features of frame 14900/17778
features of frame 15000/17778
features of frame 15100/17778
features of frame 15200/17778
features of frame 15300/17778
features of frame 15400/17778
features of frame 15500/17778
features of frame 15600/17778
features of frame 15700/17778
features of frame 15800/17778
features of frame 15900/17778
features of frame 16000/17778
features of frame 16100/17778
features of frame 16200/17778
features of frame 16300/17778
features of frame 16400/17778
features of frame 16500/17778
features of frame 16600/17778
features of frame 16700/17778
features of frame 16800/17778
features of frame 16900/17778
features of frame 17000/17778
features of frame 17100/17778
features of frame 17200/17778
features of frame 17300/17778
features of frame 17400/17778
features of frame 17500/17778
features of frame 17600/17778
features of frame 17700/17778
extracting features from video ... 163/74
features of frame 100/16411
features of frame 200/16411
features of frame 300/16411
features of frame 400/16411
features of frame 500/16411
features of frame 600/16411
features of frame 700/16411
features of frame 800/16411
features of frame 900/16411
features of frame 1000/16411
features of frame 1100/16411
features of frame 1200/16411
features of frame 1300/16411
features of frame 1400/16411
features of frame 1500/16411
features of frame 1600/16411
features of frame 1700/16411
features of frame 1800/16411
features of frame 1900/16411
features of frame 2000/16411
features of frame 2100/16411
features of frame 2200/16411
features of frame 2300/16411
features of frame 2400/16411
features of frame 2500/16411
features of frame 2600/16411
features of frame 2700/16411
features of frame 2800/16411
features of frame 2900/16411
features of frame 3000/16411
features of frame 3100/16411
features of frame 3200/16411
features of frame 3300/16411
features of frame 3400/16411
features of frame 3500/16411
features of frame 3600/16411
features of frame 3700/16411
features of frame 3800/16411
features of frame 3900/16411
features of frame 4000/16411
features of frame 4100/16411
features of frame 4200/16411
features of frame 4300/16411
features of frame 4400/16411
features of frame 4500/16411
features of frame 4600/16411
features of frame 4700/16411
features of frame 4800/16411
features of frame 4900/16411
features of frame 5000/16411
features of frame 5100/16411
features of frame 5200/16411
features of frame 5300/16411
features of frame 5400/16411
features of frame 5500/16411
features of frame 5600/16411
features of frame 5700/16411
features of frame 5800/16411
features of frame 5900/16411
features of frame 6000/16411
features of frame 6100/16411
features of frame 6200/16411
features of frame 6300/16411
features of frame 6400/16411
features of frame 6500/16411
features of frame 6600/16411
features of frame 6700/16411
features of frame 6800/16411
features of frame 6900/16411
features of frame 7000/16411
features of frame 7100/16411
features of frame 7200/16411
features of frame 7300/16411
features of frame 7400/16411
features of frame 7500/16411
features of frame 7600/16411
features of frame 7700/16411
features of frame 7800/16411
features of frame 7900/16411
features of frame 8000/16411
features of frame 8100/16411
features of frame 8200/16411
features of frame 8300/16411
features of frame 8400/16411
features of frame 8500/16411
features of frame 8600/16411
features of frame 8700/16411
features of frame 8800/16411
features of frame 8900/16411
features of frame 9000/16411
features of frame 9100/16411
features of frame 9200/16411
features of frame 9300/16411
features of frame 9400/16411
features of frame 9500/16411
features of frame 9600/16411
features of frame 9700/16411
features of frame 9800/16411
features of frame 9900/16411
features of frame 10000/16411
features of frame 10100/16411
features of frame 10200/16411
features of frame 10300/16411
features of frame 10400/16411
features of frame 10500/16411
features of frame 10600/16411
features of frame 10700/16411
features of frame 10800/16411
features of frame 10900/16411
features of frame 11000/16411
features of frame 11100/16411
features of frame 11200/16411
features of frame 11300/16411
features of frame 11400/16411
features of frame 11500/16411
features of frame 11600/16411
features of frame 11700/16411
features of frame 11800/16411
features of frame 11900/16411
features of frame 12000/16411
features of frame 12100/16411
features of frame 12200/16411
features of frame 12300/16411
features of frame 12400/16411
features of frame 12500/16411
features of frame 12600/16411
features of frame 12700/16411
features of frame 12800/16411
features of frame 12900/16411
features of frame 13000/16411
features of frame 13100/16411
features of frame 13200/16411
features of frame 13300/16411
features of frame 13400/16411
features of frame 13500/16411
features of frame 13600/16411
features of frame 13700/16411
features of frame 13800/16411
features of frame 13900/16411
features of frame 14000/16411
features of frame 14100/16411
features of frame 14200/16411
features of frame 14300/16411
features of frame 14400/16411
features of frame 14500/16411
features of frame 14600/16411
features of frame 14700/16411
features of frame 14800/16411
features of frame 14900/16411
features of frame 15000/16411
features of frame 15100/16411
features of frame 15200/16411
features of frame 15300/16411
features of frame 15400/16411
features of frame 15500/16411
features of frame 15600/16411
features of frame 15700/16411
features of frame 15800/16411
features of frame 15900/16411
features of frame 16000/16411
features of frame 16100/16411
features of frame 16200/16411
features of frame 16300/16411
features of frame 16400/16411
extracting features from video ... 164/74
features of frame 100/6857
features of frame 200/6857
features of frame 300/6857
features of frame 400/6857
features of frame 500/6857
features of frame 600/6857
features of frame 700/6857
features of frame 800/6857
features of frame 900/6857
features of frame 1000/6857
features of frame 1100/6857
features of frame 1200/6857
features of frame 1300/6857
features of frame 1400/6857
features of frame 1500/6857
features of frame 1600/6857
features of frame 1700/6857
features of frame 1800/6857
features of frame 1900/6857
features of frame 2000/6857
features of frame 2100/6857
features of frame 2200/6857
features of frame 2300/6857
features of frame 2400/6857
features of frame 2500/6857
features of frame 2600/6857
features of frame 2700/6857
features of frame 2800/6857
features of frame 2900/6857
features of frame 3000/6857
features of frame 3100/6857
features of frame 3200/6857
features of frame 3300/6857
features of frame 3400/6857
features of frame 3500/6857
features of frame 3600/6857
features of frame 3700/6857
features of frame 3800/6857
features of frame 3900/6857
features of frame 4000/6857
features of frame 4100/6857
features of frame 4200/6857
features of frame 4300/6857
features of frame 4400/6857
features of frame 4500/6857
features of frame 4600/6857
features of frame 4700/6857
features of frame 4800/6857
features of frame 4900/6857
features of frame 5000/6857
features of frame 5100/6857
features of frame 5200/6857
features of frame 5300/6857
features of frame 5400/6857
features of frame 5500/6857
features of frame 5600/6857
features of frame 5700/6857
features of frame 5800/6857
features of frame 5900/6857
features of frame 6000/6857
features of frame 6100/6857
features of frame 6200/6857
features of frame 6300/6857
features of frame 6400/6857
features of frame 6500/6857
features of frame 6600/6857
features of frame 6700/6857
features of frame 6800/6857
extracting features from video ... 165/74
features of frame 100/5071
features of frame 200/5071
features of frame 300/5071
features of frame 400/5071
features of frame 500/5071
features of frame 600/5071
features of frame 700/5071
features of frame 800/5071
features of frame 900/5071
features of frame 1000/5071
features of frame 1100/5071
features of frame 1200/5071
features of frame 1300/5071
features of frame 1400/5071
features of frame 1500/5071
features of frame 1600/5071
features of frame 1700/5071
features of frame 1800/5071
features of frame 1900/5071
features of frame 2000/5071
features of frame 2100/5071
features of frame 2200/5071
features of frame 2300/5071
features of frame 2400/5071
features of frame 2500/5071
features of frame 2600/5071
features of frame 2700/5071
features of frame 2800/5071
features of frame 2900/5071
features of frame 3000/5071
features of frame 3100/5071
features of frame 3200/5071
features of frame 3300/5071
features of frame 3400/5071
features of frame 3500/5071
features of frame 3600/5071
features of frame 3700/5071
features of frame 3800/5071
features of frame 3900/5071
features of frame 4000/5071
features of frame 4100/5071
features of frame 4200/5071
features of frame 4300/5071
features of frame 4400/5071
features of frame 4500/5071
features of frame 4600/5071
features of frame 4700/5071
features of frame 4800/5071
features of frame 4900/5071
features of frame 5000/5071
extracting features from video ... 166/74
features of frame 100/12410
features of frame 200/12410
features of frame 300/12410
features of frame 400/12410
features of frame 500/12410
features of frame 600/12410
features of frame 700/12410
features of frame 800/12410
features of frame 900/12410
features of frame 1000/12410
features of frame 1100/12410
features of frame 1200/12410
features of frame 1300/12410
features of frame 1400/12410
features of frame 1500/12410
features of frame 1600/12410
features of frame 1700/12410
features of frame 1800/12410
features of frame 1900/12410
features of frame 2000/12410
features of frame 2100/12410
features of frame 2200/12410
features of frame 2300/12410
features of frame 2400/12410
features of frame 2500/12410
features of frame 2600/12410
features of frame 2700/12410
features of frame 2800/12410
features of frame 2900/12410
features of frame 3000/12410
features of frame 3100/12410
features of frame 3200/12410
features of frame 3300/12410
features of frame 3400/12410
features of frame 3500/12410
features of frame 3600/12410
features of frame 3700/12410
features of frame 3800/12410
features of frame 3900/12410
features of frame 4000/12410
features of frame 4100/12410
features of frame 4200/12410
features of frame 4300/12410
features of frame 4400/12410
features of frame 4500/12410
features of frame 4600/12410
features of frame 4700/12410
features of frame 4800/12410
features of frame 4900/12410
features of frame 5000/12410
features of frame 5100/12410
features of frame 5200/12410
features of frame 5300/12410
features of frame 5400/12410
features of frame 5500/12410
features of frame 5600/12410
features of frame 5700/12410
features of frame 5800/12410
features of frame 5900/12410
features of frame 6000/12410
features of frame 6100/12410
features of frame 6200/12410
features of frame 6300/12410
features of frame 6400/12410
features of frame 6500/12410
features of frame 6600/12410
features of frame 6700/12410
features of frame 6800/12410
features of frame 6900/12410
features of frame 7000/12410
features of frame 7100/12410
features of frame 7200/12410
features of frame 7300/12410
features of frame 7400/12410
features of frame 7500/12410
features of frame 7600/12410
features of frame 7700/12410
features of frame 7800/12410
features of frame 7900/12410
features of frame 8000/12410
features of frame 8100/12410
features of frame 8200/12410
features of frame 8300/12410
features of frame 8400/12410
features of frame 8500/12410
features of frame 8600/12410
features of frame 8700/12410
features of frame 8800/12410
features of frame 8900/12410
features of frame 9000/12410
features of frame 9100/12410
features of frame 9200/12410
features of frame 9300/12410
features of frame 9400/12410
features of frame 9500/12410
features of frame 9600/12410
features of frame 9700/12410
features of frame 9800/12410
features of frame 9900/12410
features of frame 10000/12410
features of frame 10100/12410
features of frame 10200/12410
features of frame 10300/12410
features of frame 10400/12410
features of frame 10500/12410
features of frame 10600/12410
features of frame 10700/12410
features of frame 10800/12410
features of frame 10900/12410
features of frame 11000/12410
features of frame 11100/12410
features of frame 11200/12410
features of frame 11300/12410
features of frame 11400/12410
features of frame 11500/12410
features of frame 11600/12410
features of frame 11700/12410
features of frame 11800/12410
features of frame 11900/12410
features of frame 12000/12410
features of frame 12100/12410
features of frame 12200/12410
features of frame 12300/12410
features of frame 12400/12410
extracting features from video ... 167/74
features of frame 100/1040
features of frame 200/1040
features of frame 300/1040
features of frame 400/1040
features of frame 500/1040
features of frame 600/1040
features of frame 700/1040
features of frame 800/1040
features of frame 900/1040
features of frame 1000/1040
extracting features from video ... 168/74
features of frame 100/7908
features of frame 200/7908
features of frame 300/7908
features of frame 400/7908
features of frame 500/7908
features of frame 600/7908
features of frame 700/7908
features of frame 800/7908
features of frame 900/7908
features of frame 1000/7908
features of frame 1100/7908
features of frame 1200/7908
features of frame 1300/7908
features of frame 1400/7908
features of frame 1500/7908
features of frame 1600/7908
features of frame 1700/7908
features of frame 1800/7908
features of frame 1900/7908
features of frame 2000/7908
features of frame 2100/7908
features of frame 2200/7908
features of frame 2300/7908
features of frame 2400/7908
features of frame 2500/7908
features of frame 2600/7908
features of frame 2700/7908
features of frame 2800/7908
features of frame 2900/7908
features of frame 3000/7908
features of frame 3100/7908
features of frame 3200/7908
features of frame 3300/7908
features of frame 3400/7908
features of frame 3500/7908
features of frame 3600/7908
features of frame 3700/7908
features of frame 3800/7908
features of frame 3900/7908
features of frame 4000/7908
features of frame 4100/7908
features of frame 4200/7908
features of frame 4300/7908
features of frame 4400/7908
features of frame 4500/7908
features of frame 4600/7908
features of frame 4700/7908
features of frame 4800/7908
features of frame 4900/7908
features of frame 5000/7908
features of frame 5100/7908
features of frame 5200/7908
features of frame 5300/7908
features of frame 5400/7908
features of frame 5500/7908
features of frame 5600/7908
features of frame 5700/7908
features of frame 5800/7908
features of frame 5900/7908
features of frame 6000/7908
features of frame 6100/7908
features of frame 6200/7908
features of frame 6300/7908
features of frame 6400/7908
features of frame 6500/7908
features of frame 6600/7908
features of frame 6700/7908
features of frame 6800/7908
features of frame 6900/7908
features of frame 7000/7908
features of frame 7100/7908
features of frame 7200/7908
features of frame 7300/7908
features of frame 7400/7908
features of frame 7500/7908
features of frame 7600/7908
features of frame 7700/7908
features of frame 7800/7908
features of frame 7900/7908
extracting features from video ... 169/74
features of frame 100/5907
features of frame 200/5907
features of frame 300/5907
features of frame 400/5907
features of frame 500/5907
features of frame 600/5907
features of frame 700/5907
features of frame 800/5907
features of frame 900/5907
features of frame 1000/5907
features of frame 1100/5907
features of frame 1200/5907
features of frame 1300/5907
features of frame 1400/5907
features of frame 1500/5907
features of frame 1600/5907
features of frame 1700/5907
features of frame 1800/5907
features of frame 1900/5907
features of frame 2000/5907
features of frame 2100/5907
features of frame 2200/5907
features of frame 2300/5907
features of frame 2400/5907
features of frame 2500/5907
features of frame 2600/5907
features of frame 2700/5907
features of frame 2800/5907
features of frame 2900/5907
features of frame 3000/5907
features of frame 3100/5907
features of frame 3200/5907
features of frame 3300/5907
features of frame 3400/5907
features of frame 3500/5907
features of frame 3600/5907
features of frame 3700/5907
features of frame 3800/5907
features of frame 3900/5907
features of frame 4000/5907
features of frame 4100/5907
features of frame 4200/5907
features of frame 4300/5907
features of frame 4400/5907
features of frame 4500/5907
features of frame 4600/5907
features of frame 4700/5907
features of frame 4800/5907
features of frame 4900/5907
features of frame 5000/5907
features of frame 5100/5907
features of frame 5200/5907
features of frame 5300/5907
features of frame 5400/5907
features of frame 5500/5907
features of frame 5600/5907
features of frame 5700/5907
features of frame 5800/5907
features of frame 5900/5907
extracting features from video ... 170/74
features of frame 100/5764
features of frame 200/5764
features of frame 300/5764
features of frame 400/5764
features of frame 500/5764
features of frame 600/5764
features of frame 700/5764
features of frame 800/5764
features of frame 900/5764
features of frame 1000/5764
features of frame 1100/5764
features of frame 1200/5764
features of frame 1300/5764
features of frame 1400/5764
features of frame 1500/5764
features of frame 1600/5764
features of frame 1700/5764
features of frame 1800/5764
features of frame 1900/5764
features of frame 2000/5764
features of frame 2100/5764
features of frame 2200/5764
features of frame 2300/5764
features of frame 2400/5764
features of frame 2500/5764
features of frame 2600/5764
features of frame 2700/5764
features of frame 2800/5764
features of frame 2900/5764
features of frame 3000/5764
features of frame 3100/5764
features of frame 3200/5764
features of frame 3300/5764
features of frame 3400/5764
features of frame 3500/5764
features of frame 3600/5764
features of frame 3700/5764
features of frame 3800/5764
features of frame 3900/5764
features of frame 4000/5764
features of frame 4100/5764
features of frame 4200/5764
features of frame 4300/5764
features of frame 4400/5764
features of frame 4500/5764
features of frame 4600/5764
features of frame 4700/5764
features of frame 4800/5764
features of frame 4900/5764
features of frame 5000/5764
features of frame 5100/5764
features of frame 5200/5764
features of frame 5300/5764
features of frame 5400/5764
features of frame 5500/5764
features of frame 5600/5764
features of frame 5700/5764
extracting features from video ... 171/74
features of frame 100/2778
features of frame 200/2778
features of frame 300/2778
features of frame 400/2778
features of frame 500/2778
features of frame 600/2778
features of frame 700/2778
features of frame 800/2778
features of frame 900/2778
features of frame 1000/2778
features of frame 1100/2778
features of frame 1200/2778
features of frame 1300/2778
features of frame 1400/2778
features of frame 1500/2778
features of frame 1600/2778
features of frame 1700/2778
features of frame 1800/2778
features of frame 1900/2778
features of frame 2000/2778
features of frame 2100/2778
features of frame 2200/2778
features of frame 2300/2778
features of frame 2400/2778
features of frame 2500/2778
features of frame 2600/2778
features of frame 2700/2778
extracting features from video ... 172/74
features of frame 100/3390
features of frame 200/3390
features of frame 300/3390
features of frame 400/3390
features of frame 500/3390
features of frame 600/3390
features of frame 700/3390
features of frame 800/3390
features of frame 900/3390
features of frame 1000/3390
features of frame 1100/3390
features of frame 1200/3390
features of frame 1300/3390
features of frame 1400/3390
features of frame 1500/3390
features of frame 1600/3390
features of frame 1700/3390
features of frame 1800/3390
features of frame 1900/3390
features of frame 2000/3390
features of frame 2100/3390
features of frame 2200/3390
features of frame 2300/3390
features of frame 2400/3390
features of frame 2500/3390
features of frame 2600/3390
features of frame 2700/3390
features of frame 2800/3390
features of frame 2900/3390
features of frame 3000/3390
features of frame 3100/3390
features of frame 3200/3390
features of frame 3300/3390
extracting features from video ... 173/74
features of frame 100/5237
features of frame 200/5237
features of frame 300/5237
features of frame 400/5237
features of frame 500/5237
features of frame 600/5237
features of frame 700/5237
features of frame 800/5237
features of frame 900/5237
features of frame 1000/5237
features of frame 1100/5237
features of frame 1200/5237
features of frame 1300/5237
features of frame 1400/5237
features of frame 1500/5237
features of frame 1600/5237
features of frame 1700/5237
features of frame 1800/5237
features of frame 1900/5237
features of frame 2000/5237
features of frame 2100/5237
features of frame 2200/5237
features of frame 2300/5237
features of frame 2400/5237
features of frame 2500/5237
features of frame 2600/5237
features of frame 2700/5237
features of frame 2800/5237
features of frame 2900/5237
features of frame 3000/5237
features of frame 3100/5237
features of frame 3200/5237
features of frame 3300/5237
features of frame 3400/5237
features of frame 3500/5237
features of frame 3600/5237
features of frame 3700/5237
features of frame 3800/5237
features of frame 3900/5237
features of frame 4000/5237
features of frame 4100/5237
features of frame 4200/5237
features of frame 4300/5237
features of frame 4400/5237
features of frame 4500/5237
features of frame 4600/5237
features of frame 4700/5237
features of frame 4800/5237
features of frame 4900/5237
features of frame 5000/5237
features of frame 5100/5237
features of frame 5200/5237
extracting features from video ... 174/74
features of frame 100/2291
features of frame 200/2291
features of frame 300/2291
features of frame 400/2291
features of frame 500/2291
features of frame 600/2291
features of frame 700/2291
features of frame 800/2291
features of frame 900/2291
features of frame 1000/2291
features of frame 1100/2291
features of frame 1200/2291
features of frame 1300/2291
features of frame 1400/2291
features of frame 1500/2291
features of frame 1600/2291
features of frame 1700/2291
features of frame 1800/2291
features of frame 1900/2291
features of frame 2000/2291
features of frame 2100/2291
features of frame 2200/2291
extracting features from video ... 175/74
features of frame 100/2938
features of frame 200/2938
features of frame 300/2938
features of frame 400/2938
features of frame 500/2938
features of frame 600/2938
features of frame 700/2938
features of frame 800/2938
features of frame 900/2938
features of frame 1000/2938
features of frame 1100/2938
features of frame 1200/2938
features of frame 1300/2938
features of frame 1400/2938
features of frame 1500/2938
features of frame 1600/2938
features of frame 1700/2938
features of frame 1800/2938
features of frame 1900/2938
features of frame 2000/2938
features of frame 2100/2938
features of frame 2200/2938
features of frame 2300/2938
features of frame 2400/2938
features of frame 2500/2938
features of frame 2600/2938
features of frame 2700/2938
features of frame 2800/2938
features of frame 2900/2938
extracting features from video ... 176/74
features of frame 100/1273
features of frame 200/1273
features of frame 300/1273
features of frame 400/1273
features of frame 500/1273
features of frame 600/1273
features of frame 700/1273
features of frame 800/1273
features of frame 900/1273
features of frame 1000/1273
features of frame 1100/1273
features of frame 1200/1273
extracting features from video ... 177/74
features of frame 100/1737
features of frame 200/1737
features of frame 300/1737
features of frame 400/1737
features of frame 500/1737
features of frame 600/1737
features of frame 700/1737
features of frame 800/1737
features of frame 900/1737
features of frame 1000/1737
features of frame 1100/1737
features of frame 1200/1737
features of frame 1300/1737
features of frame 1400/1737
features of frame 1500/1737
features of frame 1600/1737
features of frame 1700/1737
extracting features from video ... 178/74
features of frame 100/1040
features of frame 200/1040
features of frame 300/1040
features of frame 400/1040
features of frame 500/1040
features of frame 600/1040
features of frame 700/1040
features of frame 800/1040
features of frame 900/1040
features of frame 1000/1040
extracting features from video ... 179/74
features of frame 100/4670
features of frame 200/4670
features of frame 300/4670
features of frame 400/4670
features of frame 500/4670
features of frame 600/4670
features of frame 700/4670
features of frame 800/4670
features of frame 900/4670
features of frame 1000/4670
features of frame 1100/4670
features of frame 1200/4670
features of frame 1300/4670
features of frame 1400/4670
features of frame 1500/4670
features of frame 1600/4670
features of frame 1700/4670
features of frame 1800/4670
features of frame 1900/4670
features of frame 2000/4670
features of frame 2100/4670
features of frame 2200/4670
features of frame 2300/4670
features of frame 2400/4670
features of frame 2500/4670
features of frame 2600/4670
features of frame 2700/4670
features of frame 2800/4670
features of frame 2900/4670
features of frame 3000/4670
features of frame 3100/4670
features of frame 3200/4670
features of frame 3300/4670
features of frame 3400/4670
features of frame 3500/4670
features of frame 3600/4670
features of frame 3700/4670
features of frame 3800/4670
features of frame 3900/4670
features of frame 4000/4670
features of frame 4100/4670
features of frame 4200/4670
features of frame 4300/4670
features of frame 4400/4670
features of frame 4500/4670
features of frame 4600/4670
extracting features from video ... 180/74
features of frame 100/1076
features of frame 200/1076
features of frame 300/1076
features of frame 400/1076
features of frame 500/1076
features of frame 600/1076
features of frame 700/1076
features of frame 800/1076
features of frame 900/1076
features of frame 1000/1076
extracting features from video ... 181/74
features of frame 100/6939
features of frame 200/6939
features of frame 300/6939
features of frame 400/6939
features of frame 500/6939
features of frame 600/6939
features of frame 700/6939
features of frame 800/6939
features of frame 900/6939
features of frame 1000/6939
features of frame 1100/6939
features of frame 1200/6939
features of frame 1300/6939
features of frame 1400/6939
features of frame 1500/6939
features of frame 1600/6939
features of frame 1700/6939
features of frame 1800/6939
features of frame 1900/6939
features of frame 2000/6939
features of frame 2100/6939
features of frame 2200/6939
features of frame 2300/6939
features of frame 2400/6939
features of frame 2500/6939
features of frame 2600/6939
features of frame 2700/6939
features of frame 2800/6939
features of frame 2900/6939
features of frame 3000/6939
features of frame 3100/6939
features of frame 3200/6939
features of frame 3300/6939
features of frame 3400/6939
features of frame 3500/6939
features of frame 3600/6939
features of frame 3700/6939
features of frame 3800/6939
features of frame 3900/6939
features of frame 4000/6939
features of frame 4100/6939
features of frame 4200/6939
features of frame 4300/6939
features of frame 4400/6939
features of frame 4500/6939
features of frame 4600/6939
features of frame 4700/6939
features of frame 4800/6939
features of frame 4900/6939
features of frame 5000/6939
features of frame 5100/6939
features of frame 5200/6939
features of frame 5300/6939
features of frame 5400/6939
features of frame 5500/6939
features of frame 5600/6939
features of frame 5700/6939
features of frame 5800/6939
features of frame 5900/6939
features of frame 6000/6939
features of frame 6100/6939
features of frame 6200/6939
features of frame 6300/6939
features of frame 6400/6939
features of frame 6500/6939
features of frame 6600/6939
features of frame 6700/6939
features of frame 6800/6939
features of frame 6900/6939
extracting features from video ... 182/74
features of frame 100/2390
features of frame 200/2390
features of frame 300/2390
features of frame 400/2390
features of frame 500/2390
features of frame 600/2390
features of frame 700/2390
features of frame 800/2390
features of frame 900/2390
features of frame 1000/2390
features of frame 1100/2390
features of frame 1200/2390
features of frame 1300/2390
features of frame 1400/2390
features of frame 1500/2390
features of frame 1600/2390
features of frame 1700/2390
features of frame 1800/2390
features of frame 1900/2390
features of frame 2000/2390
features of frame 2100/2390
features of frame 2200/2390
features of frame 2300/2390
extracting features from video ... 183/74
features of frame 100/3252
features of frame 200/3252
features of frame 300/3252
features of frame 400/3252
features of frame 500/3252
features of frame 600/3252
features of frame 700/3252
features of frame 800/3252
features of frame 900/3252
features of frame 1000/3252
features of frame 1100/3252
features of frame 1200/3252
features of frame 1300/3252
features of frame 1400/3252
features of frame 1500/3252
features of frame 1600/3252
features of frame 1700/3252
features of frame 1800/3252
features of frame 1900/3252
features of frame 2000/3252
features of frame 2100/3252
features of frame 2200/3252
features of frame 2300/3252
features of frame 2400/3252
features of frame 2500/3252
features of frame 2600/3252
features of frame 2700/3252
features of frame 2800/3252
features of frame 2900/3252
features of frame 3000/3252
features of frame 3100/3252
features of frame 3200/3252
extracting features from video ... 184/74
features of frame 100/5726
features of frame 200/5726
features of frame 300/5726
features of frame 400/5726
features of frame 500/5726
features of frame 600/5726
features of frame 700/5726
features of frame 800/5726
features of frame 900/5726
features of frame 1000/5726
features of frame 1100/5726
features of frame 1200/5726
features of frame 1300/5726
features of frame 1400/5726
features of frame 1500/5726
features of frame 1600/5726
features of frame 1700/5726
features of frame 1800/5726
features of frame 1900/5726
features of frame 2000/5726
features of frame 2100/5726
features of frame 2200/5726
features of frame 2300/5726
features of frame 2400/5726
features of frame 2500/5726
features of frame 2600/5726
features of frame 2700/5726
features of frame 2800/5726
features of frame 2900/5726
features of frame 3000/5726
features of frame 3100/5726
features of frame 3200/5726
features of frame 3300/5726
features of frame 3400/5726
features of frame 3500/5726
features of frame 3600/5726
features of frame 3700/5726
features of frame 3800/5726
features of frame 3900/5726
features of frame 4000/5726
features of frame 4100/5726
features of frame 4200/5726
features of frame 4300/5726
features of frame 4400/5726
features of frame 4500/5726
features of frame 4600/5726
features of frame 4700/5726
features of frame 4800/5726
features of frame 4900/5726
features of frame 5000/5726
features of frame 5100/5726
features of frame 5200/5726
features of frame 5300/5726
features of frame 5400/5726
features of frame 5500/5726
features of frame 5600/5726
features of frame 5700/5726
extracting features from video ... 185/74
features of frame 100/5714
features of frame 200/5714
features of frame 300/5714
features of frame 400/5714
features of frame 500/5714
features of frame 600/5714
features of frame 700/5714
features of frame 800/5714
features of frame 900/5714
features of frame 1000/5714
features of frame 1100/5714
features of frame 1200/5714
features of frame 1300/5714
features of frame 1400/5714
features of frame 1500/5714
features of frame 1600/5714
features of frame 1700/5714
features of frame 1800/5714
features of frame 1900/5714
features of frame 2000/5714
features of frame 2100/5714
features of frame 2200/5714
features of frame 2300/5714
features of frame 2400/5714
features of frame 2500/5714
features of frame 2600/5714
features of frame 2700/5714
features of frame 2800/5714
features of frame 2900/5714
features of frame 3000/5714
features of frame 3100/5714
features of frame 3200/5714
features of frame 3300/5714
features of frame 3400/5714
features of frame 3500/5714
features of frame 3600/5714
features of frame 3700/5714
features of frame 3800/5714
features of frame 3900/5714
features of frame 4000/5714
features of frame 4100/5714
features of frame 4200/5714
features of frame 4300/5714
features of frame 4400/5714
features of frame 4500/5714
features of frame 4600/5714
features of frame 4700/5714
features of frame 4800/5714
features of frame 4900/5714
features of frame 5000/5714
features of frame 5100/5714
features of frame 5200/5714
features of frame 5300/5714
features of frame 5400/5714
features of frame 5500/5714
features of frame 5600/5714
features of frame 5700/5714
extracting features from video ... 186/74
features of frame 100/2799
features of frame 200/2799
features of frame 300/2799
features of frame 400/2799
features of frame 500/2799
features of frame 600/2799
features of frame 700/2799
features of frame 800/2799
features of frame 900/2799
features of frame 1000/2799
features of frame 1100/2799
features of frame 1200/2799
features of frame 1300/2799
features of frame 1400/2799
features of frame 1500/2799
features of frame 1600/2799
features of frame 1700/2799
features of frame 1800/2799
features of frame 1900/2799
features of frame 2000/2799
features of frame 2100/2799
features of frame 2200/2799
features of frame 2300/2799
features of frame 2400/2799
features of frame 2500/2799
features of frame 2600/2799
features of frame 2700/2799
extracting features from video ... 187/74
features of frame 100/2951
features of frame 200/2951
features of frame 300/2951
features of frame 400/2951
features of frame 500/2951
features of frame 600/2951
features of frame 700/2951
features of frame 800/2951
features of frame 900/2951
features of frame 1000/2951
features of frame 1100/2951
features of frame 1200/2951
features of frame 1300/2951
features of frame 1400/2951
features of frame 1500/2951
features of frame 1600/2951
features of frame 1700/2951
features of frame 1800/2951
features of frame 1900/2951
features of frame 2000/2951
features of frame 2100/2951
features of frame 2200/2951
features of frame 2300/2951
features of frame 2400/2951
features of frame 2500/2951
features of frame 2600/2951
features of frame 2700/2951
features of frame 2800/2951
features of frame 2900/2951
extracting features from video ... 188/74
features of frame 100/901
features of frame 200/901
features of frame 300/901
features of frame 400/901
features of frame 500/901
features of frame 600/901
features of frame 700/901
features of frame 800/901
features of frame 900/901
extracting features from video ... 189/74
features of frame 100/606
features of frame 200/606
features of frame 300/606
features of frame 400/606
features of frame 500/606
features of frame 600/606
extracting features from video ... 190/74
features of frame 100/604
features of frame 200/604
features of frame 300/604
features of frame 400/604
features of frame 500/604
features of frame 600/604
extracting features from video ... 191/74
features of frame 100/3928
features of frame 200/3928
features of frame 300/3928
features of frame 400/3928
features of frame 500/3928
features of frame 600/3928
features of frame 700/3928
features of frame 800/3928
features of frame 900/3928
features of frame 1000/3928
features of frame 1100/3928
features of frame 1200/3928
features of frame 1300/3928
features of frame 1400/3928
features of frame 1500/3928
features of frame 1600/3928
features of frame 1700/3928
features of frame 1800/3928
features of frame 1900/3928
features of frame 2000/3928
features of frame 2100/3928
features of frame 2200/3928
features of frame 2300/3928
features of frame 2400/3928
features of frame 2500/3928
features of frame 2600/3928
features of frame 2700/3928
features of frame 2800/3928
features of frame 2900/3928
features of frame 3000/3928
features of frame 3100/3928
features of frame 3200/3928
features of frame 3300/3928
features of frame 3400/3928
features of frame 3500/3928
features of frame 3600/3928
features of frame 3700/3928
features of frame 3800/3928
features of frame 3900/3928
extracting features from video ... 192/74
features of frame 100/640
features of frame 200/640
features of frame 300/640
features of frame 400/640
features of frame 500/640
features of frame 600/640
extracting features from video ... 193/74
features of frame 100/4086
features of frame 200/4086
features of frame 300/4086
features of frame 400/4086
features of frame 500/4086
features of frame 600/4086
features of frame 700/4086
features of frame 800/4086
features of frame 900/4086
features of frame 1000/4086
features of frame 1100/4086
features of frame 1200/4086
features of frame 1300/4086
features of frame 1400/4086
features of frame 1500/4086
features of frame 1600/4086
features of frame 1700/4086
features of frame 1800/4086
features of frame 1900/4086
features of frame 2000/4086
features of frame 2100/4086
features of frame 2200/4086
features of frame 2300/4086
features of frame 2400/4086
features of frame 2500/4086
features of frame 2600/4086
features of frame 2700/4086
features of frame 2800/4086
features of frame 2900/4086
features of frame 3000/4086
features of frame 3100/4086
features of frame 3200/4086
features of frame 3300/4086
features of frame 3400/4086
features of frame 3500/4086
features of frame 3600/4086
features of frame 3700/4086
features of frame 3800/4086
features of frame 3900/4086
features of frame 4000/4086
extracting features from video ... 194/74
features of frame 100/1390
features of frame 200/1390
features of frame 300/1390
features of frame 400/1390
features of frame 500/1390
features of frame 600/1390
features of frame 700/1390
features of frame 800/1390
features of frame 900/1390
features of frame 1000/1390
features of frame 1100/1390
features of frame 1200/1390
features of frame 1300/1390
extracting features from video ... 195/74
features of frame 100/5592
features of frame 200/5592
features of frame 300/5592
features of frame 400/5592
features of frame 500/5592
features of frame 600/5592
features of frame 700/5592
features of frame 800/5592
features of frame 900/5592
features of frame 1000/5592
features of frame 1100/5592
features of frame 1200/5592
features of frame 1300/5592
features of frame 1400/5592
features of frame 1500/5592
features of frame 1600/5592
features of frame 1700/5592
features of frame 1800/5592
features of frame 1900/5592
features of frame 2000/5592
features of frame 2100/5592
features of frame 2200/5592
features of frame 2300/5592
features of frame 2400/5592
features of frame 2500/5592
features of frame 2600/5592
features of frame 2700/5592
features of frame 2800/5592
features of frame 2900/5592
features of frame 3000/5592
features of frame 3100/5592
features of frame 3200/5592
features of frame 3300/5592
features of frame 3400/5592
features of frame 3500/5592
features of frame 3600/5592
features of frame 3700/5592
features of frame 3800/5592
features of frame 3900/5592
features of frame 4000/5592
features of frame 4100/5592
features of frame 4200/5592
features of frame 4300/5592
features of frame 4400/5592
features of frame 4500/5592
features of frame 4600/5592
features of frame 4700/5592
features of frame 4800/5592
features of frame 4900/5592
features of frame 5000/5592
features of frame 5100/5592
features of frame 5200/5592
features of frame 5300/5592
features of frame 5400/5592
features of frame 5500/5592
extracting features from video ... 196/74
features of frame 100/603
features of frame 200/603
features of frame 300/603
features of frame 400/603
features of frame 500/603
features of frame 600/603
extracting features from video ... 197/74
features of frame 100/3086
features of frame 200/3086
features of frame 300/3086
features of frame 400/3086
features of frame 500/3086
features of frame 600/3086
features of frame 700/3086
features of frame 800/3086
features of frame 900/3086
features of frame 1000/3086
features of frame 1100/3086
features of frame 1200/3086
features of frame 1300/3086
features of frame 1400/3086
features of frame 1500/3086
features of frame 1600/3086
features of frame 1700/3086
features of frame 1800/3086
features of frame 1900/3086
features of frame 2000/3086
features of frame 2100/3086
features of frame 2200/3086
features of frame 2300/3086
features of frame 2400/3086
features of frame 2500/3086
features of frame 2600/3086
features of frame 2700/3086
features of frame 2800/3086
features of frame 2900/3086
features of frame 3000/3086
extracting features from video ... 198/74
features of frame 100/3728
features of frame 200/3728
features of frame 300/3728
features of frame 400/3728
features of frame 500/3728
features of frame 600/3728
features of frame 700/3728
features of frame 800/3728
features of frame 900/3728
features of frame 1000/3728
features of frame 1100/3728
features of frame 1200/3728
features of frame 1300/3728
features of frame 1400/3728
features of frame 1500/3728
features of frame 1600/3728
features of frame 1700/3728
features of frame 1800/3728
features of frame 1900/3728
features of frame 2000/3728
features of frame 2100/3728
features of frame 2200/3728
features of frame 2300/3728
features of frame 2400/3728
features of frame 2500/3728
features of frame 2600/3728
features of frame 2700/3728
features of frame 2800/3728
features of frame 2900/3728
features of frame 3000/3728
features of frame 3100/3728
features of frame 3200/3728
features of frame 3300/3728
features of frame 3400/3728
features of frame 3500/3728
features of frame 3600/3728
features of frame 3700/3728
extracting features from video ... 199/74
features of frame 100/1111
features of frame 200/1111
features of frame 300/1111
features of frame 400/1111
features of frame 500/1111
features of frame 600/1111
features of frame 700/1111
features of frame 800/1111
features of frame 900/1111
features of frame 1000/1111
features of frame 1100/1111
extracting features from video ... 200/74
features of frame 100/3674
features of frame 200/3674
features of frame 300/3674
features of frame 400/3674
features of frame 500/3674
features of frame 600/3674
features of frame 700/3674
features of frame 800/3674
features of frame 900/3674
features of frame 1000/3674
features of frame 1100/3674
features of frame 1200/3674
features of frame 1300/3674
features of frame 1400/3674
features of frame 1500/3674
features of frame 1600/3674
features of frame 1700/3674
features of frame 1800/3674
features of frame 1900/3674
features of frame 2000/3674
features of frame 2100/3674
features of frame 2200/3674
features of frame 2300/3674
features of frame 2400/3674
features of frame 2500/3674
features of frame 2600/3674
features of frame 2700/3674
features of frame 2800/3674
features of frame 2900/3674
features of frame 3000/3674
features of frame 3100/3674
features of frame 3200/3674
features of frame 3300/3674
features of frame 3400/3674
features of frame 3500/3674
features of frame 3600/3674
>> >> 