
                            < M A T L A B (R) >
                  Copyright 1984-2014 The MathWorks, Inc.
                    R2014a (8.3.0.532) 64-bit (glnxa64)
                             February 11, 2014

 
To get started, type one of these: helpwin, helpdesk, or demo.
For product information, visit www.mathworks.com.
 
>>  function info = test_ap(varargin)
 |
{Error: Function definitions are not permitted in this context.
} 
>> >> >> >> >> >> >> >> >> >> >> >> >> >> >> >> >> >> >> >> >> >> >> >> >> >> >> >> >> >> 
net = 

  DagNN with properties:

                 layers: [1x15 struct]
                   vars: [1x16 struct]
                 params: [1x10 struct]
                   meta: [1x1 struct]
                   mode: 'normal'
                 holdOn: 0
    accumulateParamDers: 0
         conserveMemory: 1
        parameterServer: []
                 device: 'cpu'

>> >> >> >> >> >> >> >> >> >> >> extracting features from video ... 1/200
extracting features from video ... 2/200
extracting features from video ... 3/200
extracting features from video ... 4/200
extracting features from video ... 5/200
extracting features from video ... 6/200
extracting features from video ... 7/200
extracting features from video ... 8/200
extracting features from video ... 9/200
extracting features from video ... 10/200
extracting features from video ... 11/200
extracting features from video ... 12/200
extracting features from video ... 13/200
extracting features from video ... 14/200
extracting features from video ... 15/200
extracting features from video ... 16/200
extracting features from video ... 17/200
extracting features from video ... 18/200
extracting features from video ... 19/200
extracting features from video ... 20/200
extracting features from video ... 21/200
extracting features from video ... 22/200
extracting features from video ... 23/200
extracting features from video ... 24/200
extracting features from video ... 25/200
extracting features from video ... 26/200
extracting features from video ... 27/200
extracting features from video ... 28/200
extracting features from video ... 29/200
extracting features from video ... 30/200
extracting features from video ... 31/200
extracting features from video ... 32/200
extracting features from video ... 33/200
extracting features from video ... 34/200
extracting features from video ... 35/200
extracting features from video ... 36/200
extracting features from video ... 37/200
extracting features from video ... 38/200
extracting features from video ... 39/200
extracting features from video ... 40/200
extracting features from video ... 41/200
extracting features from video ... 42/200
extracting features from video ... 43/200
extracting features from video ... 44/200
extracting features from video ... 45/200
extracting features from video ... 46/200
extracting features from video ... 47/200
extracting features from video ... 48/200
extracting features from video ... 49/200
extracting features from video ... 50/200
extracting features from video ... 51/200
extracting features from video ... 52/200
extracting features from video ... 53/200
extracting features from video ... 54/200
extracting features from video ... 55/200
extracting features from video ... 56/200
extracting features from video ... 57/200
extracting features from video ... 58/200
extracting features from video ... 59/200
extracting features from video ... 60/200
extracting features from video ... 61/200
extracting features from video ... 62/200
extracting features from video ... 63/200
extracting features from video ... 64/200
extracting features from video ... 65/200
extracting features from video ... 66/200
extracting features from video ... 67/200
extracting features from video ... 68/200
extracting features from video ... 69/200
extracting features from video ... 70/200
extracting features from video ... 71/200
extracting features from video ... 72/200
extracting features from video ... 73/200
extracting features from video ... 74/200
extracting features from video ... 75/200
extracting features from video ... 76/200
extracting features from video ... 77/200
extracting features from video ... 78/200
extracting features from video ... 79/200
extracting features from video ... 80/200
extracting features from video ... 81/200
extracting features from video ... 82/200
extracting features from video ... 83/200
extracting features from video ... 84/200
extracting features from video ... 85/200
extracting features from video ... 86/200
extracting features from video ... 87/200
extracting features from video ... 88/200
extracting features from video ... 89/200
extracting features from video ... 90/200
extracting features from video ... 91/200
extracting features from video ... 92/200
extracting features from video ... 93/200
extracting features from video ... 94/200
extracting features from video ... 95/200
extracting features from video ... 96/200
extracting features from video ... 97/200
extracting features from video ... 98/200
extracting features from video ... 99/200
