
                            < M A T L A B (R) >
                  Copyright 1984-2014 The MathWorks, Inc.
                    R2014a (8.3.0.532) 64-bit (glnxa64)
                             February 11, 2014

 
To get started, type one of these: helpwin, helpdesk, or demo.
For product information, visit www.mathworks.com.
 
>>  function info = extract_cnn_features(varargin)
 |
{Error: Function definitions are not permitted in this context.
} 
>> >> >> >> >> >> >> >> >> >> >> >> >> >> >> >> >> >> >> >> >> >> >> >> >> >> >> >> >> >> >> >> >> 
net = 

  DagNN with properties:

                 layers: [1x30 struct]
                   vars: [1x31 struct]
                 params: [1x26 struct]
                   meta: [1x1 struct]
                   mode: 'normal'
                 holdOn: 0
    accumulateParamDers: 0
         conserveMemory: 1
        parameterServer: []
                 device: 'cpu'

>> >> >> >> >> >> >> >> >> >> >> >> >> >> >> >> >> >> >> >> >> extracting features from video ... 1/200
features of frame 100/5091
features of frame 200/5091
features of frame 300/5091
features of frame 400/5091
features of frame 500/5091
features of frame 600/5091
features of frame 700/5091
features of frame 800/5091
features of frame 900/5091
features of frame 1000/5091
features of frame 1100/5091
features of frame 1200/5091
features of frame 1300/5091
features of frame 1400/5091
features of frame 1500/5091
features of frame 1600/5091
features of frame 1700/5091
features of frame 1800/5091
features of frame 1900/5091
features of frame 2000/5091
features of frame 2100/5091
features of frame 2200/5091
features of frame 2300/5091
features of frame 2400/5091
features of frame 2500/5091
features of frame 2600/5091
features of frame 2700/5091
features of frame 2800/5091
features of frame 2900/5091
features of frame 3000/5091
features of frame 3100/5091
features of frame 3200/5091
features of frame 3300/5091
features of frame 3400/5091
features of frame 3500/5091
features of frame 3600/5091
features of frame 3700/5091
features of frame 3800/5091
features of frame 3900/5091
features of frame 4000/5091
features of frame 4100/5091
features of frame 4200/5091
features of frame 4300/5091
features of frame 4400/5091
features of frame 4500/5091
features of frame 4600/5091
features of frame 4700/5091
features of frame 4800/5091
features of frame 4900/5091
features of frame 5000/5091
extracting features from video ... 2/200
features of frame 100/4991
features of frame 200/4991
features of frame 300/4991
features of frame 400/4991
features of frame 500/4991
features of frame 600/4991
features of frame 700/4991
features of frame 800/4991
features of frame 900/4991
features of frame 1000/4991
features of frame 1100/4991
features of frame 1200/4991
features of frame 1300/4991
features of frame 1400/4991
features of frame 1500/4991
features of frame 1600/4991
features of frame 1700/4991
features of frame 1800/4991
features of frame 1900/4991
features of frame 2000/4991
features of frame 2100/4991
features of frame 2200/4991
features of frame 2300/4991
features of frame 2400/4991
features of frame 2500/4991
features of frame 2600/4991
features of frame 2700/4991
features of frame 2800/4991
features of frame 2900/4991
features of frame 3000/4991
features of frame 3100/4991
features of frame 3200/4991
features of frame 3300/4991
features of frame 3400/4991
features of frame 3500/4991
features of frame 3600/4991
features of frame 3700/4991
features of frame 3800/4991
features of frame 3900/4991
features of frame 4000/4991
features of frame 4100/4991
features of frame 4200/4991
features of frame 4300/4991
features of frame 4400/4991
features of frame 4500/4991
features of frame 4600/4991
features of frame 4700/4991
features of frame 4800/4991
features of frame 4900/4991
extracting features from video ... 3/200
features of frame 100/5916
features of frame 200/5916
features of frame 300/5916
features of frame 400/5916
features of frame 500/5916
features of frame 600/5916
features of frame 700/5916
features of frame 800/5916
features of frame 900/5916
features of frame 1000/5916
features of frame 1100/5916
features of frame 1200/5916
features of frame 1300/5916
features of frame 1400/5916
features of frame 1500/5916
features of frame 1600/5916
features of frame 1700/5916
features of frame 1800/5916
features of frame 1900/5916
features of frame 2000/5916
features of frame 2100/5916
features of frame 2200/5916
features of frame 2300/5916
features of frame 2400/5916
features of frame 2500/5916
features of frame 2600/5916
features of frame 2700/5916
features of frame 2800/5916
features of frame 2900/5916
features of frame 3000/5916
features of frame 3100/5916
features of frame 3200/5916
features of frame 3300/5916
features of frame 3400/5916
features of frame 3500/5916
features of frame 3600/5916
features of frame 3700/5916
features of frame 3800/5916
features of frame 3900/5916
features of frame 4000/5916
features of frame 4100/5916
features of frame 4200/5916
features of frame 4300/5916
features of frame 4400/5916
features of frame 4500/5916
features of frame 4600/5916
features of frame 4700/5916
features of frame 4800/5916
features of frame 4900/5916
features of frame 5000/5916
features of frame 5100/5916
features of frame 5200/5916
features of frame 5300/5916
features of frame 5400/5916
features of frame 5500/5916
features of frame 5600/5916
features of frame 5700/5916
features of frame 5800/5916
features of frame 5900/5916
extracting features from video ... 4/200
features of frame 100/4050
features of frame 200/4050
features of frame 300/4050
features of frame 400/4050
features of frame 500/4050
features of frame 600/4050
features of frame 700/4050
features of frame 800/4050
features of frame 900/4050
features of frame 1000/4050
features of frame 1100/4050
features of frame 1200/4050
features of frame 1300/4050
features of frame 1400/4050
features of frame 1500/4050
features of frame 1600/4050
features of frame 1700/4050
features of frame 1800/4050
features of frame 1900/4050
features of frame 2000/4050
features of frame 2100/4050
features of frame 2200/4050
features of frame 2300/4050
features of frame 2400/4050
features of frame 2500/4050
features of frame 2600/4050
features of frame 2700/4050
features of frame 2800/4050
features of frame 2900/4050
features of frame 3000/4050
features of frame 3100/4050
features of frame 3200/4050
features of frame 3300/4050
features of frame 3400/4050
features of frame 3500/4050
features of frame 3600/4050
features of frame 3700/4050
features of frame 3800/4050
features of frame 3900/4050
features of frame 4000/4050
extracting features from video ... 5/200
features of frame 100/4883
features of frame 200/4883
features of frame 300/4883
features of frame 400/4883
features of frame 500/4883
features of frame 600/4883
features of frame 700/4883
features of frame 800/4883
features of frame 900/4883
features of frame 1000/4883
features of frame 1100/4883
features of frame 1200/4883
features of frame 1300/4883
features of frame 1400/4883
features of frame 1500/4883
features of frame 1600/4883
features of frame 1700/4883
features of frame 1800/4883
features of frame 1900/4883
features of frame 2000/4883
features of frame 2100/4883
features of frame 2200/4883
features of frame 2300/4883
features of frame 2400/4883
features of frame 2500/4883
features of frame 2600/4883
features of frame 2700/4883
features of frame 2800/4883
features of frame 2900/4883
features of frame 3000/4883
features of frame 3100/4883
features of frame 3200/4883
features of frame 3300/4883
features of frame 3400/4883
features of frame 3500/4883
features of frame 3600/4883
features of frame 3700/4883
features of frame 3800/4883
features of frame 3900/4883
features of frame 4000/4883
features of frame 4100/4883
features of frame 4200/4883
features of frame 4300/4883
features of frame 4400/4883
features of frame 4500/4883
features of frame 4600/4883
features of frame 4700/4883
features of frame 4800/4883
extracting features from video ... 6/200
features of frame 100/4129
features of frame 200/4129
features of frame 300/4129
features of frame 400/4129
features of frame 500/4129
features of frame 600/4129
features of frame 700/4129
features of frame 800/4129
features of frame 900/4129
features of frame 1000/4129
features of frame 1100/4129
features of frame 1200/4129
features of frame 1300/4129
features of frame 1400/4129
features of frame 1500/4129
features of frame 1600/4129
features of frame 1700/4129
features of frame 1800/4129
features of frame 1900/4129
features of frame 2000/4129
features of frame 2100/4129
features of frame 2200/4129
features of frame 2300/4129
features of frame 2400/4129
features of frame 2500/4129
features of frame 2600/4129
features of frame 2700/4129
features of frame 2800/4129
features of frame 2900/4129
features of frame 3000/4129
features of frame 3100/4129
features of frame 3200/4129
features of frame 3300/4129
features of frame 3400/4129
features of frame 3500/4129
features of frame 3600/4129
features of frame 3700/4129
features of frame 3800/4129
features of frame 3900/4129
features of frame 4000/4129
features of frame 4100/4129
extracting features from video ... 7/200
features of frame 100/6831
features of frame 200/6831
features of frame 300/6831
features of frame 400/6831
features of frame 500/6831
features of frame 600/6831
features of frame 700/6831
features of frame 800/6831
features of frame 900/6831
features of frame 1000/6831
features of frame 1100/6831
features of frame 1200/6831
features of frame 1300/6831
features of frame 1400/6831
features of frame 1500/6831
features of frame 1600/6831
features of frame 1700/6831
features of frame 1800/6831
features of frame 1900/6831
features of frame 2000/6831
features of frame 2100/6831
features of frame 2200/6831
features of frame 2300/6831
features of frame 2400/6831
features of frame 2500/6831
features of frame 2600/6831
features of frame 2700/6831
features of frame 2800/6831
features of frame 2900/6831
features of frame 3000/6831
features of frame 3100/6831
features of frame 3200/6831
features of frame 3300/6831
features of frame 3400/6831
features of frame 3500/6831
features of frame 3600/6831
features of frame 3700/6831
features of frame 3800/6831
features of frame 3900/6831
features of frame 4000/6831
features of frame 4100/6831
features of frame 4200/6831
features of frame 4300/6831
features of frame 4400/6831
features of frame 4500/6831
features of frame 4600/6831
features of frame 4700/6831
features of frame 4800/6831
features of frame 4900/6831
features of frame 5000/6831
features of frame 5100/6831
features of frame 5200/6831
features of frame 5300/6831
features of frame 5400/6831
features of frame 5500/6831
features of frame 5600/6831
features of frame 5700/6831
features of frame 5800/6831
features of frame 5900/6831
features of frame 6000/6831
features of frame 6100/6831
features of frame 6200/6831
features of frame 6300/6831
features of frame 6400/6831
features of frame 6500/6831
features of frame 6600/6831
features of frame 6700/6831
features of frame 6800/6831
extracting features from video ... 8/200
features of frame 100/3958
features of frame 200/3958
features of frame 300/3958
features of frame 400/3958
features of frame 500/3958
features of frame 600/3958
features of frame 700/3958
features of frame 800/3958
features of frame 900/3958
features of frame 1000/3958
features of frame 1100/3958
features of frame 1200/3958
features of frame 1300/3958
features of frame 1400/3958
features of frame 1500/3958
features of frame 1600/3958
features of frame 1700/3958
features of frame 1800/3958
features of frame 1900/3958
features of frame 2000/3958
features of frame 2100/3958
features of frame 2200/3958
features of frame 2300/3958
features of frame 2400/3958
features of frame 2500/3958
features of frame 2600/3958
features of frame 2700/3958
features of frame 2800/3958
features of frame 2900/3958
features of frame 3000/3958
features of frame 3100/3958
features of frame 3200/3958
features of frame 3300/3958
features of frame 3400/3958
features of frame 3500/3958
features of frame 3600/3958
features of frame 3700/3958
features of frame 3800/3958
features of frame 3900/3958
extracting features from video ... 9/200
features of frame 100/6864
features of frame 200/6864
features of frame 300/6864
features of frame 400/6864
features of frame 500/6864
features of frame 600/6864
features of frame 700/6864
features of frame 800/6864
features of frame 900/6864
features of frame 1000/6864
features of frame 1100/6864
features of frame 1200/6864
features of frame 1300/6864
features of frame 1400/6864
features of frame 1500/6864
features of frame 1600/6864
features of frame 1700/6864
features of frame 1800/6864
features of frame 1900/6864
features of frame 2000/6864
features of frame 2100/6864
features of frame 2200/6864
features of frame 2300/6864
features of frame 2400/6864
features of frame 2500/6864
features of frame 2600/6864
features of frame 2700/6864
features of frame 2800/6864
features of frame 2900/6864
features of frame 3000/6864
features of frame 3100/6864
features of frame 3200/6864
features of frame 3300/6864
features of frame 3400/6864
features of frame 3500/6864
features of frame 3600/6864
features of frame 3700/6864
features of frame 3800/6864
features of frame 3900/6864
features of frame 4000/6864
features of frame 4100/6864
features of frame 4200/6864
features of frame 4300/6864
features of frame 4400/6864
features of frame 4500/6864
features of frame 4600/6864
features of frame 4700/6864
features of frame 4800/6864
features of frame 4900/6864
features of frame 5000/6864
features of frame 5100/6864
features of frame 5200/6864
features of frame 5300/6864
features of frame 5400/6864
features of frame 5500/6864
features of frame 5600/6864
features of frame 5700/6864
features of frame 5800/6864
features of frame 5900/6864
features of frame 6000/6864
features of frame 6100/6864
features of frame 6200/6864
features of frame 6300/6864
features of frame 6400/6864
features of frame 6500/6864
features of frame 6600/6864
features of frame 6700/6864
features of frame 6800/6864
extracting features from video ... 10/200
features of frame 100/5611
features of frame 200/5611
features of frame 300/5611
features of frame 400/5611
features of frame 500/5611
features of frame 600/5611
features of frame 700/5611
features of frame 800/5611
features of frame 900/5611
features of frame 1000/5611
features of frame 1100/5611
features of frame 1200/5611
features of frame 1300/5611
features of frame 1400/5611
features of frame 1500/5611
features of frame 1600/5611
features of frame 1700/5611
features of frame 1800/5611
features of frame 1900/5611
features of frame 2000/5611
features of frame 2100/5611
features of frame 2200/5611
features of frame 2300/5611
features of frame 2400/5611
features of frame 2500/5611
features of frame 2600/5611
features of frame 2700/5611
features of frame 2800/5611
features of frame 2900/5611
features of frame 3000/5611
features of frame 3100/5611
features of frame 3200/5611
features of frame 3300/5611
features of frame 3400/5611
features of frame 3500/5611
features of frame 3600/5611
features of frame 3700/5611
features of frame 3800/5611
features of frame 3900/5611
features of frame 4000/5611
features of frame 4100/5611
features of frame 4200/5611
features of frame 4300/5611
features of frame 4400/5611
features of frame 4500/5611
features of frame 4600/5611
features of frame 4700/5611
features of frame 4800/5611
features of frame 4900/5611
features of frame 5000/5611
features of frame 5100/5611
features of frame 5200/5611
features of frame 5300/5611
features of frame 5400/5611
features of frame 5500/5611
features of frame 5600/5611
extracting features from video ... 11/200
features of frame 100/1004
features of frame 200/1004
features of frame 300/1004
features of frame 400/1004
features of frame 500/1004
features of frame 600/1004
features of frame 700/1004
features of frame 800/1004
features of frame 900/1004
features of frame 1000/1004
extracting features from video ... 12/200
features of frame 100/4972
features of frame 200/4972
features of frame 300/4972
features of frame 400/4972
features of frame 500/4972
features of frame 600/4972
features of frame 700/4972
features of frame 800/4972
features of frame 900/4972
features of frame 1000/4972
features of frame 1100/4972
features of frame 1200/4972
features of frame 1300/4972
features of frame 1400/4972
features of frame 1500/4972
features of frame 1600/4972
features of frame 1700/4972
features of frame 1800/4972
features of frame 1900/4972
features of frame 2000/4972
features of frame 2100/4972
features of frame 2200/4972
features of frame 2300/4972
features of frame 2400/4972
features of frame 2500/4972
features of frame 2600/4972
features of frame 2700/4972
features of frame 2800/4972
features of frame 2900/4972
features of frame 3000/4972
features of frame 3100/4972
features of frame 3200/4972
features of frame 3300/4972
features of frame 3400/4972
features of frame 3500/4972
features of frame 3600/4972
features of frame 3700/4972
features of frame 3800/4972
features of frame 3900/4972
features of frame 4000/4972
features of frame 4100/4972
features of frame 4200/4972
features of frame 4300/4972
features of frame 4400/4972
features of frame 4500/4972
features of frame 4600/4972
features of frame 4700/4972
features of frame 4800/4972
features of frame 4900/4972
extracting features from video ... 13/200
features of frame 100/5140
features of frame 200/5140
features of frame 300/5140
features of frame 400/5140
features of frame 500/5140
features of frame 600/5140
features of frame 700/5140
features of frame 800/5140
features of frame 900/5140
features of frame 1000/5140
features of frame 1100/5140
features of frame 1200/5140
features of frame 1300/5140
features of frame 1400/5140
features of frame 1500/5140
features of frame 1600/5140
features of frame 1700/5140
features of frame 1800/5140
features of frame 1900/5140
features of frame 2000/5140
features of frame 2100/5140
features of frame 2200/5140
features of frame 2300/5140
features of frame 2400/5140
features of frame 2500/5140
features of frame 2600/5140
features of frame 2700/5140
features of frame 2800/5140
features of frame 2900/5140
features of frame 3000/5140
features of frame 3100/5140
features of frame 3200/5140
features of frame 3300/5140
features of frame 3400/5140
features of frame 3500/5140
features of frame 3600/5140
features of frame 3700/5140
features of frame 3800/5140
features of frame 3900/5140
features of frame 4000/5140
features of frame 4100/5140
features of frame 4200/5140
features of frame 4300/5140
features of frame 4400/5140
features of frame 4500/5140
features of frame 4600/5140
features of frame 4700/5140
features of frame 4800/5140
features of frame 4900/5140
features of frame 5000/5140
features of frame 5100/5140
extracting features from video ... 14/200
features of frame 100/1573
features of frame 200/1573
features of frame 300/1573
features of frame 400/1573
features of frame 500/1573
features of frame 600/1573
features of frame 700/1573
features of frame 800/1573
features of frame 900/1573
features of frame 1000/1573
features of frame 1100/1573
features of frame 1200/1573
features of frame 1300/1573
features of frame 1400/1573
features of frame 1500/1573
extracting features from video ... 15/200
features of frame 100/2263
features of frame 200/2263
features of frame 300/2263
features of frame 400/2263
features of frame 500/2263
features of frame 600/2263
features of frame 700/2263
features of frame 800/2263
features of frame 900/2263
features of frame 1000/2263
features of frame 1100/2263
features of frame 1200/2263
features of frame 1300/2263
features of frame 1400/2263
features of frame 1500/2263
features of frame 1600/2263
features of frame 1700/2263
features of frame 1800/2263
features of frame 1900/2263
features of frame 2000/2263
features of frame 2100/2263
features of frame 2200/2263
extracting features from video ... 16/200
features of frame 100/7122
features of frame 200/7122
features of frame 300/7122
features of frame 400/7122
features of frame 500/7122
features of frame 600/7122
features of frame 700/7122
features of frame 800/7122
features of frame 900/7122
features of frame 1000/7122
features of frame 1100/7122
features of frame 1200/7122
features of frame 1300/7122
features of frame 1400/7122
features of frame 1500/7122
features of frame 1600/7122
features of frame 1700/7122
features of frame 1800/7122
features of frame 1900/7122
features of frame 2000/7122
features of frame 2100/7122
features of frame 2200/7122
features of frame 2300/7122
features of frame 2400/7122
features of frame 2500/7122
features of frame 2600/7122
features of frame 2700/7122
features of frame 2800/7122
features of frame 2900/7122
features of frame 3000/7122
features of frame 3100/7122
features of frame 3200/7122
features of frame 3300/7122
features of frame 3400/7122
features of frame 3500/7122
features of frame 3600/7122
features of frame 3700/7122
features of frame 3800/7122
features of frame 3900/7122
features of frame 4000/7122
features of frame 4100/7122
features of frame 4200/7122
features of frame 4300/7122
features of frame 4400/7122
features of frame 4500/7122
features of frame 4600/7122
features of frame 4700/7122
features of frame 4800/7122
features of frame 4900/7122
features of frame 5000/7122
features of frame 5100/7122
features of frame 5200/7122
features of frame 5300/7122
features of frame 5400/7122
features of frame 5500/7122
features of frame 5600/7122
features of frame 5700/7122
features of frame 5800/7122
features of frame 5900/7122
features of frame 6000/7122
features of frame 6100/7122
features of frame 6200/7122
features of frame 6300/7122
features of frame 6400/7122
features of frame 6500/7122
features of frame 6600/7122
features of frame 6700/7122
features of frame 6800/7122
features of frame 6900/7122
features of frame 7000/7122
features of frame 7100/7122
extracting features from video ... 17/200
features of frame 100/1509
features of frame 200/1509
features of frame 300/1509
features of frame 400/1509
features of frame 500/1509
features of frame 600/1509
features of frame 700/1509
features of frame 800/1509
features of frame 900/1509
features of frame 1000/1509
features of frame 1100/1509
features of frame 1200/1509
features of frame 1300/1509
features of frame 1400/1509
features of frame 1500/1509
extracting features from video ... 18/200
features of frame 100/9197
features of frame 200/9197
features of frame 300/9197
features of frame 400/9197
features of frame 500/9197
features of frame 600/9197
features of frame 700/9197
features of frame 800/9197
features of frame 900/9197
features of frame 1000/9197
features of frame 1100/9197
features of frame 1200/9197
features of frame 1300/9197
features of frame 1400/9197
features of frame 1500/9197
features of frame 1600/9197
features of frame 1700/9197
features of frame 1800/9197
features of frame 1900/9197
features of frame 2000/9197
features of frame 2100/9197
features of frame 2200/9197
features of frame 2300/9197
features of frame 2400/9197
features of frame 2500/9197
features of frame 2600/9197
features of frame 2700/9197
features of frame 2800/9197
features of frame 2900/9197
features of frame 3000/9197
features of frame 3100/9197
features of frame 3200/9197
features of frame 3300/9197
features of frame 3400/9197
features of frame 3500/9197
features of frame 3600/9197
features of frame 3700/9197
features of frame 3800/9197
features of frame 3900/9197
features of frame 4000/9197
features of frame 4100/9197
features of frame 4200/9197
features of frame 4300/9197
features of frame 4400/9197
features of frame 4500/9197
features of frame 4600/9197
features of frame 4700/9197
features of frame 4800/9197
features of frame 4900/9197
features of frame 5000/9197
features of frame 5100/9197
features of frame 5200/9197
features of frame 5300/9197
features of frame 5400/9197
features of frame 5500/9197
features of frame 5600/9197
features of frame 5700/9197
features of frame 5800/9197
features of frame 5900/9197
features of frame 6000/9197
features of frame 6100/9197
features of frame 6200/9197
features of frame 6300/9197
features of frame 6400/9197
features of frame 6500/9197
features of frame 6600/9197
features of frame 6700/9197
features of frame 6800/9197
features of frame 6900/9197
features of frame 7000/9197
features of frame 7100/9197
features of frame 7200/9197
features of frame 7300/9197
features of frame 7400/9197
features of frame 7500/9197
features of frame 7600/9197
features of frame 7700/9197
features of frame 7800/9197
features of frame 7900/9197
features of frame 8000/9197
features of frame 8100/9197
features of frame 8200/9197
features of frame 8300/9197
features of frame 8400/9197
features of frame 8500/9197
features of frame 8600/9197
features of frame 8700/9197
features of frame 8800/9197
features of frame 8900/9197
features of frame 9000/9197
features of frame 9100/9197
extracting features from video ... 19/200
features of frame 100/13358
features of frame 200/13358
features of frame 300/13358
features of frame 400/13358
features of frame 500/13358
features of frame 600/13358
features of frame 700/13358
features of frame 800/13358
features of frame 900/13358
features of frame 1000/13358
features of frame 1100/13358
features of frame 1200/13358
features of frame 1300/13358
features of frame 1400/13358
features of frame 1500/13358
features of frame 1600/13358
features of frame 1700/13358
features of frame 1800/13358
features of frame 1900/13358
features of frame 2000/13358
features of frame 2100/13358
features of frame 2200/13358
features of frame 2300/13358
features of frame 2400/13358
features of frame 2500/13358
features of frame 2600/13358
features of frame 2700/13358
features of frame 2800/13358
features of frame 2900/13358
features of frame 3000/13358
features of frame 3100/13358
features of frame 3200/13358
features of frame 3300/13358
features of frame 3400/13358
features of frame 3500/13358
features of frame 3600/13358
features of frame 3700/13358
features of frame 3800/13358
features of frame 3900/13358
features of frame 4000/13358
features of frame 4100/13358
features of frame 4200/13358
features of frame 4300/13358
features of frame 4400/13358
features of frame 4500/13358
features of frame 4600/13358
features of frame 4700/13358
features of frame 4800/13358
features of frame 4900/13358
features of frame 5000/13358
features of frame 5100/13358
features of frame 5200/13358
features of frame 5300/13358
features of frame 5400/13358
features of frame 5500/13358
features of frame 5600/13358
features of frame 5700/13358
features of frame 5800/13358
features of frame 5900/13358
features of frame 6000/13358
features of frame 6100/13358
features of frame 6200/13358
features of frame 6300/13358
features of frame 6400/13358
features of frame 6500/13358
features of frame 6600/13358
features of frame 6700/13358
features of frame 6800/13358
features of frame 6900/13358
features of frame 7000/13358
features of frame 7100/13358
features of frame 7200/13358
features of frame 7300/13358
features of frame 7400/13358
features of frame 7500/13358
features of frame 7600/13358
features of frame 7700/13358
features of frame 7800/13358
features of frame 7900/13358
features of frame 8000/13358
features of frame 8100/13358
features of frame 8200/13358
features of frame 8300/13358
features of frame 8400/13358
features of frame 8500/13358
features of frame 8600/13358
features of frame 8700/13358
features of frame 8800/13358
features of frame 8900/13358
features of frame 9000/13358
features of frame 9100/13358
features of frame 9200/13358
features of frame 9300/13358
features of frame 9400/13358
features of frame 9500/13358
features of frame 9600/13358
features of frame 9700/13358
features of frame 9800/13358
features of frame 9900/13358
features of frame 10000/13358
features of frame 10100/13358
features of frame 10200/13358
features of frame 10300/13358
features of frame 10400/13358
features of frame 10500/13358
features of frame 10600/13358
features of frame 10700/13358
features of frame 10800/13358
features of frame 10900/13358
features of frame 11000/13358
features of frame 11100/13358
features of frame 11200/13358
features of frame 11300/13358
features of frame 11400/13358
features of frame 11500/13358
features of frame 11600/13358
features of frame 11700/13358
features of frame 11800/13358
features of frame 11900/13358
features of frame 12000/13358
features of frame 12100/13358
features of frame 12200/13358
features of frame 12300/13358
features of frame 12400/13358
features of frame 12500/13358
features of frame 12600/13358
features of frame 12700/13358
features of frame 12800/13358
features of frame 12900/13358
features of frame 13000/13358
features of frame 13100/13358
features of frame 13200/13358
features of frame 13300/13358
extracting features from video ... 20/200
features of frame 100/12238
features of frame 200/12238
features of frame 300/12238
features of frame 400/12238
features of frame 500/12238
features of frame 600/12238
features of frame 700/12238
features of frame 800/12238
features of frame 900/12238
features of frame 1000/12238
features of frame 1100/12238
features of frame 1200/12238
features of frame 1300/12238
features of frame 1400/12238
features of frame 1500/12238
features of frame 1600/12238
features of frame 1700/12238
features of frame 1800/12238
features of frame 1900/12238
features of frame 2000/12238
features of frame 2100/12238
features of frame 2200/12238
features of frame 2300/12238
features of frame 2400/12238
features of frame 2500/12238
features of frame 2600/12238
features of frame 2700/12238
features of frame 2800/12238
features of frame 2900/12238
features of frame 3000/12238
features of frame 3100/12238
features of frame 3200/12238
features of frame 3300/12238
features of frame 3400/12238
features of frame 3500/12238
features of frame 3600/12238
features of frame 3700/12238
features of frame 3800/12238
features of frame 3900/12238
features of frame 4000/12238
features of frame 4100/12238
features of frame 4200/12238
features of frame 4300/12238
features of frame 4400/12238
features of frame 4500/12238
features of frame 4600/12238
features of frame 4700/12238
features of frame 4800/12238
features of frame 4900/12238
features of frame 5000/12238
features of frame 5100/12238
features of frame 5200/12238
features of frame 5300/12238
features of frame 5400/12238
features of frame 5500/12238
features of frame 5600/12238
features of frame 5700/12238
features of frame 5800/12238
features of frame 5900/12238
features of frame 6000/12238
features of frame 6100/12238
features of frame 6200/12238
features of frame 6300/12238
features of frame 6400/12238
features of frame 6500/12238
features of frame 6600/12238
features of frame 6700/12238
features of frame 6800/12238
features of frame 6900/12238
features of frame 7000/12238
features of frame 7100/12238
features of frame 7200/12238
features of frame 7300/12238
features of frame 7400/12238
features of frame 7500/12238
features of frame 7600/12238
features of frame 7700/12238
features of frame 7800/12238
features of frame 7900/12238
features of frame 8000/12238
features of frame 8100/12238
features of frame 8200/12238
features of frame 8300/12238
features of frame 8400/12238
features of frame 8500/12238
features of frame 8600/12238
features of frame 8700/12238
features of frame 8800/12238
features of frame 8900/12238
features of frame 9000/12238
features of frame 9100/12238
features of frame 9200/12238
features of frame 9300/12238
features of frame 9400/12238
features of frame 9500/12238
features of frame 9600/12238
features of frame 9700/12238
features of frame 9800/12238
features of frame 9900/12238
features of frame 10000/12238
features of frame 10100/12238
features of frame 10200/12238
features of frame 10300/12238
features of frame 10400/12238
features of frame 10500/12238
features of frame 10600/12238
features of frame 10700/12238
features of frame 10800/12238
features of frame 10900/12238
features of frame 11000/12238
features of frame 11100/12238
features of frame 11200/12238
features of frame 11300/12238
features of frame 11400/12238
features of frame 11500/12238
features of frame 11600/12238
features of frame 11700/12238
features of frame 11800/12238
features of frame 11900/12238
features of frame 12000/12238
features of frame 12100/12238
features of frame 12200/12238
extracting features from video ... 21/200
features of frame 100/1852
features of frame 200/1852
features of frame 300/1852
features of frame 400/1852
features of frame 500/1852
features of frame 600/1852
features of frame 700/1852
features of frame 800/1852
features of frame 900/1852
features of frame 1000/1852
features of frame 1100/1852
features of frame 1200/1852
features of frame 1300/1852
features of frame 1400/1852
features of frame 1500/1852
features of frame 1600/1852
features of frame 1700/1852
features of frame 1800/1852
extracting features from video ... 22/200
features of frame 100/5941
features of frame 200/5941
features of frame 300/5941
features of frame 400/5941
features of frame 500/5941
features of frame 600/5941
features of frame 700/5941
features of frame 800/5941
features of frame 900/5941
features of frame 1000/5941
features of frame 1100/5941
features of frame 1200/5941
features of frame 1300/5941
features of frame 1400/5941
features of frame 1500/5941
features of frame 1600/5941
features of frame 1700/5941
features of frame 1800/5941
features of frame 1900/5941
features of frame 2000/5941
features of frame 2100/5941
features of frame 2200/5941
features of frame 2300/5941
features of frame 2400/5941
features of frame 2500/5941
features of frame 2600/5941
features of frame 2700/5941
features of frame 2800/5941
features of frame 2900/5941
features of frame 3000/5941
features of frame 3100/5941
features of frame 3200/5941
features of frame 3300/5941
features of frame 3400/5941
features of frame 3500/5941
features of frame 3600/5941
features of frame 3700/5941
features of frame 3800/5941
features of frame 3900/5941
features of frame 4000/5941
features of frame 4100/5941
features of frame 4200/5941
features of frame 4300/5941
features of frame 4400/5941
features of frame 4500/5941
features of frame 4600/5941
features of frame 4700/5941
features of frame 4800/5941
features of frame 4900/5941
features of frame 5000/5941
features of frame 5100/5941
features of frame 5200/5941
features of frame 5300/5941
features of frame 5400/5941
features of frame 5500/5941
features of frame 5600/5941
features of frame 5700/5941
features of frame 5800/5941
features of frame 5900/5941
extracting features from video ... 23/200
features of frame 100/7016
features of frame 200/7016
features of frame 300/7016
features of frame 400/7016
features of frame 500/7016
features of frame 600/7016
features of frame 700/7016
features of frame 800/7016
features of frame 900/7016
features of frame 1000/7016
features of frame 1100/7016
features of frame 1200/7016
features of frame 1300/7016
features of frame 1400/7016
features of frame 1500/7016
features of frame 1600/7016
features of frame 1700/7016
features of frame 1800/7016
features of frame 1900/7016
features of frame 2000/7016
features of frame 2100/7016
features of frame 2200/7016
features of frame 2300/7016
features of frame 2400/7016
features of frame 2500/7016
features of frame 2600/7016
features of frame 2700/7016
features of frame 2800/7016
features of frame 2900/7016
features of frame 3000/7016
features of frame 3100/7016
features of frame 3200/7016
features of frame 3300/7016
features of frame 3400/7016
features of frame 3500/7016
features of frame 3600/7016
features of frame 3700/7016
features of frame 3800/7016
features of frame 3900/7016
features of frame 4000/7016
features of frame 4100/7016
features of frame 4200/7016
features of frame 4300/7016
features of frame 4400/7016
features of frame 4500/7016
features of frame 4600/7016
features of frame 4700/7016
features of frame 4800/7016
features of frame 4900/7016
features of frame 5000/7016
features of frame 5100/7016
features of frame 5200/7016
features of frame 5300/7016
features of frame 5400/7016
features of frame 5500/7016
features of frame 5600/7016
features of frame 5700/7016
features of frame 5800/7016
features of frame 5900/7016
features of frame 6000/7016
features of frame 6100/7016
features of frame 6200/7016
features of frame 6300/7016
features of frame 6400/7016
features of frame 6500/7016
features of frame 6600/7016
features of frame 6700/7016
features of frame 6800/7016
features of frame 6900/7016
features of frame 7000/7016
extracting features from video ... 24/200
features of frame 100/5201
features of frame 200/5201
features of frame 300/5201
features of frame 400/5201
features of frame 500/5201
features of frame 600/5201
features of frame 700/5201
features of frame 800/5201
features of frame 900/5201
features of frame 1000/5201
features of frame 1100/5201
features of frame 1200/5201
features of frame 1300/5201
features of frame 1400/5201
features of frame 1500/5201
features of frame 1600/5201
features of frame 1700/5201
features of frame 1800/5201
features of frame 1900/5201
features of frame 2000/5201
features of frame 2100/5201
features of frame 2200/5201
features of frame 2300/5201
features of frame 2400/5201
features of frame 2500/5201
features of frame 2600/5201
features of frame 2700/5201
features of frame 2800/5201
features of frame 2900/5201
features of frame 3000/5201
features of frame 3100/5201
features of frame 3200/5201
features of frame 3300/5201
features of frame 3400/5201
features of frame 3500/5201
features of frame 3600/5201
features of frame 3700/5201
features of frame 3800/5201
features of frame 3900/5201
features of frame 4000/5201
features of frame 4100/5201
features of frame 4200/5201
features of frame 4300/5201
features of frame 4400/5201
features of frame 4500/5201
features of frame 4600/5201
features of frame 4700/5201
features of frame 4800/5201
features of frame 4900/5201
features of frame 5000/5201
features of frame 5100/5201
features of frame 5200/5201
extracting features from video ... 25/200
features of frame 100/3191
features of frame 200/3191
features of frame 300/3191
features of frame 400/3191
features of frame 500/3191
features of frame 600/3191
features of frame 700/3191
features of frame 800/3191
features of frame 900/3191
features of frame 1000/3191
features of frame 1100/3191
features of frame 1200/3191
features of frame 1300/3191
features of frame 1400/3191
features of frame 1500/3191
features of frame 1600/3191
features of frame 1700/3191
features of frame 1800/3191
features of frame 1900/3191
features of frame 2000/3191
features of frame 2100/3191
features of frame 2200/3191
features of frame 2300/3191
features of frame 2400/3191
features of frame 2500/3191
features of frame 2600/3191
features of frame 2700/3191
features of frame 2800/3191
features of frame 2900/3191
features of frame 3000/3191
features of frame 3100/3191
extracting features from video ... 26/200
features of frame 100/4359
features of frame 200/4359
features of frame 300/4359
features of frame 400/4359
features of frame 500/4359
features of frame 600/4359
features of frame 700/4359
features of frame 800/4359
features of frame 900/4359
features of frame 1000/4359
features of frame 1100/4359
features of frame 1200/4359
features of frame 1300/4359
features of frame 1400/4359
features of frame 1500/4359
features of frame 1600/4359
features of frame 1700/4359
features of frame 1800/4359
features of frame 1900/4359
features of frame 2000/4359
features of frame 2100/4359
features of frame 2200/4359
features of frame 2300/4359
features of frame 2400/4359
features of frame 2500/4359
features of frame 2600/4359
features of frame 2700/4359
features of frame 2800/4359
features of frame 2900/4359
features of frame 3000/4359
features of frame 3100/4359
features of frame 3200/4359
features of frame 3300/4359
features of frame 3400/4359
features of frame 3500/4359
features of frame 3600/4359
features of frame 3700/4359
features of frame 3800/4359
features of frame 3900/4359
features of frame 4000/4359
features of frame 4100/4359
features of frame 4200/4359
features of frame 4300/4359
extracting features from video ... 27/200
features of frame 100/6325
features of frame 200/6325
features of frame 300/6325
features of frame 400/6325
features of frame 500/6325
features of frame 600/6325
features of frame 700/6325
features of frame 800/6325
features of frame 900/6325
features of frame 1000/6325
features of frame 1100/6325
features of frame 1200/6325
features of frame 1300/6325
features of frame 1400/6325
features of frame 1500/6325
features of frame 1600/6325
features of frame 1700/6325
features of frame 1800/6325
features of frame 1900/6325
features of frame 2000/6325
features of frame 2100/6325
features of frame 2200/6325
features of frame 2300/6325
features of frame 2400/6325
features of frame 2500/6325
features of frame 2600/6325
features of frame 2700/6325
features of frame 2800/6325
features of frame 2900/6325
features of frame 3000/6325
features of frame 3100/6325
features of frame 3200/6325
features of frame 3300/6325
features of frame 3400/6325
features of frame 3500/6325
features of frame 3600/6325
features of frame 3700/6325
features of frame 3800/6325
features of frame 3900/6325
features of frame 4000/6325
features of frame 4100/6325
features of frame 4200/6325
features of frame 4300/6325
features of frame 4400/6325
features of frame 4500/6325
features of frame 4600/6325
features of frame 4700/6325
features of frame 4800/6325
features of frame 4900/6325
features of frame 5000/6325
features of frame 5100/6325
features of frame 5200/6325
features of frame 5300/6325
features of frame 5400/6325
features of frame 5500/6325
features of frame 5600/6325
features of frame 5700/6325
features of frame 5800/6325
features of frame 5900/6325
features of frame 6000/6325
features of frame 6100/6325
features of frame 6200/6325
features of frame 6300/6325
extracting features from video ... 28/200
features of frame 100/4106
features of frame 200/4106
features of frame 300/4106
features of frame 400/4106
features of frame 500/4106
features of frame 600/4106
features of frame 700/4106
features of frame 800/4106
features of frame 900/4106
features of frame 1000/4106
features of frame 1100/4106
features of frame 1200/4106
features of frame 1300/4106
features of frame 1400/4106
features of frame 1500/4106
features of frame 1600/4106
features of frame 1700/4106
features of frame 1800/4106
features of frame 1900/4106
features of frame 2000/4106
features of frame 2100/4106
features of frame 2200/4106
features of frame 2300/4106
features of frame 2400/4106
features of frame 2500/4106
features of frame 2600/4106
features of frame 2700/4106
features of frame 2800/4106
features of frame 2900/4106
features of frame 3000/4106
features of frame 3100/4106
features of frame 3200/4106
features of frame 3300/4106
features of frame 3400/4106
features of frame 3500/4106
features of frame 3600/4106
features of frame 3700/4106
features of frame 3800/4106
features of frame 3900/4106
features of frame 4000/4106
features of frame 4100/4106
extracting features from video ... 29/200
features of frame 100/5825
features of frame 200/5825
features of frame 300/5825
features of frame 400/5825
features of frame 500/5825
features of frame 600/5825
features of frame 700/5825
features of frame 800/5825
features of frame 900/5825
features of frame 1000/5825
features of frame 1100/5825
features of frame 1200/5825
features of frame 1300/5825
features of frame 1400/5825
features of frame 1500/5825
features of frame 1600/5825
features of frame 1700/5825
features of frame 1800/5825
features of frame 1900/5825
features of frame 2000/5825
features of frame 2100/5825
features of frame 2200/5825
features of frame 2300/5825
features of frame 2400/5825
features of frame 2500/5825
features of frame 2600/5825
features of frame 2700/5825
features of frame 2800/5825
features of frame 2900/5825
features of frame 3000/5825
features of frame 3100/5825
features of frame 3200/5825
features of frame 3300/5825
features of frame 3400/5825
features of frame 3500/5825
features of frame 3600/5825
features of frame 3700/5825
features of frame 3800/5825
features of frame 3900/5825
features of frame 4000/5825
features of frame 4100/5825
features of frame 4200/5825
features of frame 4300/5825
features of frame 4400/5825
features of frame 4500/5825
features of frame 4600/5825
features of frame 4700/5825
features of frame 4800/5825
features of frame 4900/5825
features of frame 5000/5825
features of frame 5100/5825
features of frame 5200/5825
features of frame 5300/5825
features of frame 5400/5825
features of frame 5500/5825
features of frame 5600/5825
features of frame 5700/5825
features of frame 5800/5825
extracting features from video ... 30/200
features of frame 100/6476
features of frame 200/6476
features of frame 300/6476
features of frame 400/6476
features of frame 500/6476
features of frame 600/6476
features of frame 700/6476
features of frame 800/6476
features of frame 900/6476
features of frame 1000/6476
features of frame 1100/6476
features of frame 1200/6476
features of frame 1300/6476
features of frame 1400/6476
features of frame 1500/6476
features of frame 1600/6476
features of frame 1700/6476
features of frame 1800/6476
features of frame 1900/6476
features of frame 2000/6476
features of frame 2100/6476
features of frame 2200/6476
features of frame 2300/6476
features of frame 2400/6476
features of frame 2500/6476
features of frame 2600/6476
features of frame 2700/6476
features of frame 2800/6476
features of frame 2900/6476
features of frame 3000/6476
features of frame 3100/6476
features of frame 3200/6476
features of frame 3300/6476
features of frame 3400/6476
features of frame 3500/6476
features of frame 3600/6476
features of frame 3700/6476
features of frame 3800/6476
features of frame 3900/6476
features of frame 4000/6476
features of frame 4100/6476
features of frame 4200/6476
features of frame 4300/6476
features of frame 4400/6476
features of frame 4500/6476
features of frame 4600/6476
features of frame 4700/6476
features of frame 4800/6476
features of frame 4900/6476
features of frame 5000/6476
features of frame 5100/6476
features of frame 5200/6476
features of frame 5300/6476
features of frame 5400/6476
features of frame 5500/6476
features of frame 5600/6476
features of frame 5700/6476
features of frame 5800/6476
features of frame 5900/6476
features of frame 6000/6476
features of frame 6100/6476
features of frame 6200/6476
features of frame 6300/6476
features of frame 6400/6476
extracting features from video ... 31/200
features of frame 100/4566
features of frame 200/4566
features of frame 300/4566
features of frame 400/4566
features of frame 500/4566
features of frame 600/4566
features of frame 700/4566
features of frame 800/4566
features of frame 900/4566
features of frame 1000/4566
features of frame 1100/4566
features of frame 1200/4566
features of frame 1300/4566
features of frame 1400/4566
features of frame 1500/4566
features of frame 1600/4566
features of frame 1700/4566
features of frame 1800/4566
features of frame 1900/4566
features of frame 2000/4566
features of frame 2100/4566
features of frame 2200/4566
features of frame 2300/4566
features of frame 2400/4566
features of frame 2500/4566
features of frame 2600/4566
features of frame 2700/4566
features of frame 2800/4566
features of frame 2900/4566
features of frame 3000/4566
features of frame 3100/4566
features of frame 3200/4566
features of frame 3300/4566
features of frame 3400/4566
features of frame 3500/4566
features of frame 3600/4566
features of frame 3700/4566
features of frame 3800/4566
features of frame 3900/4566
features of frame 4000/4566
features of frame 4100/4566
features of frame 4200/4566
features of frame 4300/4566
features of frame 4400/4566
features of frame 4500/4566
extracting features from video ... 32/200
features of frame 100/3111
features of frame 200/3111
features of frame 300/3111
features of frame 400/3111
features of frame 500/3111
features of frame 600/3111
features of frame 700/3111
features of frame 800/3111
features of frame 900/3111
features of frame 1000/3111
features of frame 1100/3111
features of frame 1200/3111
features of frame 1300/3111
features of frame 1400/3111
features of frame 1500/3111
features of frame 1600/3111
features of frame 1700/3111
features of frame 1800/3111
features of frame 1900/3111
features of frame 2000/3111
features of frame 2100/3111
features of frame 2200/3111
features of frame 2300/3111
features of frame 2400/3111
features of frame 2500/3111
features of frame 2600/3111
features of frame 2700/3111
features of frame 2800/3111
features of frame 2900/3111
features of frame 3000/3111
features of frame 3100/3111
extracting features from video ... 33/200
features of frame 100/6299
features of frame 200/6299
features of frame 300/6299
features of frame 400/6299
features of frame 500/6299
features of frame 600/6299
features of frame 700/6299
features of frame 800/6299
features of frame 900/6299
features of frame 1000/6299
features of frame 1100/6299
features of frame 1200/6299
features of frame 1300/6299
features of frame 1400/6299
features of frame 1500/6299
features of frame 1600/6299
features of frame 1700/6299
features of frame 1800/6299
features of frame 1900/6299
features of frame 2000/6299
features of frame 2100/6299
features of frame 2200/6299
features of frame 2300/6299
features of frame 2400/6299
features of frame 2500/6299
features of frame 2600/6299
features of frame 2700/6299
features of frame 2800/6299
features of frame 2900/6299
features of frame 3000/6299
features of frame 3100/6299
features of frame 3200/6299
features of frame 3300/6299
features of frame 3400/6299
features of frame 3500/6299
features of frame 3600/6299
features of frame 3700/6299
features of frame 3800/6299
features of frame 3900/6299
features of frame 4000/6299
features of frame 4100/6299
features of frame 4200/6299
features of frame 4300/6299
features of frame 4400/6299
features of frame 4500/6299
features of frame 4600/6299
features of frame 4700/6299
features of frame 4800/6299
features of frame 4900/6299
features of frame 5000/6299
features of frame 5100/6299
features of frame 5200/6299
features of frame 5300/6299
features of frame 5400/6299
features of frame 5500/6299
features of frame 5600/6299
features of frame 5700/6299
features of frame 5800/6299
features of frame 5900/6299
features of frame 6000/6299
features of frame 6100/6299
features of frame 6200/6299
extracting features from video ... 34/200
features of frame 100/4586
features of frame 200/4586
features of frame 300/4586
features of frame 400/4586
features of frame 500/4586
features of frame 600/4586
features of frame 700/4586
features of frame 800/4586
features of frame 900/4586
features of frame 1000/4586
features of frame 1100/4586
features of frame 1200/4586
features of frame 1300/4586
features of frame 1400/4586
features of frame 1500/4586
features of frame 1600/4586
features of frame 1700/4586
features of frame 1800/4586
features of frame 1900/4586
features of frame 2000/4586
features of frame 2100/4586
features of frame 2200/4586
features of frame 2300/4586
features of frame 2400/4586
features of frame 2500/4586
features of frame 2600/4586
features of frame 2700/4586
features of frame 2800/4586
features of frame 2900/4586
features of frame 3000/4586
features of frame 3100/4586
features of frame 3200/4586
features of frame 3300/4586
features of frame 3400/4586
features of frame 3500/4586
features of frame 3600/4586
features of frame 3700/4586
features of frame 3800/4586
features of frame 3900/4586
features of frame 4000/4586
features of frame 4100/4586
features of frame 4200/4586
features of frame 4300/4586
features of frame 4400/4586
features of frame 4500/4586
extracting features from video ... 35/200
features of frame 100/2394
features of frame 200/2394
features of frame 300/2394
features of frame 400/2394
features of frame 500/2394
features of frame 600/2394
features of frame 700/2394
features of frame 800/2394
features of frame 900/2394
features of frame 1000/2394
features of frame 1100/2394
features of frame 1200/2394
features of frame 1300/2394
features of frame 1400/2394
features of frame 1500/2394
features of frame 1600/2394
features of frame 1700/2394
features of frame 1800/2394
features of frame 1900/2394
features of frame 2000/2394
features of frame 2100/2394
features of frame 2200/2394
features of frame 2300/2394
extracting features from video ... 36/200
features of frame 100/4120
features of frame 200/4120
features of frame 300/4120
features of frame 400/4120
features of frame 500/4120
features of frame 600/4120
features of frame 700/4120
features of frame 800/4120
features of frame 900/4120
features of frame 1000/4120
features of frame 1100/4120
features of frame 1200/4120
features of frame 1300/4120
features of frame 1400/4120
features of frame 1500/4120
features of frame 1600/4120
features of frame 1700/4120
features of frame 1800/4120
features of frame 1900/4120
features of frame 2000/4120
features of frame 2100/4120
features of frame 2200/4120
features of frame 2300/4120
features of frame 2400/4120
features of frame 2500/4120
features of frame 2600/4120
features of frame 2700/4120
features of frame 2800/4120
features of frame 2900/4120
features of frame 3000/4120
features of frame 3100/4120
features of frame 3200/4120
features of frame 3300/4120
features of frame 3400/4120
features of frame 3500/4120
features of frame 3600/4120
features of frame 3700/4120
features of frame 3800/4120
features of frame 3900/4120
features of frame 4000/4120
features of frame 4100/4120
extracting features from video ... 37/200
features of frame 100/4548
features of frame 200/4548
features of frame 300/4548
features of frame 400/4548
features of frame 500/4548
features of frame 600/4548
features of frame 700/4548
features of frame 800/4548
features of frame 900/4548
features of frame 1000/4548
features of frame 1100/4548
features of frame 1200/4548
features of frame 1300/4548
features of frame 1400/4548
features of frame 1500/4548
features of frame 1600/4548
features of frame 1700/4548
features of frame 1800/4548
features of frame 1900/4548
features of frame 2000/4548
features of frame 2100/4548
features of frame 2200/4548
features of frame 2300/4548
features of frame 2400/4548
features of frame 2500/4548
features of frame 2600/4548
features of frame 2700/4548
features of frame 2800/4548
features of frame 2900/4548
features of frame 3000/4548
features of frame 3100/4548
features of frame 3200/4548
features of frame 3300/4548
features of frame 3400/4548
features of frame 3500/4548
features of frame 3600/4548
features of frame 3700/4548
features of frame 3800/4548
features of frame 3900/4548
features of frame 4000/4548
features of frame 4100/4548
features of frame 4200/4548
features of frame 4300/4548
features of frame 4400/4548
features of frame 4500/4548
extracting features from video ... 38/200
features of frame 100/3441
features of frame 200/3441
features of frame 300/3441
features of frame 400/3441
features of frame 500/3441
features of frame 600/3441
features of frame 700/3441
features of frame 800/3441
features of frame 900/3441
features of frame 1000/3441
features of frame 1100/3441
features of frame 1200/3441
features of frame 1300/3441
features of frame 1400/3441
features of frame 1500/3441
features of frame 1600/3441
features of frame 1700/3441
features of frame 1800/3441
features of frame 1900/3441
features of frame 2000/3441
features of frame 2100/3441
features of frame 2200/3441
features of frame 2300/3441
features of frame 2400/3441
features of frame 2500/3441
features of frame 2600/3441
features of frame 2700/3441
features of frame 2800/3441
features of frame 2900/3441
features of frame 3000/3441
features of frame 3100/3441
features of frame 3200/3441
features of frame 3300/3441
features of frame 3400/3441
extracting features from video ... 39/200
features of frame 100/5570
features of frame 200/5570
features of frame 300/5570
features of frame 400/5570
features of frame 500/5570
features of frame 600/5570
features of frame 700/5570
features of frame 800/5570
features of frame 900/5570
features of frame 1000/5570
features of frame 1100/5570
features of frame 1200/5570
features of frame 1300/5570
features of frame 1400/5570
features of frame 1500/5570
features of frame 1600/5570
features of frame 1700/5570
features of frame 1800/5570
features of frame 1900/5570
features of frame 2000/5570
features of frame 2100/5570
features of frame 2200/5570
features of frame 2300/5570
features of frame 2400/5570
features of frame 2500/5570
features of frame 2600/5570
features of frame 2700/5570
features of frame 2800/5570
features of frame 2900/5570
features of frame 3000/5570
features of frame 3100/5570
features of frame 3200/5570
features of frame 3300/5570
features of frame 3400/5570
features of frame 3500/5570
features of frame 3600/5570
features of frame 3700/5570
features of frame 3800/5570
features of frame 3900/5570
features of frame 4000/5570
features of frame 4100/5570
features of frame 4200/5570
features of frame 4300/5570
features of frame 4400/5570
features of frame 4500/5570
features of frame 4600/5570
features of frame 4700/5570
features of frame 4800/5570
features of frame 4900/5570
features of frame 5000/5570
features of frame 5100/5570
features of frame 5200/5570
features of frame 5300/5570
features of frame 5400/5570
features of frame 5500/5570
extracting features from video ... 40/200
features of frame 100/6618
features of frame 200/6618
features of frame 300/6618
features of frame 400/6618
features of frame 500/6618
features of frame 600/6618
features of frame 700/6618
features of frame 800/6618
features of frame 900/6618
features of frame 1000/6618
features of frame 1100/6618
features of frame 1200/6618
features of frame 1300/6618
features of frame 1400/6618
features of frame 1500/6618
features of frame 1600/6618
features of frame 1700/6618
features of frame 1800/6618
features of frame 1900/6618
features of frame 2000/6618
features of frame 2100/6618
features of frame 2200/6618
features of frame 2300/6618
features of frame 2400/6618
features of frame 2500/6618
features of frame 2600/6618
features of frame 2700/6618
features of frame 2800/6618
features of frame 2900/6618
features of frame 3000/6618
features of frame 3100/6618
features of frame 3200/6618
features of frame 3300/6618
features of frame 3400/6618
features of frame 3500/6618
features of frame 3600/6618
features of frame 3700/6618
features of frame 3800/6618
features of frame 3900/6618
features of frame 4000/6618
features of frame 4100/6618
features of frame 4200/6618
features of frame 4300/6618
features of frame 4400/6618
features of frame 4500/6618
features of frame 4600/6618
features of frame 4700/6618
features of frame 4800/6618
features of frame 4900/6618
features of frame 5000/6618
features of frame 5100/6618
features of frame 5200/6618
features of frame 5300/6618
features of frame 5400/6618
features of frame 5500/6618
features of frame 5600/6618
features of frame 5700/6618
features of frame 5800/6618
features of frame 5900/6618
features of frame 6000/6618
features of frame 6100/6618
features of frame 6200/6618
features of frame 6300/6618
features of frame 6400/6618
features of frame 6500/6618
features of frame 6600/6618
extracting features from video ... 41/200
features of frame 100/4466
features of frame 200/4466
features of frame 300/4466
features of frame 400/4466
features of frame 500/4466
features of frame 600/4466
features of frame 700/4466
features of frame 800/4466
features of frame 900/4466
features of frame 1000/4466
features of frame 1100/4466
features of frame 1200/4466
features of frame 1300/4466
features of frame 1400/4466
features of frame 1500/4466
features of frame 1600/4466
features of frame 1700/4466
features of frame 1800/4466
features of frame 1900/4466
features of frame 2000/4466
features of frame 2100/4466
features of frame 2200/4466
features of frame 2300/4466
features of frame 2400/4466
features of frame 2500/4466
features of frame 2600/4466
features of frame 2700/4466
features of frame 2800/4466
features of frame 2900/4466
features of frame 3000/4466
features of frame 3100/4466
features of frame 3200/4466
features of frame 3300/4466
features of frame 3400/4466
features of frame 3500/4466
features of frame 3600/4466
features of frame 3700/4466
features of frame 3800/4466
features of frame 3900/4466
features of frame 4000/4466
features of frame 4100/4466
features of frame 4200/4466
features of frame 4300/4466
features of frame 4400/4466
extracting features from video ... 42/200
features of frame 100/3038
features of frame 200/3038
features of frame 300/3038
features of frame 400/3038
features of frame 500/3038
features of frame 600/3038
features of frame 700/3038
features of frame 800/3038
features of frame 900/3038
features of frame 1000/3038
features of frame 1100/3038
features of frame 1200/3038
features of frame 1300/3038
features of frame 1400/3038
features of frame 1500/3038
features of frame 1600/3038
features of frame 1700/3038
features of frame 1800/3038
features of frame 1900/3038
features of frame 2000/3038
features of frame 2100/3038
features of frame 2200/3038
features of frame 2300/3038
features of frame 2400/3038
features of frame 2500/3038
features of frame 2600/3038
features of frame 2700/3038
features of frame 2800/3038
features of frame 2900/3038
features of frame 3000/3038
extracting features from video ... 43/200
features of frame 100/2446
features of frame 200/2446
features of frame 300/2446
features of frame 400/2446
features of frame 500/2446
features of frame 600/2446
features of frame 700/2446
