
                            < M A T L A B (R) >
                  Copyright 1984-2014 The MathWorks, Inc.
                    R2014a (8.3.0.532) 64-bit (glnxa64)
                             February 11, 2014

 
To get started, type one of these: helpwin, helpdesk, or demo.
For product information, visit www.mathworks.com.
 
>>  function info = extract_cnn_features(varargin)
 |
{Error: Function definitions are not permitted in this context.
} 
>> >> >> >> >> >> >> >> >> >> >> >> >> >> >> >> >> >> >> >> >> >> >> >> >> >> >> >> >> >> >> >> >> 
net = 

  DagNN with properties:

                 layers: [1x30 struct]
                   vars: [1x31 struct]
                 params: [1x26 struct]
                   meta: [1x1 struct]
                   mode: 'normal'
                 holdOn: 0
    accumulateParamDers: 0
         conserveMemory: 1
        parameterServer: []
                 device: 'cpu'

>> >> >> >> >> >> >> >> >> >> >> >> >> >> >> >> >> >> >> >> >> extracting features from video ... 85/116
features of frame 100/4791
features of frame 200/4791
features of frame 300/4791
features of frame 400/4791
features of frame 500/4791
features of frame 600/4791
features of frame 700/4791
features of frame 800/4791
features of frame 900/4791
features of frame 1000/4791
features of frame 1100/4791
features of frame 1200/4791
features of frame 1300/4791
features of frame 1400/4791
features of frame 1500/4791
features of frame 1600/4791
features of frame 1700/4791
features of frame 1800/4791
features of frame 1900/4791
features of frame 2000/4791
features of frame 2100/4791
features of frame 2200/4791
features of frame 2300/4791
features of frame 2400/4791
features of frame 2500/4791
features of frame 2600/4791
features of frame 2700/4791
features of frame 2800/4791
features of frame 2900/4791
features of frame 3000/4791
features of frame 3100/4791
features of frame 3200/4791
features of frame 3300/4791
features of frame 3400/4791
features of frame 3500/4791
features of frame 3600/4791
features of frame 3700/4791
features of frame 3800/4791
features of frame 3900/4791
features of frame 4000/4791
features of frame 4100/4791
features of frame 4200/4791
features of frame 4300/4791
features of frame 4400/4791
features of frame 4500/4791
features of frame 4600/4791
features of frame 4700/4791
extracting features from video ... 86/116
features of frame 100/6051
features of frame 200/6051
features of frame 300/6051
features of frame 400/6051
features of frame 500/6051
features of frame 600/6051
features of frame 700/6051
features of frame 800/6051
features of frame 900/6051
features of frame 1000/6051
features of frame 1100/6051
features of frame 1200/6051
features of frame 1300/6051
features of frame 1400/6051
features of frame 1500/6051
features of frame 1600/6051
features of frame 1700/6051
features of frame 1800/6051
features of frame 1900/6051
features of frame 2000/6051
features of frame 2100/6051
features of frame 2200/6051
features of frame 2300/6051
features of frame 2400/6051
features of frame 2500/6051
features of frame 2600/6051
features of frame 2700/6051
features of frame 2800/6051
features of frame 2900/6051
features of frame 3000/6051
features of frame 3100/6051
features of frame 3200/6051
features of frame 3300/6051
features of frame 3400/6051
features of frame 3500/6051
features of frame 3600/6051
features of frame 3700/6051
features of frame 3800/6051
features of frame 3900/6051
features of frame 4000/6051
features of frame 4100/6051
features of frame 4200/6051
features of frame 4300/6051
features of frame 4400/6051
features of frame 4500/6051
features of frame 4600/6051
features of frame 4700/6051
features of frame 4800/6051
features of frame 4900/6051
features of frame 5000/6051
features of frame 5100/6051
features of frame 5200/6051
features of frame 5300/6051
features of frame 5400/6051
features of frame 5500/6051
features of frame 5600/6051
features of frame 5700/6051
features of frame 5800/6051
features of frame 5900/6051
features of frame 6000/6051
extracting features from video ... 87/116
features of frame 100/6425
features of frame 200/6425
features of frame 300/6425
features of frame 400/6425
features of frame 500/6425
features of frame 600/6425
features of frame 700/6425
features of frame 800/6425
features of frame 900/6425
features of frame 1000/6425
features of frame 1100/6425
features of frame 1200/6425
features of frame 1300/6425
features of frame 1400/6425
features of frame 1500/6425
features of frame 1600/6425
features of frame 1700/6425
features of frame 1800/6425
features of frame 1900/6425
features of frame 2000/6425
features of frame 2100/6425
features of frame 2200/6425
features of frame 2300/6425
features of frame 2400/6425
features of frame 2500/6425
features of frame 2600/6425
features of frame 2700/6425
features of frame 2800/6425
features of frame 2900/6425
features of frame 3000/6425
features of frame 3100/6425
features of frame 3200/6425
features of frame 3300/6425
features of frame 3400/6425
features of frame 3500/6425
features of frame 3600/6425
features of frame 3700/6425
features of frame 3800/6425
features of frame 3900/6425
features of frame 4000/6425
features of frame 4100/6425
features of frame 4200/6425
features of frame 4300/6425
features of frame 4400/6425
features of frame 4500/6425
features of frame 4600/6425
features of frame 4700/6425
features of frame 4800/6425
features of frame 4900/6425
features of frame 5000/6425
features of frame 5100/6425
features of frame 5200/6425
features of frame 5300/6425
features of frame 5400/6425
features of frame 5500/6425
features of frame 5600/6425
features of frame 5700/6425
features of frame 5800/6425
features of frame 5900/6425
features of frame 6000/6425
features of frame 6100/6425
features of frame 6200/6425
features of frame 6300/6425
features of frame 6400/6425
extracting features from video ... 88/116
features of frame 100/5602
features of frame 200/5602
features of frame 300/5602
features of frame 400/5602
features of frame 500/5602
features of frame 600/5602
features of frame 700/5602
features of frame 800/5602
features of frame 900/5602
features of frame 1000/5602
features of frame 1100/5602
features of frame 1200/5602
features of frame 1300/5602
features of frame 1400/5602
features of frame 1500/5602
features of frame 1600/5602
features of frame 1700/5602
features of frame 1800/5602
features of frame 1900/5602
features of frame 2000/5602
features of frame 2100/5602
features of frame 2200/5602
features of frame 2300/5602
features of frame 2400/5602
features of frame 2500/5602
features of frame 2600/5602
features of frame 2700/5602
features of frame 2800/5602
features of frame 2900/5602
features of frame 3000/5602
features of frame 3100/5602
features of frame 3200/5602
features of frame 3300/5602
features of frame 3400/5602
features of frame 3500/5602
features of frame 3600/5602
features of frame 3700/5602
features of frame 3800/5602
features of frame 3900/5602
features of frame 4000/5602
features of frame 4100/5602
features of frame 4200/5602
features of frame 4300/5602
features of frame 4400/5602
features of frame 4500/5602
features of frame 4600/5602
features of frame 4700/5602
features of frame 4800/5602
features of frame 4900/5602
features of frame 5000/5602
features of frame 5100/5602
features of frame 5200/5602
features of frame 5300/5602
features of frame 5400/5602
features of frame 5500/5602
features of frame 5600/5602
extracting features from video ... 89/116
features of frame 100/8906
features of frame 200/8906
features of frame 300/8906
features of frame 400/8906
features of frame 500/8906
features of frame 600/8906
features of frame 700/8906
features of frame 800/8906
features of frame 900/8906
features of frame 1000/8906
features of frame 1100/8906
features of frame 1200/8906
features of frame 1300/8906
features of frame 1400/8906
features of frame 1500/8906
features of frame 1600/8906
features of frame 1700/8906
features of frame 1800/8906
features of frame 1900/8906
features of frame 2000/8906
features of frame 2100/8906
features of frame 2200/8906
features of frame 2300/8906
features of frame 2400/8906
features of frame 2500/8906
features of frame 2600/8906
features of frame 2700/8906
features of frame 2800/8906
features of frame 2900/8906
features of frame 3000/8906
features of frame 3100/8906
features of frame 3200/8906
features of frame 3300/8906
features of frame 3400/8906
features of frame 3500/8906
features of frame 3600/8906
features of frame 3700/8906
features of frame 3800/8906
features of frame 3900/8906
features of frame 4000/8906
features of frame 4100/8906
features of frame 4200/8906
features of frame 4300/8906
features of frame 4400/8906
features of frame 4500/8906
features of frame 4600/8906
features of frame 4700/8906
features of frame 4800/8906
features of frame 4900/8906
features of frame 5000/8906
features of frame 5100/8906
features of frame 5200/8906
features of frame 5300/8906
features of frame 5400/8906
features of frame 5500/8906
features of frame 5600/8906
features of frame 5700/8906
features of frame 5800/8906
features of frame 5900/8906
features of frame 6000/8906
features of frame 6100/8906
features of frame 6200/8906
features of frame 6300/8906
features of frame 6400/8906
features of frame 6500/8906
features of frame 6600/8906
features of frame 6700/8906
features of frame 6800/8906
features of frame 6900/8906
features of frame 7000/8906
features of frame 7100/8906
features of frame 7200/8906
features of frame 7300/8906
features of frame 7400/8906
features of frame 7500/8906
features of frame 7600/8906
features of frame 7700/8906
features of frame 7800/8906
features of frame 7900/8906
features of frame 8000/8906
features of frame 8100/8906
features of frame 8200/8906
features of frame 8300/8906
features of frame 8400/8906
features of frame 8500/8906
features of frame 8600/8906
features of frame 8700/8906
features of frame 8800/8906
features of frame 8900/8906
extracting features from video ... 90/116
features of frame 100/15717
features of frame 200/15717
features of frame 300/15717
features of frame 400/15717
features of frame 500/15717
features of frame 600/15717
features of frame 700/15717
features of frame 800/15717
features of frame 900/15717
features of frame 1000/15717
features of frame 1100/15717
features of frame 1200/15717
features of frame 1300/15717
features of frame 1400/15717
features of frame 1500/15717
features of frame 1600/15717
features of frame 1700/15717
features of frame 1800/15717
features of frame 1900/15717
features of frame 2000/15717
features of frame 2100/15717
features of frame 2200/15717
features of frame 2300/15717
features of frame 2400/15717
features of frame 2500/15717
features of frame 2600/15717
features of frame 2700/15717
features of frame 2800/15717
features of frame 2900/15717
features of frame 3000/15717
features of frame 3100/15717
features of frame 3200/15717
features of frame 3300/15717
features of frame 3400/15717
features of frame 3500/15717
features of frame 3600/15717
features of frame 3700/15717
features of frame 3800/15717
features of frame 3900/15717
features of frame 4000/15717
features of frame 4100/15717
features of frame 4200/15717
features of frame 4300/15717
features of frame 4400/15717
features of frame 4500/15717
features of frame 4600/15717
features of frame 4700/15717
features of frame 4800/15717
features of frame 4900/15717
features of frame 5000/15717
features of frame 5100/15717
features of frame 5200/15717
features of frame 5300/15717
features of frame 5400/15717
features of frame 5500/15717
features of frame 5600/15717
features of frame 5700/15717
features of frame 5800/15717
features of frame 5900/15717
features of frame 6000/15717
features of frame 6100/15717
features of frame 6200/15717
features of frame 6300/15717
features of frame 6400/15717
features of frame 6500/15717
features of frame 6600/15717
features of frame 6700/15717
features of frame 6800/15717
features of frame 6900/15717
features of frame 7000/15717
features of frame 7100/15717
features of frame 7200/15717
features of frame 7300/15717
features of frame 7400/15717
features of frame 7500/15717
features of frame 7600/15717
features of frame 7700/15717
features of frame 7800/15717
features of frame 7900/15717
features of frame 8000/15717
features of frame 8100/15717
features of frame 8200/15717
features of frame 8300/15717
features of frame 8400/15717
features of frame 8500/15717
features of frame 8600/15717
features of frame 8700/15717
features of frame 8800/15717
features of frame 8900/15717
features of frame 9000/15717
features of frame 9100/15717
features of frame 9200/15717
features of frame 9300/15717
features of frame 9400/15717
features of frame 9500/15717
features of frame 9600/15717
features of frame 9700/15717
features of frame 9800/15717
features of frame 9900/15717
features of frame 10000/15717
features of frame 10100/15717
features of frame 10200/15717
features of frame 10300/15717
features of frame 10400/15717
features of frame 10500/15717
features of frame 10600/15717
features of frame 10700/15717
features of frame 10800/15717
features of frame 10900/15717
features of frame 11000/15717
features of frame 11100/15717
features of frame 11200/15717
features of frame 11300/15717
features of frame 11400/15717
features of frame 11500/15717
features of frame 11600/15717
features of frame 11700/15717
features of frame 11800/15717
features of frame 11900/15717
features of frame 12000/15717
features of frame 12100/15717
features of frame 12200/15717
features of frame 12300/15717
features of frame 12400/15717
features of frame 12500/15717
features of frame 12600/15717
features of frame 12700/15717
features of frame 12800/15717
features of frame 12900/15717
features of frame 13000/15717
features of frame 13100/15717
features of frame 13200/15717
features of frame 13300/15717
features of frame 13400/15717
features of frame 13500/15717
features of frame 13600/15717
features of frame 13700/15717
features of frame 13800/15717
features of frame 13900/15717
features of frame 14000/15717
features of frame 14100/15717
features of frame 14200/15717
features of frame 14300/15717
features of frame 14400/15717
features of frame 14500/15717
features of frame 14600/15717
features of frame 14700/15717
features of frame 14800/15717
features of frame 14900/15717
features of frame 15000/15717
features of frame 15100/15717
features of frame 15200/15717
features of frame 15300/15717
features of frame 15400/15717
features of frame 15500/15717
features of frame 15600/15717
features of frame 15700/15717
extracting features from video ... 91/116
features of frame 100/20891
features of frame 200/20891
features of frame 300/20891
features of frame 400/20891
features of frame 500/20891
features of frame 600/20891
features of frame 700/20891
features of frame 800/20891
features of frame 900/20891
features of frame 1000/20891
features of frame 1100/20891
features of frame 1200/20891
features of frame 1300/20891
features of frame 1400/20891
features of frame 1500/20891
features of frame 1600/20891
features of frame 1700/20891
features of frame 1800/20891
features of frame 1900/20891
features of frame 2000/20891
features of frame 2100/20891
features of frame 2200/20891
features of frame 2300/20891
features of frame 2400/20891
features of frame 2500/20891
features of frame 2600/20891
features of frame 2700/20891
features of frame 2800/20891
features of frame 2900/20891
features of frame 3000/20891
features of frame 3100/20891
features of frame 3200/20891
features of frame 3300/20891
features of frame 3400/20891
features of frame 3500/20891
features of frame 3600/20891
features of frame 3700/20891
features of frame 3800/20891
features of frame 3900/20891
features of frame 4000/20891
features of frame 4100/20891
features of frame 4200/20891
features of frame 4300/20891
features of frame 4400/20891
features of frame 4500/20891
features of frame 4600/20891
features of frame 4700/20891
features of frame 4800/20891
features of frame 4900/20891
features of frame 5000/20891
features of frame 5100/20891
features of frame 5200/20891
features of frame 5300/20891
features of frame 5400/20891
features of frame 5500/20891
features of frame 5600/20891
features of frame 5700/20891
features of frame 5800/20891
features of frame 5900/20891
features of frame 6000/20891
features of frame 6100/20891
features of frame 6200/20891
features of frame 6300/20891
features of frame 6400/20891
features of frame 6500/20891
features of frame 6600/20891
features of frame 6700/20891
features of frame 6800/20891
features of frame 6900/20891
features of frame 7000/20891
features of frame 7100/20891
features of frame 7200/20891
features of frame 7300/20891
features of frame 7400/20891
features of frame 7500/20891
features of frame 7600/20891
features of frame 7700/20891
features of frame 7800/20891
features of frame 7900/20891
features of frame 8000/20891
features of frame 8100/20891
features of frame 8200/20891
features of frame 8300/20891
features of frame 8400/20891
features of frame 8500/20891
features of frame 8600/20891
features of frame 8700/20891
features of frame 8800/20891
features of frame 8900/20891
features of frame 9000/20891
features of frame 9100/20891
features of frame 9200/20891
features of frame 9300/20891
features of frame 9400/20891
features of frame 9500/20891
features of frame 9600/20891
features of frame 9700/20891
features of frame 9800/20891
features of frame 9900/20891
features of frame 10000/20891
features of frame 10100/20891
features of frame 10200/20891
features of frame 10300/20891
features of frame 10400/20891
features of frame 10500/20891
features of frame 10600/20891
features of frame 10700/20891
features of frame 10800/20891
features of frame 10900/20891
features of frame 11000/20891
features of frame 11100/20891
features of frame 11200/20891
features of frame 11300/20891
features of frame 11400/20891
features of frame 11500/20891
features of frame 11600/20891
features of frame 11700/20891
features of frame 11800/20891
features of frame 11900/20891
features of frame 12000/20891
features of frame 12100/20891
features of frame 12200/20891
features of frame 12300/20891
features of frame 12400/20891
features of frame 12500/20891
features of frame 12600/20891
features of frame 12700/20891
features of frame 12800/20891
features of frame 12900/20891
features of frame 13000/20891
features of frame 13100/20891
features of frame 13200/20891
features of frame 13300/20891
features of frame 13400/20891
features of frame 13500/20891
features of frame 13600/20891
features of frame 13700/20891
features of frame 13800/20891
features of frame 13900/20891
features of frame 14000/20891
features of frame 14100/20891
features of frame 14200/20891
features of frame 14300/20891
features of frame 14400/20891
features of frame 14500/20891
features of frame 14600/20891
features of frame 14700/20891
features of frame 14800/20891
features of frame 14900/20891
features of frame 15000/20891
features of frame 15100/20891
features of frame 15200/20891
features of frame 15300/20891
features of frame 15400/20891
features of frame 15500/20891
features of frame 15600/20891
features of frame 15700/20891
features of frame 15800/20891
features of frame 15900/20891
features of frame 16000/20891
features of frame 16100/20891
features of frame 16200/20891
features of frame 16300/20891
features of frame 16400/20891
features of frame 16500/20891
features of frame 16600/20891
features of frame 16700/20891
features of frame 16800/20891
features of frame 16900/20891
features of frame 17000/20891
features of frame 17100/20891
features of frame 17200/20891
features of frame 17300/20891
features of frame 17400/20891
features of frame 17500/20891
features of frame 17600/20891
features of frame 17700/20891
features of frame 17800/20891
features of frame 17900/20891
features of frame 18000/20891
features of frame 18100/20891
features of frame 18200/20891
features of frame 18300/20891
features of frame 18400/20891
features of frame 18500/20891
features of frame 18600/20891
features of frame 18700/20891
features of frame 18800/20891
features of frame 18900/20891
features of frame 19000/20891
features of frame 19100/20891
features of frame 19200/20891
features of frame 19300/20891
features of frame 19400/20891
features of frame 19500/20891
features of frame 19600/20891
features of frame 19700/20891
features of frame 19800/20891
features of frame 19900/20891
features of frame 20000/20891
features of frame 20100/20891
features of frame 20200/20891
features of frame 20300/20891
features of frame 20400/20891
features of frame 20500/20891
features of frame 20600/20891
features of frame 20700/20891
features of frame 20800/20891
extracting features from video ... 92/116
features of frame 100/14896
features of frame 200/14896
features of frame 300/14896
features of frame 400/14896
features of frame 500/14896
features of frame 600/14896
features of frame 700/14896
features of frame 800/14896
features of frame 900/14896
features of frame 1000/14896
features of frame 1100/14896
features of frame 1200/14896
features of frame 1300/14896
features of frame 1400/14896
features of frame 1500/14896
features of frame 1600/14896
features of frame 1700/14896
features of frame 1800/14896
features of frame 1900/14896
features of frame 2000/14896
features of frame 2100/14896
features of frame 2200/14896
features of frame 2300/14896
features of frame 2400/14896
features of frame 2500/14896
features of frame 2600/14896
features of frame 2700/14896
features of frame 2800/14896
features of frame 2900/14896
features of frame 3000/14896
features of frame 3100/14896
features of frame 3200/14896
features of frame 3300/14896
features of frame 3400/14896
features of frame 3500/14896
features of frame 3600/14896
features of frame 3700/14896
features of frame 3800/14896
features of frame 3900/14896
features of frame 4000/14896
features of frame 4100/14896
features of frame 4200/14896
features of frame 4300/14896
features of frame 4400/14896
features of frame 4500/14896
features of frame 4600/14896
features of frame 4700/14896
features of frame 4800/14896
features of frame 4900/14896
features of frame 5000/14896
features of frame 5100/14896
features of frame 5200/14896
features of frame 5300/14896
features of frame 5400/14896
features of frame 5500/14896
features of frame 5600/14896
features of frame 5700/14896
features of frame 5800/14896
features of frame 5900/14896
features of frame 6000/14896
features of frame 6100/14896
features of frame 6200/14896
features of frame 6300/14896
features of frame 6400/14896
features of frame 6500/14896
features of frame 6600/14896
features of frame 6700/14896
features of frame 6800/14896
features of frame 6900/14896
features of frame 7000/14896
features of frame 7100/14896
features of frame 7200/14896
features of frame 7300/14896
features of frame 7400/14896
features of frame 7500/14896
features of frame 7600/14896
features of frame 7700/14896
features of frame 7800/14896
features of frame 7900/14896
features of frame 8000/14896
features of frame 8100/14896
features of frame 8200/14896
features of frame 8300/14896
features of frame 8400/14896
features of frame 8500/14896
features of frame 8600/14896
features of frame 8700/14896
features of frame 8800/14896
features of frame 8900/14896
features of frame 9000/14896
features of frame 9100/14896
features of frame 9200/14896
features of frame 9300/14896
features of frame 9400/14896
features of frame 9500/14896
features of frame 9600/14896
features of frame 9700/14896
features of frame 9800/14896
features of frame 9900/14896
features of frame 10000/14896
features of frame 10100/14896
features of frame 10200/14896
features of frame 10300/14896
features of frame 10400/14896
features of frame 10500/14896
features of frame 10600/14896
features of frame 10700/14896
features of frame 10800/14896
features of frame 10900/14896
features of frame 11000/14896
features of frame 11100/14896
features of frame 11200/14896
features of frame 11300/14896
features of frame 11400/14896
features of frame 11500/14896
features of frame 11600/14896
features of frame 11700/14896
features of frame 11800/14896
features of frame 11900/14896
features of frame 12000/14896
features of frame 12100/14896
features of frame 12200/14896
features of frame 12300/14896
features of frame 12400/14896
features of frame 12500/14896
features of frame 12600/14896
features of frame 12700/14896
features of frame 12800/14896
features of frame 12900/14896
features of frame 13000/14896
features of frame 13100/14896
features of frame 13200/14896
features of frame 13300/14896
features of frame 13400/14896
features of frame 13500/14896
features of frame 13600/14896
features of frame 13700/14896
features of frame 13800/14896
features of frame 13900/14896
features of frame 14000/14896
features of frame 14100/14896
features of frame 14200/14896
features of frame 14300/14896
features of frame 14400/14896
features of frame 14500/14896
features of frame 14600/14896
features of frame 14700/14896
features of frame 14800/14896
extracting features from video ... 93/116
features of frame 100/22376
features of frame 200/22376
features of frame 300/22376
features of frame 400/22376
features of frame 500/22376
features of frame 600/22376
features of frame 700/22376
features of frame 800/22376
features of frame 900/22376
features of frame 1000/22376
features of frame 1100/22376
features of frame 1200/22376
features of frame 1300/22376
features of frame 1400/22376
features of frame 1500/22376
features of frame 1600/22376
features of frame 1700/22376
features of frame 1800/22376
features of frame 1900/22376
features of frame 2000/22376
features of frame 2100/22376
features of frame 2200/22376
features of frame 2300/22376
features of frame 2400/22376
features of frame 2500/22376
features of frame 2600/22376
features of frame 2700/22376
features of frame 2800/22376
features of frame 2900/22376
features of frame 3000/22376
features of frame 3100/22376
features of frame 3200/22376
features of frame 3300/22376
features of frame 3400/22376
features of frame 3500/22376
features of frame 3600/22376
features of frame 3700/22376
features of frame 3800/22376
features of frame 3900/22376
features of frame 4000/22376
features of frame 4100/22376
features of frame 4200/22376
features of frame 4300/22376
features of frame 4400/22376
features of frame 4500/22376
features of frame 4600/22376
features of frame 4700/22376
features of frame 4800/22376
features of frame 4900/22376
features of frame 5000/22376
features of frame 5100/22376
features of frame 5200/22376
features of frame 5300/22376
features of frame 5400/22376
features of frame 5500/22376
features of frame 5600/22376
features of frame 5700/22376
features of frame 5800/22376
features of frame 5900/22376
features of frame 6000/22376
features of frame 6100/22376
features of frame 6200/22376
features of frame 6300/22376
features of frame 6400/22376
features of frame 6500/22376
features of frame 6600/22376
features of frame 6700/22376
features of frame 6800/22376
features of frame 6900/22376
features of frame 7000/22376
features of frame 7100/22376
features of frame 7200/22376
features of frame 7300/22376
features of frame 7400/22376
features of frame 7500/22376
features of frame 7600/22376
features of frame 7700/22376
features of frame 7800/22376
features of frame 7900/22376
features of frame 8000/22376
features of frame 8100/22376
features of frame 8200/22376
features of frame 8300/22376
features of frame 8400/22376
features of frame 8500/22376
features of frame 8600/22376
features of frame 8700/22376
features of frame 8800/22376
features of frame 8900/22376
features of frame 9000/22376
features of frame 9100/22376
features of frame 9200/22376
features of frame 9300/22376
features of frame 9400/22376
features of frame 9500/22376
features of frame 9600/22376
features of frame 9700/22376
features of frame 9800/22376
features of frame 9900/22376
features of frame 10000/22376
features of frame 10100/22376
features of frame 10200/22376
features of frame 10300/22376
features of frame 10400/22376
features of frame 10500/22376
features of frame 10600/22376
features of frame 10700/22376
features of frame 10800/22376
features of frame 10900/22376
features of frame 11000/22376
features of frame 11100/22376
features of frame 11200/22376
features of frame 11300/22376
features of frame 11400/22376
features of frame 11500/22376
features of frame 11600/22376
features of frame 11700/22376
features of frame 11800/22376
features of frame 11900/22376
features of frame 12000/22376
features of frame 12100/22376
features of frame 12200/22376
features of frame 12300/22376
features of frame 12400/22376
features of frame 12500/22376
features of frame 12600/22376
features of frame 12700/22376
features of frame 12800/22376
features of frame 12900/22376
features of frame 13000/22376
features of frame 13100/22376
features of frame 13200/22376
features of frame 13300/22376
features of frame 13400/22376
features of frame 13500/22376
features of frame 13600/22376
features of frame 13700/22376
features of frame 13800/22376
features of frame 13900/22376
features of frame 14000/22376
features of frame 14100/22376
features of frame 14200/22376
features of frame 14300/22376
features of frame 14400/22376
features of frame 14500/22376
features of frame 14600/22376
features of frame 14700/22376
features of frame 14800/22376
features of frame 14900/22376
features of frame 15000/22376
features of frame 15100/22376
features of frame 15200/22376
features of frame 15300/22376
features of frame 15400/22376
features of frame 15500/22376
features of frame 15600/22376
features of frame 15700/22376
features of frame 15800/22376
features of frame 15900/22376
features of frame 16000/22376
features of frame 16100/22376
features of frame 16200/22376
features of frame 16300/22376
features of frame 16400/22376
features of frame 16500/22376
features of frame 16600/22376
features of frame 16700/22376
features of frame 16800/22376
features of frame 16900/22376
features of frame 17000/22376
features of frame 17100/22376
features of frame 17200/22376
features of frame 17300/22376
features of frame 17400/22376
features of frame 17500/22376
features of frame 17600/22376
features of frame 17700/22376
features of frame 17800/22376
features of frame 17900/22376
features of frame 18000/22376
features of frame 18100/22376
features of frame 18200/22376
features of frame 18300/22376
features of frame 18400/22376
features of frame 18500/22376
features of frame 18600/22376
features of frame 18700/22376
features of frame 18800/22376
features of frame 18900/22376
features of frame 19000/22376
features of frame 19100/22376
features of frame 19200/22376
features of frame 19300/22376
features of frame 19400/22376
features of frame 19500/22376
features of frame 19600/22376
features of frame 19700/22376
features of frame 19800/22376
features of frame 19900/22376
features of frame 20000/22376
features of frame 20100/22376
features of frame 20200/22376
features of frame 20300/22376
features of frame 20400/22376
features of frame 20500/22376
features of frame 20600/22376
features of frame 20700/22376
features of frame 20800/22376
features of frame 20900/22376
features of frame 21000/22376
features of frame 21100/22376
features of frame 21200/22376
features of frame 21300/22376
features of frame 21400/22376
features of frame 21500/22376
features of frame 21600/22376
features of frame 21700/22376
features of frame 21800/22376
features of frame 21900/22376
features of frame 22000/22376
features of frame 22100/22376
features of frame 22200/22376
features of frame 22300/22376
extracting features from video ... 94/116
features of frame 100/3376
features of frame 200/3376
features of frame 300/3376
features of frame 400/3376
features of frame 500/3376
features of frame 600/3376
features of frame 700/3376
features of frame 800/3376
features of frame 900/3376
features of frame 1000/3376
features of frame 1100/3376
features of frame 1200/3376
features of frame 1300/3376
features of frame 1400/3376
features of frame 1500/3376
features of frame 1600/3376
features of frame 1700/3376
features of frame 1800/3376
features of frame 1900/3376
features of frame 2000/3376
features of frame 2100/3376
features of frame 2200/3376
features of frame 2300/3376
features of frame 2400/3376
features of frame 2500/3376
features of frame 2600/3376
features of frame 2700/3376
features of frame 2800/3376
features of frame 2900/3376
features of frame 3000/3376
features of frame 3100/3376
features of frame 3200/3376
features of frame 3300/3376
extracting features from video ... 95/116
features of frame 100/8070
features of frame 200/8070
features of frame 300/8070
features of frame 400/8070
features of frame 500/8070
features of frame 600/8070
features of frame 700/8070
features of frame 800/8070
features of frame 900/8070
features of frame 1000/8070
features of frame 1100/8070
features of frame 1200/8070
features of frame 1300/8070
features of frame 1400/8070
features of frame 1500/8070
features of frame 1600/8070
features of frame 1700/8070
features of frame 1800/8070
features of frame 1900/8070
features of frame 2000/8070
features of frame 2100/8070
features of frame 2200/8070
features of frame 2300/8070
features of frame 2400/8070
features of frame 2500/8070
features of frame 2600/8070
features of frame 2700/8070
features of frame 2800/8070
features of frame 2900/8070
features of frame 3000/8070
features of frame 3100/8070
features of frame 3200/8070
features of frame 3300/8070
features of frame 3400/8070
features of frame 3500/8070
features of frame 3600/8070
features of frame 3700/8070
features of frame 3800/8070
features of frame 3900/8070
features of frame 4000/8070
features of frame 4100/8070
features of frame 4200/8070
features of frame 4300/8070
features of frame 4400/8070
features of frame 4500/8070
features of frame 4600/8070
features of frame 4700/8070
features of frame 4800/8070
features of frame 4900/8070
features of frame 5000/8070
features of frame 5100/8070
features of frame 5200/8070
features of frame 5300/8070
features of frame 5400/8070
features of frame 5500/8070
features of frame 5600/8070
features of frame 5700/8070
features of frame 5800/8070
features of frame 5900/8070
features of frame 6000/8070
features of frame 6100/8070
features of frame 6200/8070
features of frame 6300/8070
features of frame 6400/8070
features of frame 6500/8070
features of frame 6600/8070
features of frame 6700/8070
features of frame 6800/8070
features of frame 6900/8070
features of frame 7000/8070
features of frame 7100/8070
features of frame 7200/8070
features of frame 7300/8070
features of frame 7400/8070
features of frame 7500/8070
features of frame 7600/8070
features of frame 7700/8070
features of frame 7800/8070
features of frame 7900/8070
features of frame 8000/8070
extracting features from video ... 96/116
features of frame 100/962
features of frame 200/962
features of frame 300/962
features of frame 400/962
features of frame 500/962
features of frame 600/962
features of frame 700/962
features of frame 800/962
features of frame 900/962
extracting features from video ... 97/116
features of frame 100/4051
features of frame 200/4051
features of frame 300/4051
features of frame 400/4051
features of frame 500/4051
features of frame 600/4051
features of frame 700/4051
features of frame 800/4051
features of frame 900/4051
features of frame 1000/4051
features of frame 1100/4051
features of frame 1200/4051
features of frame 1300/4051
features of frame 1400/4051
features of frame 1500/4051
features of frame 1600/4051
features of frame 1700/4051
features of frame 1800/4051
features of frame 1900/4051
features of frame 2000/4051
features of frame 2100/4051
features of frame 2200/4051
features of frame 2300/4051
features of frame 2400/4051
features of frame 2500/4051
features of frame 2600/4051
features of frame 2700/4051
features of frame 2800/4051
features of frame 2900/4051
features of frame 3000/4051
features of frame 3100/4051
features of frame 3200/4051
features of frame 3300/4051
features of frame 3400/4051
features of frame 3500/4051
features of frame 3600/4051
features of frame 3700/4051
features of frame 3800/4051
features of frame 3900/4051
features of frame 4000/4051
extracting features from video ... 98/116
features of frame 100/8575
features of frame 200/8575
features of frame 300/8575
features of frame 400/8575
features of frame 500/8575
features of frame 600/8575
features of frame 700/8575
features of frame 800/8575
features of frame 900/8575
features of frame 1000/8575
features of frame 1100/8575
features of frame 1200/8575
features of frame 1300/8575
features of frame 1400/8575
features of frame 1500/8575
features of frame 1600/8575
features of frame 1700/8575
features of frame 1800/8575
features of frame 1900/8575
features of frame 2000/8575
features of frame 2100/8575
features of frame 2200/8575
features of frame 2300/8575
features of frame 2400/8575
features of frame 2500/8575
features of frame 2600/8575
features of frame 2700/8575
features of frame 2800/8575
features of frame 2900/8575
features of frame 3000/8575
features of frame 3100/8575
features of frame 3200/8575
features of frame 3300/8575
features of frame 3400/8575
features of frame 3500/8575
features of frame 3600/8575
features of frame 3700/8575
features of frame 3800/8575
features of frame 3900/8575
features of frame 4000/8575
features of frame 4100/8575
features of frame 4200/8575
features of frame 4300/8575
features of frame 4400/8575
features of frame 4500/8575
features of frame 4600/8575
features of frame 4700/8575
features of frame 4800/8575
features of frame 4900/8575
features of frame 5000/8575
features of frame 5100/8575
features of frame 5200/8575
features of frame 5300/8575
features of frame 5400/8575
features of frame 5500/8575
features of frame 5600/8575
features of frame 5700/8575
features of frame 5800/8575
features of frame 5900/8575
features of frame 6000/8575
features of frame 6100/8575
features of frame 6200/8575
features of frame 6300/8575
features of frame 6400/8575
features of frame 6500/8575
features of frame 6600/8575
features of frame 6700/8575
features of frame 6800/8575
features of frame 6900/8575
features of frame 7000/8575
features of frame 7100/8575
features of frame 7200/8575
features of frame 7300/8575
features of frame 7400/8575
features of frame 7500/8575
features of frame 7600/8575
features of frame 7700/8575
features of frame 7800/8575
features of frame 7900/8575
features of frame 8000/8575
features of frame 8100/8575
features of frame 8200/8575
features of frame 8300/8575
features of frame 8400/8575
features of frame 8500/8575
extracting features from video ... 99/116
features of frame 100/34438
features of frame 200/34438
features of frame 300/34438
features of frame 400/34438
features of frame 500/34438
features of frame 600/34438
features of frame 700/34438
features of frame 800/34438
features of frame 900/34438
features of frame 1000/34438
features of frame 1100/34438
features of frame 1200/34438
features of frame 1300/34438
features of frame 1400/34438
features of frame 1500/34438
features of frame 1600/34438
features of frame 1700/34438
features of frame 1800/34438
features of frame 1900/34438
features of frame 2000/34438
features of frame 2100/34438
features of frame 2200/34438
features of frame 2300/34438
features of frame 2400/34438
features of frame 2500/34438
features of frame 2600/34438
features of frame 2700/34438
features of frame 2800/34438
features of frame 2900/34438
features of frame 3000/34438
features of frame 3100/34438
features of frame 3200/34438
features of frame 3300/34438
features of frame 3400/34438
features of frame 3500/34438
features of frame 3600/34438
features of frame 3700/34438
features of frame 3800/34438
features of frame 3900/34438
features of frame 4000/34438
features of frame 4100/34438
features of frame 4200/34438
features of frame 4300/34438
features of frame 4400/34438
features of frame 4500/34438
features of frame 4600/34438
features of frame 4700/34438
features of frame 4800/34438
features of frame 4900/34438
features of frame 5000/34438
features of frame 5100/34438
features of frame 5200/34438
features of frame 5300/34438
features of frame 5400/34438
features of frame 5500/34438
features of frame 5600/34438
features of frame 5700/34438
features of frame 5800/34438
features of frame 5900/34438
features of frame 6000/34438
features of frame 6100/34438
features of frame 6200/34438
features of frame 6300/34438
features of frame 6400/34438
features of frame 6500/34438
features of frame 6600/34438
features of frame 6700/34438
features of frame 6800/34438
features of frame 6900/34438
features of frame 7000/34438
features of frame 7100/34438
features of frame 7200/34438
features of frame 7300/34438
features of frame 7400/34438
features of frame 7500/34438
features of frame 7600/34438
features of frame 7700/34438
features of frame 7800/34438
features of frame 7900/34438
features of frame 8000/34438
features of frame 8100/34438
features of frame 8200/34438
features of frame 8300/34438
features of frame 8400/34438
features of frame 8500/34438
features of frame 8600/34438
features of frame 8700/34438
features of frame 8800/34438
features of frame 8900/34438
features of frame 9000/34438
features of frame 9100/34438
features of frame 9200/34438
features of frame 9300/34438
features of frame 9400/34438
features of frame 9500/34438
features of frame 9600/34438
features of frame 9700/34438
features of frame 9800/34438
features of frame 9900/34438
features of frame 10000/34438
features of frame 10100/34438
features of frame 10200/34438
features of frame 10300/34438
features of frame 10400/34438
features of frame 10500/34438
features of frame 10600/34438
features of frame 10700/34438
features of frame 10800/34438
features of frame 10900/34438
features of frame 11000/34438
features of frame 11100/34438
features of frame 11200/34438
features of frame 11300/34438
features of frame 11400/34438
features of frame 11500/34438
features of frame 11600/34438
features of frame 11700/34438
features of frame 11800/34438
features of frame 11900/34438
features of frame 12000/34438
features of frame 12100/34438
features of frame 12200/34438
features of frame 12300/34438
features of frame 12400/34438
features of frame 12500/34438
features of frame 12600/34438
features of frame 12700/34438
features of frame 12800/34438
features of frame 12900/34438
features of frame 13000/34438
features of frame 13100/34438
features of frame 13200/34438
features of frame 13300/34438
features of frame 13400/34438
features of frame 13500/34438
features of frame 13600/34438
features of frame 13700/34438
features of frame 13800/34438
features of frame 13900/34438
features of frame 14000/34438
features of frame 14100/34438
features of frame 14200/34438
features of frame 14300/34438
features of frame 14400/34438
features of frame 14500/34438
features of frame 14600/34438
features of frame 14700/34438
features of frame 14800/34438
features of frame 14900/34438
features of frame 15000/34438
features of frame 15100/34438
features of frame 15200/34438
features of frame 15300/34438
features of frame 15400/34438
features of frame 15500/34438
features of frame 15600/34438
features of frame 15700/34438
features of frame 15800/34438
features of frame 15900/34438
features of frame 16000/34438
features of frame 16100/34438
features of frame 16200/34438
features of frame 16300/34438
features of frame 16400/34438
features of frame 16500/34438
features of frame 16600/34438
features of frame 16700/34438
features of frame 16800/34438
features of frame 16900/34438
features of frame 17000/34438
features of frame 17100/34438
features of frame 17200/34438
features of frame 17300/34438
features of frame 17400/34438
features of frame 17500/34438
features of frame 17600/34438
features of frame 17700/34438
features of frame 17800/34438
features of frame 17900/34438
features of frame 18000/34438
features of frame 18100/34438
features of frame 18200/34438
features of frame 18300/34438
features of frame 18400/34438
features of frame 18500/34438
features of frame 18600/34438
features of frame 18700/34438
features of frame 18800/34438
features of frame 18900/34438
features of frame 19000/34438
features of frame 19100/34438
features of frame 19200/34438
features of frame 19300/34438
features of frame 19400/34438
features of frame 19500/34438
features of frame 19600/34438
features of frame 19700/34438
features of frame 19800/34438
features of frame 19900/34438
features of frame 20000/34438
features of frame 20100/34438
features of frame 20200/34438
features of frame 20300/34438
features of frame 20400/34438
features of frame 20500/34438
features of frame 20600/34438
features of frame 20700/34438
features of frame 20800/34438
features of frame 20900/34438
features of frame 21000/34438
features of frame 21100/34438
features of frame 21200/34438
features of frame 21300/34438
features of frame 21400/34438
features of frame 21500/34438
features of frame 21600/34438
features of frame 21700/34438
features of frame 21800/34438
features of frame 21900/34438
features of frame 22000/34438
features of frame 22100/34438
features of frame 22200/34438
features of frame 22300/34438
features of frame 22400/34438
features of frame 22500/34438
features of frame 22600/34438
features of frame 22700/34438
features of frame 22800/34438
features of frame 22900/34438
features of frame 23000/34438
features of frame 23100/34438
features of frame 23200/34438
features of frame 23300/34438
features of frame 23400/34438
features of frame 23500/34438
features of frame 23600/34438
{Error using gpuArray/max
Out of memory on device. To view more detail about available memory on the GPU,
use 'gpuDevice()'. If the problem persists, reset the GPU by calling
'gpuDevice(8)'.

Error in vl_nnrelu (line 38)
    y = max(x, 0) ;

Error in dagnn.ReLU/forwardAdvanced (line 29)
      net.vars(out).value = vl_nnrelu(net.vars(in).value, [], ...

Error in dagnn.DagNN/eval (line 91)
  obj.layers(l).block.forwardAdvanced(obj.layers(l)) ;
} 
>> >> 